============================= test session starts ==============================
platform linux -- Python 3.13.7, pytest-9.0.2, pluggy-1.6.0 -- /usr/bin/python3
cachedir: .pytest_cache
hypothesis profile 'default'
rootdir: /home/h8t3dj4y/bsopt
configfile: pyproject.toml
testpaths: tests
plugins: xdist-3.8.0, cov-7.0.0, hypothesis-6.151.9, asyncio-1.3.0, anyio-4.12.1, typeguard-4.4.2
asyncio: mode=Mode.AUTO, debug=False, asyncio_default_fixture_loop_scope=None, asyncio_default_test_loop_scope=function
collecting ... collected 1435 items / 29 errors

==================================== ERRORS ====================================
____________ ERROR collecting tests/api/routes/test_auth_routes.py _____________
../.local/lib/python3.13/site-packages/_pytest/python.py:507: in importtestmodule
    mod = import_path(
../.local/lib/python3.13/site-packages/_pytest/pathlib.py:587: in import_path
    importlib.import_module(module_name)
/usr/lib/python3.13/importlib/__init__.py:88: in import_module
    return _bootstrap._gcd_import(name[level:], package, level)
           ^^^^^^^^^^^^^^^^^^^^^^^^^^^^^^^^^^^^^^^^^^^^^^^^^^^^
<frozen importlib._bootstrap>:1387: in _gcd_import
    ???
<frozen importlib._bootstrap>:1360: in _find_and_load
    ???
<frozen importlib._bootstrap>:1331: in _find_and_load_unlocked
    ???
<frozen importlib._bootstrap>:935: in _load_unlocked
    ???
../.local/lib/python3.13/site-packages/_pytest/assertion/rewrite.py:197: in exec_module
    exec(co, module.__dict__)
tests/api/routes/test_auth_routes.py:8: in <module>
    from src.api.main import app
E     File "/home/h8t3dj4y/bsopt/src/api/main.py", line 130
E       --
E         ^
E   SyntaxError: invalid syntax
______________ ERROR collecting tests/api/test_diagnostics_api.py ______________
../.local/lib/python3.13/site-packages/_pytest/python.py:507: in importtestmodule
    mod = import_path(
../.local/lib/python3.13/site-packages/_pytest/pathlib.py:587: in import_path
    importlib.import_module(module_name)
/usr/lib/python3.13/importlib/__init__.py:88: in import_module
    return _bootstrap._gcd_import(name[level:], package, level)
           ^^^^^^^^^^^^^^^^^^^^^^^^^^^^^^^^^^^^^^^^^^^^^^^^^^^^
<frozen importlib._bootstrap>:1387: in _gcd_import
    ???
<frozen importlib._bootstrap>:1360: in _find_and_load
    ???
<frozen importlib._bootstrap>:1331: in _find_and_load_unlocked
    ???
<frozen importlib._bootstrap>:935: in _load_unlocked
    ???
../.local/lib/python3.13/site-packages/_pytest/assertion/rewrite.py:197: in exec_module
    exec(co, module.__dict__)
tests/api/test_diagnostics_api.py:9: in <module>
    from src.api.main import app
E     File "/home/h8t3dj4y/bsopt/src/api/main.py", line 130
E       --
E         ^
E   SyntaxError: invalid syntax
____________ ERROR collecting tests/api/test_graphql_federation.py _____________
../.local/lib/python3.13/site-packages/_pytest/python.py:507: in importtestmodule
    mod = import_path(
../.local/lib/python3.13/site-packages/_pytest/pathlib.py:587: in import_path
    importlib.import_module(module_name)
/usr/lib/python3.13/importlib/__init__.py:88: in import_module
    return _bootstrap._gcd_import(name[level:], package, level)
           ^^^^^^^^^^^^^^^^^^^^^^^^^^^^^^^^^^^^^^^^^^^^^^^^^^^^
<frozen importlib._bootstrap>:1387: in _gcd_import
    ???
<frozen importlib._bootstrap>:1360: in _find_and_load
    ???
<frozen importlib._bootstrap>:1331: in _find_and_load_unlocked
    ???
<frozen importlib._bootstrap>:935: in _load_unlocked
    ???
../.local/lib/python3.13/site-packages/_pytest/assertion/rewrite.py:197: in exec_module
    exec(co, module.__dict__)
tests/api/test_graphql_federation.py:13: in <module>
    from src.api.main import (
E     File "/home/h8t3dj4y/bsopt/src/api/main.py", line 130
E       --
E         ^
E   SyntaxError: invalid syntax
------------------------------- Captured stdout --------------------------------
DEBUG: Strawberry Federation: <module 'strawberry.federation' from '/home/h8t3dj4y/.local/lib/python3.13/site-packages/strawberry/federation/__init__.py'>
________________ ERROR collecting tests/api/test_main_routes.py ________________
../.local/lib/python3.13/site-packages/_pytest/python.py:507: in importtestmodule
    mod = import_path(
../.local/lib/python3.13/site-packages/_pytest/pathlib.py:587: in import_path
    importlib.import_module(module_name)
/usr/lib/python3.13/importlib/__init__.py:88: in import_module
    return _bootstrap._gcd_import(name[level:], package, level)
           ^^^^^^^^^^^^^^^^^^^^^^^^^^^^^^^^^^^^^^^^^^^^^^^^^^^^
<frozen importlib._bootstrap>:1387: in _gcd_import
    ???
<frozen importlib._bootstrap>:1360: in _find_and_load
    ???
<frozen importlib._bootstrap>:1331: in _find_and_load_unlocked
    ???
<frozen importlib._bootstrap>:935: in _load_unlocked
    ???
../.local/lib/python3.13/site-packages/_pytest/assertion/rewrite.py:197: in exec_module
    exec(co, module.__dict__)
tests/api/test_main_routes.py:7: in <module>
    from src.api.main import app
E     File "/home/h8t3dj4y/bsopt/src/api/main.py", line 130
E       --
E         ^
E   SyntaxError: invalid syntax
_________________ ERROR collecting tests/auth/test_api_auth.py _________________
../.local/lib/python3.13/site-packages/_pytest/python.py:507: in importtestmodule
    mod = import_path(
../.local/lib/python3.13/site-packages/_pytest/pathlib.py:587: in import_path
    importlib.import_module(module_name)
/usr/lib/python3.13/importlib/__init__.py:88: in import_module
    return _bootstrap._gcd_import(name[level:], package, level)
           ^^^^^^^^^^^^^^^^^^^^^^^^^^^^^^^^^^^^^^^^^^^^^^^^^^^^
<frozen importlib._bootstrap>:1387: in _gcd_import
    ???
<frozen importlib._bootstrap>:1360: in _find_and_load
    ???
<frozen importlib._bootstrap>:1331: in _find_and_load_unlocked
    ???
<frozen importlib._bootstrap>:935: in _load_unlocked
    ???
../.local/lib/python3.13/site-packages/_pytest/assertion/rewrite.py:197: in exec_module
    exec(co, module.__dict__)
tests/auth/test_api_auth.py:5: in <module>
    from src.api.main import app
E     File "/home/h8t3dj4y/bsopt/src/api/main.py", line 130
E       --
E         ^
E   SyntaxError: invalid syntax
______________________ ERROR collecting tests/functional _______________________
/usr/lib/python3.13/importlib/__init__.py:88: in import_module
    return _bootstrap._gcd_import(name[level:], package, level)
           ^^^^^^^^^^^^^^^^^^^^^^^^^^^^^^^^^^^^^^^^^^^^^^^^^^^^
        level      = 0
        name       = 'conftest'
        package    = None
<frozen importlib._bootstrap>:1387: in _gcd_import
    ???
        level      = 0
        name       = 'conftest'
        package    = None
<frozen importlib._bootstrap>:1360: in _find_and_load
    ???
        import_    = <function _gcd_import at 0x70381dbd04a0>
        module     = <object object at 0x70381db80050>
        name       = 'conftest'
<frozen importlib._bootstrap>:1331: in _find_and_load_unlocked
    ???
        import_    = <function _gcd_import at 0x70381dbd04a0>
        name       = 'conftest'
        parent     = ''
        parent_spec = None
        path       = None
        spec       = ModuleSpec(name='conftest', loader=<_pytest.assertion.rewrite.AssertionRewritingHook object at 0x70381d0db230>, origin='/home/h8t3dj4y/bsopt/tests/functional/conftest.py')
<frozen importlib._bootstrap>:935: in _load_unlocked
    ???
        module     = <module 'conftest' from '/home/h8t3dj4y/bsopt/tests/functional/conftest.py'>
        spec       = ModuleSpec(name='conftest', loader=<_pytest.assertion.rewrite.AssertionRewritingHook object at 0x70381d0db230>, origin='/home/h8t3dj4y/bsopt/tests/functional/conftest.py')
../.local/lib/python3.13/site-packages/_pytest/assertion/rewrite.py:197: in exec_module
    exec(co, module.__dict__)
        cache_dir  = PosixPath('/home/h8t3dj4y/bsopt/tests/functional/__pycache__')
        cache_name = 'conftest.cpython-313-pytest-9.0.2.pyc'
        co         = <code object <module> at 0x7036a3847230, file "/home/h8t3dj4y/bsopt/tests/functional/conftest.py", line 1>
        fn         = PosixPath('/home/h8t3dj4y/bsopt/tests/functional/conftest.py')
        module     = <module 'conftest' from '/home/h8t3dj4y/bsopt/tests/functional/conftest.py'>
        ok         = True
        pyc        = PosixPath('/home/h8t3dj4y/bsopt/tests/functional/__pycache__/conftest.cpython-313-pytest-9.0.2.pyc')
        self       = <_pytest.assertion.rewrite.AssertionRewritingHook object at 0x70381d0db230>
        state      = <_pytest.assertion.AssertionState object at 0x70381d0db620>
        write      = True
tests/functional/conftest.py:16: in <module>
    from src.api.main import app
E     File "/home/h8t3dj4y/bsopt/src/api/main.py", line 130
E       --
E         ^
E   SyntaxError: invalid syntax
        ASGITransport = <class 'httpx.ASGITransport'>
        AsyncClient = <class 'httpx.AsyncClient'>
        AsyncMock  = <class 'unittest.mock.AsyncMock'>
        Faker      = <MagicMock name='faker.Faker' id='123385863618048'>
        MagicMock  = <class 'unittest.mock.MagicMock'>
        Session    = <class 'sqlalchemy.orm.session.Session'>
        UTC        = datetime.timezone.utc
        __builtins__ = <builtins>
        __cached__ = '/home/h8t3dj4y/bsopt/tests/functional/__pycache__/conftest.cpython-313.pyc'
        __doc__    = '\nFixtures for Functional Tests (Principles 27, 53, 93, 94)\n======================================================\n'
        __file__   = '/home/h8t3dj4y/bsopt/tests/functional/conftest.py'
        __loader__ = <_pytest.assertion.rewrite.AssertionRewritingHook object at 0x70381d0db230>
        __name__   = 'conftest'
        __package__ = ''
        __spec__   = ModuleSpec(name='conftest', loader=<_pytest.assertion.rewrite.AssertionRewritingHook object at 0x70381d0db230>, origin='/home/h8t3dj4y/bsopt/tests/functional/conftest.py')
        datetime   = <class 'datetime.datetime'>
        patch      = <function patch at 0x70381c176fc0>
        pytest     = <module 'pytest' from '/home/h8t3dj4y/.local/lib/python3.13/site-packages/pytest/__init__.py'>
        pytest_asyncio = <module 'pytest_asyncio' from '/home/h8t3dj4y/.local/lib/python3.13/site-packages/pytest_asyncio/__init__.py'>
        uuid       = <module 'uuid' from '/usr/lib/python3.13/uuid.py'>
____________ ERROR collecting tests/performance/test_api_latency.py ____________
../.local/lib/python3.13/site-packages/_pytest/python.py:507: in importtestmodule
    mod = import_path(
../.local/lib/python3.13/site-packages/_pytest/pathlib.py:587: in import_path
    importlib.import_module(module_name)
/usr/lib/python3.13/importlib/__init__.py:88: in import_module
    return _bootstrap._gcd_import(name[level:], package, level)
           ^^^^^^^^^^^^^^^^^^^^^^^^^^^^^^^^^^^^^^^^^^^^^^^^^^^^
<frozen importlib._bootstrap>:1387: in _gcd_import
    ???
<frozen importlib._bootstrap>:1360: in _find_and_load
    ???
<frozen importlib._bootstrap>:1331: in _find_and_load_unlocked
    ???
<frozen importlib._bootstrap>:935: in _load_unlocked
    ???
../.local/lib/python3.13/site-packages/_pytest/assertion/rewrite.py:197: in exec_module
    exec(co, module.__dict__)
tests/performance/test_api_latency.py:6: in <module>
    from src.api.main import app
E     File "/home/h8t3dj4y/bsopt/src/api/main.py", line 130
E       --
E         ^
E   SyntaxError: invalid syntax
______________ ERROR collecting tests/pricing/test_monte_carlo.py ______________
ImportError while importing test module '/home/h8t3dj4y/bsopt/tests/pricing/test_monte_carlo.py'.
Hint: make sure your test modules/packages have valid Python names.
Traceback:
/usr/lib/python3.13/importlib/__init__.py:88: in import_module
    return _bootstrap._gcd_import(name[level:], package, level)
           ^^^^^^^^^^^^^^^^^^^^^^^^^^^^^^^^^^^^^^^^^^^^^^^^^^^^
tests/pricing/test_monte_carlo.py:5: in <module>
    from src.pricing.monte_carlo import MCConfig, MonteCarloEngine, geometric_asian_price
src/pricing/monte_carlo.py:9: in <module>
    from src.pricing.quant_utils import (
E   ImportError: cannot import name 'gpu_mc_european_price' from 'src.pricing.quant_utils' (/home/h8t3dj4y/bsopt/src/pricing/quant_utils.py)
_________ ERROR collecting tests/streaming/test_schema_registration.py _________
ImportError while importing test module '/home/h8t3dj4y/bsopt/tests/streaming/test_schema_registration.py'.
Hint: make sure your test modules/packages have valid Python names.
Traceback:
/usr/lib/python3.13/importlib/__init__.py:88: in import_module
    return _bootstrap._gcd_import(name[level:], package, level)
           ^^^^^^^^^^^^^^^^^^^^^^^^^^^^^^^^^^^^^^^^^^^^^^^^^^^^
tests/streaming/test_schema_registration.py:10: in <module>
    from register_market_data_schema import register_schema
E   ModuleNotFoundError: No module named 'register_market_data_schema'
______________________ ERROR collecting tests/test_api.py ______________________
../.local/lib/python3.13/site-packages/_pytest/python.py:507: in importtestmodule
    mod = import_path(
../.local/lib/python3.13/site-packages/_pytest/pathlib.py:587: in import_path
    importlib.import_module(module_name)
/usr/lib/python3.13/importlib/__init__.py:88: in import_module
    return _bootstrap._gcd_import(name[level:], package, level)
           ^^^^^^^^^^^^^^^^^^^^^^^^^^^^^^^^^^^^^^^^^^^^^^^^^^^^
<frozen importlib._bootstrap>:1387: in _gcd_import
    ???
<frozen importlib._bootstrap>:1360: in _find_and_load
    ???
<frozen importlib._bootstrap>:1331: in _find_and_load_unlocked
    ???
<frozen importlib._bootstrap>:935: in _load_unlocked
    ???
../.local/lib/python3.13/site-packages/_pytest/assertion/rewrite.py:197: in exec_module
    exec(co, module.__dict__)
tests/test_api.py:3: in <module>
    from src.api.main import app
E     File "/home/h8t3dj4y/bsopt/src/api/main.py", line 130
E       --
E         ^
E   SyntaxError: invalid syntax
_________________ ERROR collecting tests/test_api_key_auth.py __________________
../.local/lib/python3.13/site-packages/_pytest/python.py:507: in importtestmodule
    mod = import_path(
../.local/lib/python3.13/site-packages/_pytest/pathlib.py:587: in import_path
    importlib.import_module(module_name)
/usr/lib/python3.13/importlib/__init__.py:88: in import_module
    return _bootstrap._gcd_import(name[level:], package, level)
           ^^^^^^^^^^^^^^^^^^^^^^^^^^^^^^^^^^^^^^^^^^^^^^^^^^^^
<frozen importlib._bootstrap>:1387: in _gcd_import
    ???
<frozen importlib._bootstrap>:1360: in _find_and_load
    ???
<frozen importlib._bootstrap>:1331: in _find_and_load_unlocked
    ???
<frozen importlib._bootstrap>:935: in _load_unlocked
    ???
../.local/lib/python3.13/site-packages/_pytest/assertion/rewrite.py:197: in exec_module
    exec(co, module.__dict__)
tests/test_api_key_auth.py:5: in <module>
    from src.api.main import app
E     File "/home/h8t3dj4y/bsopt/src/api/main.py", line 130
E       --
E         ^
E   SyntaxError: invalid syntax
_______________ ERROR collecting tests/test_factory_coverage.py ________________
ImportError while importing test module '/home/h8t3dj4y/bsopt/tests/test_factory_coverage.py'.
Hint: make sure your test modules/packages have valid Python names.
Traceback:
/usr/lib/python3.13/importlib/__init__.py:88: in import_module
    return _bootstrap._gcd_import(name[level:], package, level)
           ^^^^^^^^^^^^^^^^^^^^^^^^^^^^^^^^^^^^^^^^^^^^^^^^^^^^
tests/test_factory_coverage.py:7: in <module>
    from src.pricing.monte_carlo import MonteCarloEngine
src/pricing/monte_carlo.py:9: in <module>
    from src.pricing.quant_utils import (
E   ImportError: cannot import name 'gpu_mc_european_price' from 'src.pricing.quant_utils' (/home/h8t3dj4y/bsopt/src/pricing/quant_utils.py)
__________________ ERROR collecting tests/test_monte_carlo.py __________________
ImportError while importing test module '/home/h8t3dj4y/bsopt/tests/test_monte_carlo.py'.
Hint: make sure your test modules/packages have valid Python names.
Traceback:
/usr/lib/python3.13/importlib/__init__.py:88: in import_module
    return _bootstrap._gcd_import(name[level:], package, level)
           ^^^^^^^^^^^^^^^^^^^^^^^^^^^^^^^^^^^^^^^^^^^^^^^^^^^^
tests/test_monte_carlo.py:16: in <module>
    from src.pricing.monte_carlo import MCConfig, MonteCarloEngine, _laguerre_basis
src/pricing/monte_carlo.py:9: in <module>
    from src.pricing.quant_utils import (
E   ImportError: cannot import name 'gpu_mc_european_price' from 'src.pricing.quant_utils' (/home/h8t3dj4y/bsopt/src/pricing/quant_utils.py)
_____________ ERROR collecting tests/test_monte_carlo_coverage.py ______________
ImportError while importing test module '/home/h8t3dj4y/bsopt/tests/test_monte_carlo_coverage.py'.
Hint: make sure your test modules/packages have valid Python names.
Traceback:
/usr/lib/python3.13/importlib/__init__.py:88: in import_module
    return _bootstrap._gcd_import(name[level:], package, level)
           ^^^^^^^^^^^^^^^^^^^^^^^^^^^^^^^^^^^^^^^^^^^^^^^^^^^^
tests/test_monte_carlo_coverage.py:5: in <module>
    from src.pricing.monte_carlo import (
src/pricing/monte_carlo.py:9: in <module>
    from src.pricing.quant_utils import (
E   ImportError: cannot import name 'gpu_mc_european_price' from 'src.pricing.quant_utils' (/home/h8t3dj4y/bsopt/src/pricing/quant_utils.py)
______________ ERROR collecting tests/test_monte_carlo_engine.py _______________
ImportError while importing test module '/home/h8t3dj4y/bsopt/tests/test_monte_carlo_engine.py'.
Hint: make sure your test modules/packages have valid Python names.
Traceback:
/usr/lib/python3.13/importlib/__init__.py:88: in import_module
    return _bootstrap._gcd_import(name[level:], package, level)
           ^^^^^^^^^^^^^^^^^^^^^^^^^^^^^^^^^^^^^^^^^^^^^^^^^^^^
tests/test_monte_carlo_engine.py:2: in <module>
    from src.pricing.monte_carlo import MCConfig, MonteCarloEngine, geometric_asian_price
src/pricing/monte_carlo.py:9: in <module>
    from src.pricing.quant_utils import (
E   ImportError: cannot import name 'gpu_mc_european_price' from 'src.pricing.quant_utils' (/home/h8t3dj4y/bsopt/src/pricing/quant_utils.py)
______________ ERROR collecting tests/test_verify_kafka_health.py ______________
ImportError while importing test module '/home/h8t3dj4y/bsopt/tests/test_verify_kafka_health.py'.
Hint: make sure your test modules/packages have valid Python names.
Traceback:
/usr/lib/python3.13/importlib/__init__.py:88: in import_module
    return _bootstrap._gcd_import(name[level:], package, level)
           ^^^^^^^^^^^^^^^^^^^^^^^^^^^^^^^^^^^^^^^^^^^^^^^^^^^^
tests/test_verify_kafka_health.py:8: in <module>
    from verify_kafka_health import check_kafka_brokers, check_ksqldb, check_schema_registry
E   ModuleNotFoundError: No module named 'verify_kafka_health'
__________ ERROR collecting tests/unit/api/routes/test_debug_unit.py ___________
../.local/lib/python3.13/site-packages/_pytest/python.py:507: in importtestmodule
    mod = import_path(
../.local/lib/python3.13/site-packages/_pytest/pathlib.py:587: in import_path
    importlib.import_module(module_name)
/usr/lib/python3.13/importlib/__init__.py:88: in import_module
    return _bootstrap._gcd_import(name[level:], package, level)
           ^^^^^^^^^^^^^^^^^^^^^^^^^^^^^^^^^^^^^^^^^^^^^^^^^^^^
<frozen importlib._bootstrap>:1387: in _gcd_import
    ???
<frozen importlib._bootstrap>:1360: in _find_and_load
    ???
<frozen importlib._bootstrap>:1331: in _find_and_load_unlocked
    ???
<frozen importlib._bootstrap>:935: in _load_unlocked
    ???
../.local/lib/python3.13/site-packages/_pytest/assertion/rewrite.py:197: in exec_module
    exec(co, module.__dict__)
tests/unit/api/routes/test_debug_unit.py:6: in <module>
    from src.api.main import app
E     File "/home/h8t3dj4y/bsopt/src/api/main.py", line 130
E       --
E         ^
E   SyntaxError: invalid syntax
_______________ ERROR collecting tests/unit/api/test_auth_api.py _______________
../.local/lib/python3.13/site-packages/_pytest/python.py:507: in importtestmodule
    mod = import_path(
../.local/lib/python3.13/site-packages/_pytest/pathlib.py:587: in import_path
    importlib.import_module(module_name)
/usr/lib/python3.13/importlib/__init__.py:88: in import_module
    return _bootstrap._gcd_import(name[level:], package, level)
           ^^^^^^^^^^^^^^^^^^^^^^^^^^^^^^^^^^^^^^^^^^^^^^^^^^^^
<frozen importlib._bootstrap>:1387: in _gcd_import
    ???
<frozen importlib._bootstrap>:1360: in _find_and_load
    ???
<frozen importlib._bootstrap>:1331: in _find_and_load_unlocked
    ???
<frozen importlib._bootstrap>:935: in _load_unlocked
    ???
../.local/lib/python3.13/site-packages/_pytest/assertion/rewrite.py:197: in exec_module
    exec(co, module.__dict__)
tests/unit/api/test_auth_api.py:9: in <module>
    from src.api.main import app
E     File "/home/h8t3dj4y/bsopt/src/api/main.py", line 130
E       --
E         ^
E   SyntaxError: invalid syntax
________________ ERROR collecting tests/unit/api/test_ml_api.py ________________
../.local/lib/python3.13/site-packages/_pytest/python.py:507: in importtestmodule
    mod = import_path(
../.local/lib/python3.13/site-packages/_pytest/pathlib.py:587: in import_path
    importlib.import_module(module_name)
/usr/lib/python3.13/importlib/__init__.py:88: in import_module
    return _bootstrap._gcd_import(name[level:], package, level)
           ^^^^^^^^^^^^^^^^^^^^^^^^^^^^^^^^^^^^^^^^^^^^^^^^^^^^
<frozen importlib._bootstrap>:1387: in _gcd_import
    ???
<frozen importlib._bootstrap>:1360: in _find_and_load
    ???
<frozen importlib._bootstrap>:1331: in _find_and_load_unlocked
    ???
<frozen importlib._bootstrap>:935: in _load_unlocked
    ???
../.local/lib/python3.13/site-packages/_pytest/assertion/rewrite.py:197: in exec_module
    exec(co, module.__dict__)
tests/unit/api/test_ml_api.py:7: in <module>
    from src.api.main import app
E     File "/home/h8t3dj4y/bsopt/src/api/main.py", line 130
E       --
E         ^
E   SyntaxError: invalid syntax
_____________ ERROR collecting tests/unit/api/test_pricing_api.py ______________
../.local/lib/python3.13/site-packages/_pytest/python.py:507: in importtestmodule
    mod = import_path(
../.local/lib/python3.13/site-packages/_pytest/pathlib.py:587: in import_path
    importlib.import_module(module_name)
/usr/lib/python3.13/importlib/__init__.py:88: in import_module
    return _bootstrap._gcd_import(name[level:], package, level)
           ^^^^^^^^^^^^^^^^^^^^^^^^^^^^^^^^^^^^^^^^^^^^^^^^^^^^
<frozen importlib._bootstrap>:1387: in _gcd_import
    ???
<frozen importlib._bootstrap>:1360: in _find_and_load
    ???
<frozen importlib._bootstrap>:1331: in _find_and_load_unlocked
    ???
<frozen importlib._bootstrap>:935: in _load_unlocked
    ???
../.local/lib/python3.13/site-packages/_pytest/assertion/rewrite.py:197: in exec_module
    exec(co, module.__dict__)
tests/unit/api/test_pricing_api.py:8: in <module>
    from src.api.main import app
E     File "/home/h8t3dj4y/bsopt/src/api/main.py", line 130
E       --
E         ^
E   SyntaxError: invalid syntax
______________ ERROR collecting tests/unit/api/test_users_api.py _______________
../.local/lib/python3.13/site-packages/_pytest/python.py:507: in importtestmodule
    mod = import_path(
../.local/lib/python3.13/site-packages/_pytest/pathlib.py:587: in import_path
    importlib.import_module(module_name)
/usr/lib/python3.13/importlib/__init__.py:88: in import_module
    return _bootstrap._gcd_import(name[level:], package, level)
           ^^^^^^^^^^^^^^^^^^^^^^^^^^^^^^^^^^^^^^^^^^^^^^^^^^^^
<frozen importlib._bootstrap>:1387: in _gcd_import
    ???
<frozen importlib._bootstrap>:1360: in _find_and_load
    ???
<frozen importlib._bootstrap>:1331: in _find_and_load_unlocked
    ???
<frozen importlib._bootstrap>:935: in _load_unlocked
    ???
../.local/lib/python3.13/site-packages/_pytest/assertion/rewrite.py:197: in exec_module
    exec(co, module.__dict__)
tests/unit/api/test_users_api.py:9: in <module>
    from src.api.main import app
E     File "/home/h8t3dj4y/bsopt/src/api/main.py", line 130
E       --
E         ^
E   SyntaxError: invalid syntax
_____________ ERROR collecting tests/unit/pricing/test_factory.py ______________
ImportError while importing test module '/home/h8t3dj4y/bsopt/tests/unit/pricing/test_factory.py'.
Hint: make sure your test modules/packages have valid Python names.
Traceback:
/usr/lib/python3.13/importlib/__init__.py:88: in import_module
    return _bootstrap._gcd_import(name[level:], package, level)
           ^^^^^^^^^^^^^^^^^^^^^^^^^^^^^^^^^^^^^^^^^^^^^^^^^^^^
tests/unit/pricing/test_factory.py:7: in <module>
    from src.pricing.monte_carlo import MonteCarloEngine
src/pricing/monte_carlo.py:9: in <module>
    from src.pricing.quant_utils import (
E   ImportError: cannot import name 'gpu_mc_european_price' from 'src.pricing.quant_utils' (/home/h8t3dj4y/bsopt/src/pricing/quant_utils.py)
___________ ERROR collecting tests/unit/pricing/test_monte_carlo.py ____________
ImportError while importing test module '/home/h8t3dj4y/bsopt/tests/unit/pricing/test_monte_carlo.py'.
Hint: make sure your test modules/packages have valid Python names.
Traceback:
/usr/lib/python3.13/importlib/__init__.py:88: in import_module
    return _bootstrap._gcd_import(name[level:], package, level)
           ^^^^^^^^^^^^^^^^^^^^^^^^^^^^^^^^^^^^^^^^^^^^^^^^^^^^
tests/unit/pricing/test_monte_carlo.py:6: in <module>
    from src.pricing.monte_carlo import MCConfig, MonteCarloEngine, geometric_asian_price
src/pricing/monte_carlo.py:9: in <module>
    from src.pricing.quant_utils import (
E   ImportError: cannot import name 'gpu_mc_european_price' from 'src.pricing.quant_utils' (/home/h8t3dj4y/bsopt/src/pricing/quant_utils.py)
___________ ERROR collecting tests/unit/pricing/test_quant_utils.py ____________
ImportError while importing test module '/home/h8t3dj4y/bsopt/tests/unit/pricing/test_quant_utils.py'.
Hint: make sure your test modules/packages have valid Python names.
Traceback:
/usr/lib/python3.13/importlib/__init__.py:88: in import_module
    return _bootstrap._gcd_import(name[level:], package, level)
           ^^^^^^^^^^^^^^^^^^^^^^^^^^^^^^^^^^^^^^^^^^^^^^^^^^^^
tests/unit/pricing/test_quant_utils.py:4: in <module>
    from src.pricing.quant_utils import (
E   ImportError: cannot import name 'scalar_bs_price_jit' from 'src.pricing.quant_utils' (/home/h8t3dj4y/bsopt/src/pricing/quant_utils.py)
___________ ERROR collecting tests/unit/tasks/test_trading_tasks.py ____________
ImportError while importing test module '/home/h8t3dj4y/bsopt/tests/unit/tasks/test_trading_tasks.py'.
Hint: make sure your test modules/packages have valid Python names.
Traceback:
/usr/lib/python3.13/importlib/__init__.py:88: in import_module
    return _bootstrap._gcd_import(name[level:], package, level)
           ^^^^^^^^^^^^^^^^^^^^^^^^^^^^^^^^^^^^^^^^^^^^^^^^^^^^
tests/unit/tasks/test_trading_tasks.py:3: in <module>
    from src.tasks.trading_tasks import (
E   ImportError: cannot import name 'check_risk_limits' from 'src.tasks.trading_tasks' (/home/h8t3dj4y/bsopt/src/tasks/trading_tasks.py)
__________ ERROR collecting tests/unit/tasks/test_trading_tasks_v3.py __________
ImportError while importing test module '/home/h8t3dj4y/bsopt/tests/unit/tasks/test_trading_tasks_v3.py'.
Hint: make sure your test modules/packages have valid Python names.
Traceback:
/usr/lib/python3.13/importlib/__init__.py:88: in import_module
    return _bootstrap._gcd_import(name[level:], package, level)
           ^^^^^^^^^^^^^^^^^^^^^^^^^^^^^^^^^^^^^^^^^^^^^^^^^^^^
tests/unit/tasks/test_trading_tasks_v3.py:3: in <module>
    from src.tasks.trading_tasks import (
E   ImportError: cannot import name 'check_risk_limits' from 'src.tasks.trading_tasks' (/home/h8t3dj4y/bsopt/src/tasks/trading_tasks.py)
______________ ERROR collecting tests/unit/test_api_exceptions.py ______________
../.local/lib/python3.13/site-packages/_pytest/python.py:507: in importtestmodule
    mod = import_path(
../.local/lib/python3.13/site-packages/_pytest/pathlib.py:587: in import_path
    importlib.import_module(module_name)
/usr/lib/python3.13/importlib/__init__.py:88: in import_module
    return _bootstrap._gcd_import(name[level:], package, level)
           ^^^^^^^^^^^^^^^^^^^^^^^^^^^^^^^^^^^^^^^^^^^^^^^^^^^^
<frozen importlib._bootstrap>:1387: in _gcd_import
    ???
<frozen importlib._bootstrap>:1360: in _find_and_load
    ???
<frozen importlib._bootstrap>:1331: in _find_and_load_unlocked
    ???
<frozen importlib._bootstrap>:935: in _load_unlocked
    ???
../.local/lib/python3.13/site-packages/_pytest/assertion/rewrite.py:197: in exec_module
    exec(co, module.__dict__)
tests/unit/test_api_exceptions.py:14: in <module>
    from src.api.main import api_exception_handler
E     File "/home/h8t3dj4y/bsopt/src/api/main.py", line 130
E       --
E         ^
E   SyntaxError: invalid syntax
___________ ERROR collecting tests/unit/test_monte_carlo_improved.py ___________
ImportError while importing test module '/home/h8t3dj4y/bsopt/tests/unit/test_monte_carlo_improved.py'.
Hint: make sure your test modules/packages have valid Python names.
Traceback:
/usr/lib/python3.13/importlib/__init__.py:88: in import_module
    return _bootstrap._gcd_import(name[level:], package, level)
           ^^^^^^^^^^^^^^^^^^^^^^^^^^^^^^^^^^^^^^^^^^^^^^^^^^^^
tests/unit/test_monte_carlo_improved.py:3: in <module>
    from src.pricing.monte_carlo import BSParameters, MCConfig, MonteCarloEngine
src/pricing/monte_carlo.py:9: in <module>
    from src.pricing.quant_utils import (
E   ImportError: cannot import name 'gpu_mc_european_price' from 'src.pricing.quant_utils' (/home/h8t3dj4y/bsopt/src/pricing/quant_utils.py)
___________ ERROR collecting tests/unit/test_quant_utils_improved.py ___________
ImportError while importing test module '/home/h8t3dj4y/bsopt/tests/unit/test_quant_utils_improved.py'.
Hint: make sure your test modules/packages have valid Python names.
Traceback:
/usr/lib/python3.13/importlib/__init__.py:88: in import_module
    return _bootstrap._gcd_import(name[level:], package, level)
           ^^^^^^^^^^^^^^^^^^^^^^^^^^^^^^^^^^^^^^^^^^^^^^^^^^^^
tests/unit/test_quant_utils_improved.py:5: in <module>
    from src.pricing.quant_utils import (
E   ImportError: cannot import name 'scalar_bs_price_jit' from 'src.pricing.quant_utils' (/home/h8t3dj4y/bsopt/src/pricing/quant_utils.py)
=========================== short test summary info ============================
ERROR tests/api/routes/test_auth_routes.py
ERROR tests/api/test_diagnostics_api.py
ERROR tests/api/test_graphql_federation.py
ERROR tests/api/test_main_routes.py
ERROR tests/auth/test_api_auth.py
ERROR tests/functional -   File "/home/h8t3dj4y/bsopt/src/api/main.py", line 130
ERROR tests/performance/test_api_latency.py
ERROR tests/pricing/test_monte_carlo.py
ERROR tests/streaming/test_schema_registration.py
ERROR tests/test_api.py
ERROR tests/test_api_key_auth.py
ERROR tests/test_factory_coverage.py
ERROR tests/test_monte_carlo.py
ERROR tests/test_monte_carlo_coverage.py
ERROR tests/test_monte_carlo_engine.py
ERROR tests/test_verify_kafka_health.py
ERROR tests/unit/api/routes/test_debug_unit.py
ERROR tests/unit/api/test_auth_api.py
ERROR tests/unit/api/test_ml_api.py
ERROR tests/unit/api/test_pricing_api.py
ERROR tests/unit/api/test_users_api.py
ERROR tests/unit/pricing/test_factory.py
ERROR tests/unit/pricing/test_monte_carlo.py
ERROR tests/unit/pricing/test_quant_utils.py
ERROR tests/unit/tasks/test_trading_tasks.py
ERROR tests/unit/tasks/test_trading_tasks_v3.py
ERROR tests/unit/test_api_exceptions.py
ERROR tests/unit/test_monte_carlo_improved.py
ERROR tests/unit/test_quant_utils_improved.py
!!!!!!!!!!!!!!!!!!! Interrupted: 29 errors during collection !!!!!!!!!!!!!!!!!!!
======================== 29 errors in 60.18s (0:01:00) =========================
