============================= test session starts ==============================
platform linux -- Python 3.13.0, pytest-9.0.2, pluggy-1.6.0 -- /home/kamau/bsopt/.venv_rick_312/bin/python
cachedir: .pytest_cache
hypothesis profile 'default'
rootdir: /home/kamau/bsopt
configfile: pytest.ini (WARNING: ignoring pytest config in pyproject.toml!)
testpaths: tests
plugins: hypothesis-6.151.5, anyio-4.12.1, cov-7.0.0, asyncio-1.3.0, Faker-40.4.0, xdist-3.8.0
asyncio: mode=Mode.STRICT, debug=False, asyncio_default_fixture_loop_scope=None, asyncio_default_test_loop_scope=function
created: 4/4 workers
4 workers [1844 items]

scheduling tests via LoadScheduling

tests/aiops/test_autoencoder_detector.py::TestAutoencoderDetector::test_anomaly_detection 
tests/api/test_websocket_manager.py::test_broadcast_unknown_symbol 
tests/generated/test_aiops_isolation_forest_detector.py::test_initialization_aiops_isolation_forest_detector 
tests/generated/test_database_crud.py::test_import_database_crud 
[gw2] [  0%] PASSED tests/generated/test_aiops_isolation_forest_detector.py::test_initialization_aiops_isolation_forest_detector 
tests/generated/test_aiops_latency_remediator.py::test_import_aiops_latency_remediator 
[gw3] [  0%] PASSED tests/generated/test_database_crud.py::test_import_database_crud 
tests/generated/test_database_crud.py::test_initialization_database_crud 
[gw2] [  0%] PASSED tests/generated/test_aiops_latency_remediator.py::test_import_aiops_latency_remediator 
tests/generated/test_aiops_latency_remediator.py::test_initialization_aiops_latency_remediator 
[gw3] [  0%] PASSED tests/generated/test_database_crud.py::test_initialization_database_crud 
[gw2] [  0%] PASSED tests/generated/test_aiops_latency_remediator.py::test_initialization_aiops_latency_remediator 
tests/generated/test_database_models.py::test_import_database_models 
tests/generated/test_aiops_ml_pipeline_trigger.py::test_import_aiops_ml_pipeline_trigger 
[gw2] [  0%] PASSED tests/generated/test_aiops_ml_pipeline_trigger.py::test_import_aiops_ml_pipeline_trigger 
[gw3] [  0%] PASSED tests/generated/test_database_models.py::test_import_database_models 
tests/generated/test_aiops_ml_pipeline_trigger.py::test_initialization_aiops_ml_pipeline_trigger 
tests/generated/test_database_models.py::test_initialization_database_models 
[gw2] [  0%] PASSED tests/generated/test_aiops_ml_pipeline_trigger.py::test_initialization_aiops_ml_pipeline_trigger 
[gw3] [  0%] PASSED tests/generated/test_database_models.py::test_initialization_database_models 
tests/generated/test_aiops_prometheus_adapter.py::test_import_aiops_prometheus_adapter 
tests/generated/test_database_pipeliner.py::test_import_database_pipeliner 
[gw2] [  0%] PASSED tests/generated/test_aiops_prometheus_adapter.py::test_import_aiops_prometheus_adapter 
[gw1] [  0%] FAILED tests/api/test_websocket_manager.py::test_broadcast_unknown_symbol 
tests/generated/test_aiops_prometheus_adapter.py::test_initialization_aiops_prometheus_adapter 
[gw3] [  0%] PASSED tests/generated/test_database_pipeliner.py::test_import_database_pipeliner 
tests/generated/test_database_pipeliner.py::test_initialization_database_pipeliner 
[gw2] [  0%] PASSED tests/generated/test_aiops_prometheus_adapter.py::test_initialization_aiops_prometheus_adapter 
tests/api/test_websocket_manager.py::test_connection_manager_disconnect 
tests/generated/test_aiops_redis_remediator.py::test_import_aiops_redis_remediator 
[gw3] [  0%] PASSED tests/generated/test_database_pipeliner.py::test_initialization_database_pipeliner 
[gw2] [  0%] PASSED tests/generated/test_aiops_redis_remediator.py::test_import_aiops_redis_remediator 
tests/generated/test_aiops_redis_remediator.py::test_initialization_aiops_redis_remediator 
tests/generated/test_database_verify.py::test_import_database_verify 
[gw3] [  0%] PASSED tests/generated/test_database_verify.py::test_import_database_verify 
[gw2] [  0%] PASSED tests/generated/test_aiops_redis_remediator.py::test_initialization_aiops_redis_remediator 
[gw1] [  0%] PASSED tests/api/test_websocket_manager.py::test_connection_manager_disconnect 
tests/generated/test_database_verify.py::test_initialization_database_verify 
tests/api/test_websocket_manager.py::test_disconnect_multiple_clients 
[gw3] [  1%] PASSED tests/generated/test_database_verify.py::test_initialization_database_verify 
tests/generated/test_aiops_remediation_strategies.py::test_import_aiops_remediation_strategies 
tests/generated/test_frontend_node_modules_flatted_python_flatted.py::test_import_frontend_node_modules_flatted_python_flatted 
[gw2] [  1%] PASSED tests/generated/test_aiops_remediation_strategies.py::test_import_aiops_remediation_strategies 
tests/generated/test_aiops_remediation_strategies.py::test_initialization_aiops_remediation_strategies 
[gw2] [  1%] PASSED tests/generated/test_aiops_remediation_strategies.py::test_initialization_aiops_remediation_strategies 
[gw3] [  1%] PASSED tests/generated/test_frontend_node_modules_flatted_python_flatted.py::test_import_frontend_node_modules_flatted_python_flatted 
[gw1] [  1%] PASSED tests/api/test_websocket_manager.py::test_disconnect_multiple_clients 
tests/generated/test_aiops_remediators.py::test_import_aiops_remediators 
tests/generated/test_frontend_node_modules_flatted_python_flatted.py::test_initialization_frontend_node_modules_flatted_python_flatted 
tests/api/test_websocket_manager.py::test_broadcast_with_exception 
[gw3] [  1%] PASSED tests/generated/test_frontend_node_modules_flatted_python_flatted.py::test_initialization_frontend_node_modules_flatted_python_flatted 
[gw2] [  1%] PASSED tests/generated/test_aiops_remediators.py::test_import_aiops_remediators 
tests/generated/test_aiops_remediators.py::test_initialization_aiops_remediators 
tests/generated/test_ml_architectures_neural_network.py::test_import_ml_architectures_neural_network 
[gw2] [  1%] PASSED tests/generated/test_aiops_remediators.py::test_initialization_aiops_remediators 
tests/generated/test_aiops_self_healing_orchestrator.py::test_import_aiops_self_healing_orchestrator 
[gw3] [  1%] PASSED tests/generated/test_ml_architectures_neural_network.py::test_import_ml_architectures_neural_network 
tests/generated/test_ml_architectures_neural_network.py::test_initialization_ml_architectures_neural_network 
[gw2] [  1%] PASSED tests/generated/test_aiops_self_healing_orchestrator.py::test_import_aiops_self_healing_orchestrator 
tests/generated/test_aiops_self_healing_orchestrator.py::test_initialization_aiops_self_healing_orchestrator 
[gw3] [  1%] PASSED tests/generated/test_ml_architectures_neural_network.py::test_initialization_ml_architectures_neural_network 
[gw2] [  1%] PASSED tests/generated/test_aiops_self_healing_orchestrator.py::test_initialization_aiops_self_healing_orchestrator 
tests/generated/test_ml_autonomous_pipeline.py::test_import_ml_autonomous_pipeline 
tests/generated/test_aiops_timeseries_anomaly_detector.py::test_import_aiops_timeseries_anomaly_detector 
[gw3] [  1%] PASSED tests/generated/test_ml_autonomous_pipeline.py::test_import_ml_autonomous_pipeline 
tests/generated/test_ml_autonomous_pipeline.py::test_initialization_ml_autonomous_pipeline 
[gw2] [  1%] PASSED tests/generated/test_aiops_timeseries_anomaly_detector.py::test_import_aiops_timeseries_anomaly_detector 
tests/generated/test_aiops_timeseries_anomaly_detector.py::test_initialization_aiops_timeseries_anomaly_detector 
[gw3] [  1%] PASSED tests/generated/test_ml_autonomous_pipeline.py::test_initialization_ml_autonomous_pipeline 
tests/generated/test_ml_callbacks.py::test_import_ml_callbacks 
[gw2] [  1%] PASSED tests/generated/test_aiops_timeseries_anomaly_detector.py::test_initialization_aiops_timeseries_anomaly_detector 
[gw1] [  1%] FAILED tests/api/test_websocket_manager.py::test_broadcast_with_exception 
tests/generated/test_aiops_transformer_detector.py::test_import_aiops_transformer_detector 
[gw3] [  1%] PASSED tests/generated/test_ml_callbacks.py::test_import_ml_callbacks 
tests/api/websockets/test_endpoint.py::test_market_data_ws_protocol_negotiation 
tests/generated/test_ml_callbacks.py::test_initialization_ml_callbacks 
[gw2] [  2%] PASSED tests/generated/test_aiops_transformer_detector.py::test_import_aiops_transformer_detector 
[gw3] [  2%] PASSED tests/generated/test_ml_callbacks.py::test_initialization_ml_callbacks 
tests/generated/test_aiops_transformer_detector.py::test_initialization_aiops_transformer_detector 
tests/generated/test_ml_celery_app.py::test_import_ml_celery_app 
[gw2] [  2%] PASSED tests/generated/test_aiops_transformer_detector.py::test_initialization_aiops_transformer_detector 
[gw3] [  2%] PASSED tests/generated/test_ml_celery_app.py::test_import_ml_celery_app 
tests/generated/test_ml_celery_app.py::test_initialization_ml_celery_app 
tests/generated/test_api_exceptions.py::test_import_api_exceptions 
[gw3] [  2%] PASSED tests/generated/test_ml_celery_app.py::test_initialization_ml_celery_app 
[gw1] [  2%] FAILED tests/api/websockets/test_endpoint.py::test_market_data_ws_protocol_negotiation 
[gw2] [  2%] PASSED tests/generated/test_api_exceptions.py::test_import_api_exceptions 
tests/api/websockets/test_endpoint.py::test_market_data_ws_default_protocol 
tests/generated/test_ml_data_loader.py::test_import_ml_data_loader 
[gw3] [  2%] PASSED tests/generated/test_ml_data_loader.py::test_import_ml_data_loader 
tests/generated/test_api_exceptions.py::test_initialization_api_exceptions 
tests/generated/test_ml_data_loader.py::test_initialization_ml_data_loader 
[gw2] [  2%] PASSED tests/generated/test_api_exceptions.py::test_initialization_api_exceptions 
[gw3] [  2%] PASSED tests/generated/test_ml_data_loader.py::test_initialization_ml_data_loader 
[gw1] [  2%] PASSED tests/api/websockets/test_endpoint.py::test_market_data_ws_default_protocol 
tests/generated/test_ml_distributed_training.py::test_import_ml_distributed_training 
tests/generated/test_api_exceptions_exceptions.py::test_import_api_exceptions_exceptions 
tests/api/websockets/test_manager.py::test_connect_disconnect 
[gw2] [  2%] PASSED tests/generated/test_api_exceptions_exceptions.py::test_import_api_exceptions_exceptions 
tests/generated/test_api_exceptions_exceptions.py::test_initialization_api_exceptions_exceptions 
[gw1] [  2%] PASSED tests/api/websockets/test_manager.py::test_connect_disconnect 
[gw2] [  2%] PASSED tests/generated/test_api_exceptions_exceptions.py::test_initialization_api_exceptions_exceptions 
tests/api/websockets/test_manager.py::test_broadcast_mixed_protocols 
tests/generated/test_api_graphql_options.py::test_import_api_graphql_options 
[gw2] [  2%] PASSED tests/generated/test_api_graphql_options.py::test_import_api_graphql_options 
tests/generated/test_api_graphql_options.py::test_initialization_api_graphql_options 
[gw0] [  2%] FAILED tests/aiops/test_autoencoder_detector.py::TestAutoencoderDetector::test_anomaly_detection 
tests/aiops/test_autoencoder_detector.py::TestAutoencoderDetector::test_fit_empty_data_raises_error 
[gw2] [  2%] PASSED tests/generated/test_api_graphql_options.py::test_initialization_api_graphql_options 
tests/generated/test_api_graphql_resolvers_market_data_service.py::test_import_api_graphql_resolvers_market_data_service 
[gw1] [  2%] FAILED tests/api/websockets/test_manager.py::test_broadcast_mixed_protocols 
tests/api/websockets/test_manager.py::test_broadcast_dict_input 
[gw2] [  2%] PASSED tests/generated/test_api_graphql_resolvers_market_data_service.py::test_import_api_graphql_resolvers_market_data_service 
tests/generated/test_api_graphql_resolvers_market_data_service.py::test_initialization_api_graphql_resolvers_market_data_service 
[gw2] [  3%] PASSED tests/generated/test_api_graphql_resolvers_market_data_service.py::test_initialization_api_graphql_resolvers_market_data_service 
tests/generated/test_api_graphql_resolvers_option_service.py::test_import_api_graphql_resolvers_option_service 
[gw1] [  3%] FAILED tests/api/websockets/test_manager.py::test_broadcast_dict_input 
tests/api/websockets/test_manager.py::test_broadcast_encode_error 
[gw1] [  3%] PASSED tests/api/websockets/test_manager.py::test_broadcast_encode_error 
tests/api/websockets/test_manager.py::test_init_redis_connection 
[gw1] [  3%] PASSED tests/api/websockets/test_manager.py::test_init_redis_connection 
tests/api/websockets/test_manager.py::test_broadcast_unknown_symbol 
[gw2] [  3%] PASSED tests/generated/test_api_graphql_resolvers_option_service.py::test_import_api_graphql_resolvers_option_service 
[gw1] [  3%] PASSED tests/api/websockets/test_manager.py::test_broadcast_unknown_symbol 
tests/generated/test_api_graphql_resolvers_option_service.py::test_initialization_api_graphql_resolvers_option_service 
tests/api/websockets/test_manager.py::test_disconnect_unknown 
[gw2] [  3%] PASSED tests/generated/test_api_graphql_resolvers_option_service.py::test_initialization_api_graphql_resolvers_option_service 
[gw1] [  3%] PASSED tests/api/websockets/test_manager.py::test_disconnect_unknown 
tests/generated/test_api_graphql_resolvers_portfolio_service.py::test_import_api_graphql_resolvers_portfolio_service 
tests/api/websockets/test_metadata.py::test_connection_metadata_initialization 
[gw1] [  3%] PASSED tests/api/websockets/test_metadata.py::test_connection_metadata_initialization 
tests/api/websockets/test_metadata.py::test_connection_metadata_update_heartbeat 
[gw2] [  3%] PASSED tests/generated/test_api_graphql_resolvers_portfolio_service.py::test_import_api_graphql_resolvers_portfolio_service 
[gw1] [  3%] PASSED tests/api/websockets/test_metadata.py::test_connection_metadata_update_heartbeat 
tests/generated/test_api_graphql_resolvers_portfolio_service.py::test_initialization_api_graphql_resolvers_portfolio_service 
tests/api/websockets/test_metadata.py::test_codec_json_serialization 
[gw1] [  3%] PASSED tests/api/websockets/test_metadata.py::test_codec_json_serialization 
tests/api/websockets/test_metadata.py::test_codec_proto_to_json_conversion 
[gw2] [  3%] PASSED tests/generated/test_api_graphql_resolvers_portfolio_service.py::test_initialization_api_graphql_resolvers_portfolio_service 
[gw1] [  3%] PASSED tests/api/websockets/test_metadata.py::test_codec_proto_to_json_conversion 
tests/api/websockets/test_metadata.py::test_codec_proto_serialization 
tests/generated/test_api_graphql_resolvers_trading_service.py::test_import_api_graphql_resolvers_trading_service 
[gw1] [  3%] PASSED tests/api/websockets/test_metadata.py::test_codec_proto_serialization 
tests/api/websockets/test_metadata.py::test_codec_proto_invalid_input 
[gw1] [  3%] PASSED tests/api/websockets/test_metadata.py::test_codec_proto_invalid_input 
tests/api/websockets/test_metadata.py::test_codec_proto_decoding_not_implemented 
[gw2] [  3%] PASSED tests/generated/test_api_graphql_resolvers_trading_service.py::test_import_api_graphql_resolvers_trading_service 
tests/generated/test_api_graphql_resolvers_trading_service.py::test_initialization_api_graphql_resolvers_trading_service 
[gw2] [  3%] PASSED tests/generated/test_api_graphql_resolvers_trading_service.py::test_initialization_api_graphql_resolvers_trading_service 
tests/generated/test_api_graphql_resolvers_volatility_service.py::test_import_api_graphql_resolvers_volatility_service 
[gw1] [  4%] FAILED tests/api/websockets/test_metadata.py::test_codec_proto_decoding_not_implemented 
tests/api/websockets/test_metadata.py::test_codec_msgpack_serialization 
[gw1] [  4%] PASSED tests/api/websockets/test_metadata.py::test_codec_msgpack_serialization 
[gw2] [  4%] PASSED tests/generated/test_api_graphql_resolvers_volatility_service.py::test_import_api_graphql_resolvers_volatility_service 
tests/api/websockets/test_metadata.py::test_codec_invalid_protocol 
tests/generated/test_api_graphql_resolvers_volatility_service.py::test_initialization_api_graphql_resolvers_volatility_service 
[gw1] [  4%] PASSED tests/api/websockets/test_metadata.py::test_codec_invalid_protocol 
tests/api/websockets/test_metadata.py::test_codec_decode_invalid_protocol 
[gw2] [  4%] PASSED tests/generated/test_api_graphql_resolvers_volatility_service.py::test_initialization_api_graphql_resolvers_volatility_service 
[gw1] [  4%] PASSED tests/api/websockets/test_metadata.py::test_codec_decode_invalid_protocol 
tests/generated/test_api_graphql_schema.py::test_import_api_graphql_schema 
tests/audit/test_middleware.py::test_audit_middleware_calls_kafka 
[gw2] [  4%] PASSED tests/generated/test_api_graphql_schema.py::test_import_api_graphql_schema 
tests/generated/test_api_graphql_schema.py::test_initialization_api_graphql_schema 
[gw2] [  4%] PASSED tests/generated/test_api_graphql_schema.py::test_initialization_api_graphql_schema 
tests/generated/test_api_main.py::test_import_api_main 
[gw2] [  4%] PASSED tests/generated/test_api_main.py::test_import_api_main 
tests/generated/test_api_main.py::test_initialization_api_main 
[gw1] [  4%] FAILED tests/audit/test_middleware.py::test_audit_middleware_calls_kafka 
[gw2] [  4%] PASSED tests/generated/test_api_main.py::test_initialization_api_main 
[gw0] [  4%] FAILED tests/aiops/test_autoencoder_detector.py::TestAutoencoderDetector::test_fit_empty_data_raises_error 
tests/generated/test_api_middleware_idempotency.py::test_import_api_middleware_idempotency 
tests/aiops/test_autoencoder_detector.py::TestAutoencoderDetector::test_fit_predict 
tests/audit/test_middleware.py::test_audit_middleware_exception_handling 
[gw2] [  4%] PASSED tests/generated/test_api_middleware_idempotency.py::test_import_api_middleware_idempotency 
tests/generated/test_api_middleware_idempotency.py::test_initialization_api_middleware_idempotency 
[gw2] [  4%] PASSED tests/generated/test_api_middleware_idempotency.py::test_initialization_api_middleware_idempotency 
tests/generated/test_api_middleware_logging.py::test_import_api_middleware_logging 
[gw1] [  4%] FAILED tests/audit/test_middleware.py::test_audit_middleware_exception_handling 
[gw2] [  4%] PASSED tests/generated/test_api_middleware_logging.py::test_import_api_middleware_logging 
tests/generated/test_api_middleware_logging.py::test_initialization_api_middleware_logging 
tests/auth/test_api_auth.py::test_admin_only_success 
[gw2] [  4%] PASSED tests/generated/test_api_middleware_logging.py::test_initialization_api_middleware_logging 
tests/generated/test_api_middleware_profiling.py::test_import_api_middleware_profiling 
[gw1] [  4%] FAILED tests/auth/test_api_auth.py::test_admin_only_success 
tests/auth/test_api_auth.py::test_admin_only_forbidden 
[gw1] [  4%] FAILED tests/auth/test_api_auth.py::test_admin_only_forbidden 
tests/auth/test_api_auth.py::test_admin_only_unauthorized 
[gw1] [  5%] PASSED tests/auth/test_api_auth.py::test_admin_only_unauthorized 
tests/benchmarks/test_import_performance.py::TestImportPerformance::test_lazy_vs_eager_ml_module 
[gw1] [  5%] ERROR tests/benchmarks/test_import_performance.py::TestImportPerformance::test_lazy_vs_eager_ml_module 
tests/benchmarks/test_import_performance.py::TestImportPerformance::test_first_access_overhead 
[gw1] [  5%] ERROR tests/benchmarks/test_import_performance.py::TestImportPerformance::test_first_access_overhead 
tests/benchmarks/test_import_performance.py::TestImportPerformance::test_cached_access_speed 
[gw1] [  5%] ERROR tests/benchmarks/test_import_performance.py::TestImportPerformance::test_cached_access_speed 
tests/benchmarks/test_kernels.py::test_benchmark_bs_price_jit 
[gw1] [  5%] ERROR tests/benchmarks/test_kernels.py::test_benchmark_bs_price_jit 
tests/benchmarks/test_kernels.py::test_benchmark_greeks_jit 
[gw1] [  5%] ERROR tests/benchmarks/test_kernels.py::test_benchmark_greeks_jit 
tests/blockchain/test_blockchain_lazy_loading.py::TestBlockchainLazyLoading::test_blockchain_does_not_load_heavy_deps_on_import 
[gw1] [  5%] PASSED tests/blockchain/test_blockchain_lazy_loading.py::TestBlockchainLazyLoading::test_blockchain_does_not_load_heavy_deps_on_import 
tests/blockchain/test_blockchain_lazy_loading.py::TestBlockchainLazyLoading::test_blockchain_loads_dep_on_attribute_access 
[gw1] [  5%] PASSED tests/blockchain/test_blockchain_lazy_loading.py::TestBlockchainLazyLoading::test_blockchain_loads_dep_on_attribute_access 
tests/blockchain/test_blockchain_lazy_loading.py::TestBlockchainLazyLoading::test_dir_returns_all_exports 
[gw1] [  5%] PASSED tests/blockchain/test_blockchain_lazy_loading.py::TestBlockchainLazyLoading::test_dir_returns_all_exports 
tests/database/test_crud_extensive.py::test_user_crud 
[gw0] [  5%] FAILED tests/aiops/test_autoencoder_detector.py::TestAutoencoderDetector::test_fit_predict 
tests/aiops/test_autoencoder_detector.py::TestAutoencoderDetector::test_fit_predict_convenience_method 
[gw0] [  5%] FAILED tests/aiops/test_autoencoder_detector.py::TestAutoencoderDetector::test_fit_predict_convenience_method 
tests/aiops/test_autoencoder_detector.py::TestAutoencoderDetector::test_init 
[gw1] [  5%] PASSED tests/database/test_crud_extensive.py::test_user_crud 
tests/database/test_crud_extensive.py::test_portfolio_crud 
[gw3] [  5%] PASSED tests/generated/test_ml_distributed_training.py::test_import_ml_distributed_training 
tests/generated/test_ml_distributed_training.py::test_initialization_ml_distributed_training 
[gw3] [  5%] PASSED tests/generated/test_ml_distributed_training.py::test_initialization_ml_distributed_training 
tests/generated/test_ml_drift.py::test_import_ml_drift 
[gw0] [  5%] FAILED tests/aiops/test_autoencoder_detector.py::TestAutoencoderDetector::test_init 
[gw3] [  5%] PASSED tests/generated/test_ml_drift.py::test_import_ml_drift 
tests/generated/test_ml_drift.py::test_initialization_ml_drift 
tests/aiops/test_autoencoder_detector.py::TestAutoencoderDetector::test_predict_not_fitted_raises_error 
[gw3] [  5%] PASSED tests/generated/test_ml_drift.py::test_initialization_ml_drift 
tests/generated/test_ml_evaluation_compare_models.py::test_import_ml_evaluation_compare_models 
[gw3] [  5%] PASSED tests/generated/test_ml_evaluation_compare_models.py::test_import_ml_evaluation_compare_models 
tests/generated/test_ml_evaluation_compare_models.py::test_initialization_ml_evaluation_compare_models 
[gw3] [  6%] PASSED tests/generated/test_ml_evaluation_compare_models.py::test_initialization_ml_evaluation_compare_models 
tests/generated/test_ml_evaluation_metrics.py::test_import_ml_evaluation_metrics 
[gw3] [  6%] PASSED tests/generated/test_ml_evaluation_metrics.py::test_import_ml_evaluation_metrics 
tests/generated/test_ml_evaluation_metrics.py::test_initialization_ml_evaluation_metrics 
[gw3] [  6%] PASSED tests/generated/test_ml_evaluation_metrics.py::test_initialization_ml_evaluation_metrics 
tests/generated/test_ml_feature_store_base.py::test_import_ml_feature_store_base 
[gw3] [  6%] PASSED tests/generated/test_ml_feature_store_base.py::test_import_ml_feature_store_base 
tests/generated/test_ml_feature_store_base.py::test_initialization_ml_feature_store_base 
[gw3] [  6%] PASSED tests/generated/test_ml_feature_store_base.py::test_initialization_ml_feature_store_base 
[gw2] [  6%] FAILED tests/generated/test_api_middleware_profiling.py::test_import_api_middleware_profiling 
tests/generated/test_ml_feature_store_features.py::test_import_ml_feature_store_features 
tests/generated/test_api_middleware_profiling.py::test_initialization_api_middleware_profiling 
[gw3] [  6%] PASSED tests/generated/test_ml_feature_store_features.py::test_import_ml_feature_store_features 
tests/generated/test_ml_feature_store_features.py::test_initialization_ml_feature_store_features 
[gw1] [  6%] PASSED tests/database/test_crud_extensive.py::test_portfolio_crud 
[gw3] [  6%] PASSED tests/generated/test_ml_feature_store_features.py::test_initialization_ml_feature_store_features 
tests/database/test_crud_extensive.py::test_position_crud 
[gw2] [  6%] SKIPPED tests/generated/test_api_middleware_profiling.py::test_initialization_api_middleware_profiling 
tests/generated/test_ml_feature_store_store.py::test_import_ml_feature_store_store 
tests/generated/test_api_middleware_request_id.py::test_import_api_middleware_request_id 
[gw3] [  6%] PASSED tests/generated/test_ml_feature_store_store.py::test_import_ml_feature_store_store 
[gw2] [  6%] PASSED tests/generated/test_api_middleware_request_id.py::test_import_api_middleware_request_id 
tests/generated/test_ml_feature_store_store.py::test_initialization_ml_feature_store_store 
tests/generated/test_api_middleware_request_id.py::test_initialization_api_middleware_request_id 
[gw3] [  6%] PASSED tests/generated/test_ml_feature_store_store.py::test_initialization_ml_feature_store_store 
[gw2] [  6%] PASSED tests/generated/test_api_middleware_request_id.py::test_initialization_api_middleware_request_id 
tests/generated/test_ml_federated_learning_coordinator.py::test_import_ml_federated_learning_coordinator 
tests/generated/test_api_middleware_security.py::test_import_api_middleware_security 
[gw3] [  6%] PASSED tests/generated/test_ml_federated_learning_coordinator.py::test_import_ml_federated_learning_coordinator 
[gw2] [  6%] PASSED tests/generated/test_api_middleware_security.py::test_import_api_middleware_security 
tests/generated/test_ml_federated_learning_coordinator.py::test_initialization_ml_federated_learning_coordinator 
tests/generated/test_api_middleware_security.py::test_initialization_api_middleware_security 
[gw3] [  6%] PASSED tests/generated/test_ml_federated_learning_coordinator.py::test_initialization_ml_federated_learning_coordinator 
[gw2] [  6%] PASSED tests/generated/test_api_middleware_security.py::test_initialization_api_middleware_security 
tests/generated/test_ml_forecasting_tft_model.py::test_import_ml_forecasting_tft_model 
tests/generated/test_api_providers_market_data.py::test_import_api_providers_market_data 
[gw2] [  6%] PASSED tests/generated/test_api_providers_market_data.py::test_import_api_providers_market_data 
tests/generated/test_api_providers_market_data.py::test_initialization_api_providers_market_data 
[gw2] [  7%] PASSED tests/generated/test_api_providers_market_data.py::test_initialization_api_providers_market_data 
tests/generated/test_api_responses.py::test_import_api_responses 
[gw2] [  7%] PASSED tests/generated/test_api_responses.py::test_import_api_responses 
tests/generated/test_api_responses.py::test_initialization_api_responses 
[gw2] [  7%] PASSED tests/generated/test_api_responses.py::test_initialization_api_responses 
[gw0] [  7%] FAILED tests/aiops/test_autoencoder_detector.py::TestAutoencoderDetector::test_predict_not_fitted_raises_error 
tests/aiops/test_autonomous_healing.py::TestAutonomousHealing::test_drift_detection_integration 
tests/generated/test_api_routes_auth.py::test_import_api_routes_auth 
[gw2] [  7%] PASSED tests/generated/test_api_routes_auth.py::test_import_api_routes_auth 
tests/generated/test_api_routes_auth.py::test_initialization_api_routes_auth 
[gw2] [  7%] PASSED tests/generated/test_api_routes_auth.py::test_initialization_api_routes_auth 
tests/generated/test_api_routes_debug.py::test_import_api_routes_debug 
[gw0] [  7%] PASSED tests/aiops/test_autonomous_healing.py::TestAutonomousHealing::test_drift_detection_integration 
[gw2] [  7%] PASSED tests/generated/test_api_routes_debug.py::test_import_api_routes_debug 
[gw1] [  7%] PASSED tests/database/test_crud_extensive.py::test_position_crud 
tests/generated/test_api_routes_debug.py::test_initialization_api_routes_debug 
tests/aiops/test_autonomous_healing.py::TestAutonomousHealing::test_remediation_planning 
[gw2] [  7%] PASSED tests/generated/test_api_routes_debug.py::test_initialization_api_routes_debug 
tests/database/test_crud_extensive.py::test_order_crud 
tests/generated/test_api_routes_ml.py::test_import_api_routes_ml 
[gw2] [  7%] PASSED tests/generated/test_api_routes_ml.py::test_import_api_routes_ml 
[gw0] [  7%] PASSED tests/aiops/test_autonomous_healing.py::TestAutonomousHealing::test_remediation_planning 
tests/generated/test_api_routes_ml.py::test_initialization_api_routes_ml 
[gw2] [  7%] PASSED tests/generated/test_api_routes_ml.py::test_initialization_api_routes_ml 
tests/aiops/test_data_drift_detector.py::TestDataDriftDetector::test_detect_drift_empty_data 
tests/generated/test_api_routes_pricing.py::test_import_api_routes_pricing 
[gw2] [  7%] PASSED tests/generated/test_api_routes_pricing.py::test_import_api_routes_pricing 
tests/generated/test_api_routes_pricing.py::test_initialization_api_routes_pricing 
[gw2] [  7%] PASSED tests/generated/test_api_routes_pricing.py::test_initialization_api_routes_pricing 
[gw0] [  7%] PASSED tests/aiops/test_data_drift_detector.py::TestDataDriftDetector::test_detect_drift_empty_data 
tests/generated/test_api_routes_system.py::test_import_api_routes_system 
tests/aiops/test_data_drift_detector.py::TestDataDriftDetector::test_detect_drift_mismatched_dimensions 
[gw2] [  7%] PASSED tests/generated/test_api_routes_system.py::test_import_api_routes_system 
tests/generated/test_api_routes_system.py::test_initialization_api_routes_system 
[gw2] [  7%] PASSED tests/generated/test_api_routes_system.py::test_initialization_api_routes_system 
[gw0] [  8%] PASSED tests/aiops/test_data_drift_detector.py::TestDataDriftDetector::test_detect_drift_mismatched_dimensions 
tests/generated/test_api_routes_users.py::test_import_api_routes_users 
tests/aiops/test_data_drift_detector.py::TestDataDriftDetector::test_detect_drift_multivariate_both_drifts_single_feature 
[gw2] [  8%] PASSED tests/generated/test_api_routes_users.py::test_import_api_routes_users 
tests/generated/test_api_routes_users.py::test_initialization_api_routes_users 
[gw2] [  8%] PASSED tests/generated/test_api_routes_users.py::test_initialization_api_routes_users 
tests/generated/test_api_routes_websocket.py::test_import_api_routes_websocket 
[gw2] [  8%] PASSED tests/generated/test_api_routes_websocket.py::test_import_api_routes_websocket 
tests/generated/test_api_routes_websocket.py::test_initialization_api_routes_websocket 
[gw0] [  8%] PASSED tests/aiops/test_data_drift_detector.py::TestDataDriftDetector::test_detect_drift_multivariate_both_drifts_single_feature 
[gw2] [  8%] PASSED tests/generated/test_api_routes_websocket.py::test_initialization_api_routes_websocket 
tests/aiops/test_data_drift_detector.py::TestDataDriftDetector::test_detect_drift_multivariate_ks_drift_single_feature 
tests/generated/test_api_schemas_auth.py::test_import_api_schemas_auth 
[gw2] [  8%] PASSED tests/generated/test_api_schemas_auth.py::test_import_api_schemas_auth 
tests/generated/test_api_schemas_auth.py::test_initialization_api_schemas_auth 
[gw2] [  8%] PASSED tests/generated/test_api_schemas_auth.py::test_initialization_api_schemas_auth 
tests/generated/test_api_schemas_common.py::test_import_api_schemas_common 
[gw0] [  8%] PASSED tests/aiops/test_data_drift_detector.py::TestDataDriftDetector::test_detect_drift_multivariate_ks_drift_single_feature 
tests/aiops/test_data_drift_detector.py::TestDataDriftDetector::test_detect_drift_multivariate_no_drift 
[gw2] [  8%] PASSED tests/generated/test_api_schemas_common.py::test_import_api_schemas_common 
tests/generated/test_api_schemas_common.py::test_initialization_api_schemas_common 
[gw2] [  8%] PASSED tests/generated/test_api_schemas_common.py::test_initialization_api_schemas_common 
tests/generated/test_api_schemas_ml.py::test_import_api_schemas_ml 
[gw0] [  8%] PASSED tests/aiops/test_data_drift_detector.py::TestDataDriftDetector::test_detect_drift_multivariate_no_drift 
[gw2] [  8%] PASSED tests/generated/test_api_schemas_ml.py::test_import_api_schemas_ml 
tests/generated/test_api_schemas_ml.py::test_initialization_api_schemas_ml 
tests/aiops/test_data_drift_detector.py::TestDataDriftDetector::test_detect_drift_multivariate_psi_drift_single_feature 
[gw2] [  8%] PASSED tests/generated/test_api_schemas_ml.py::test_initialization_api_schemas_ml 
tests/generated/test_api_schemas_pricing.py::test_import_api_schemas_pricing 
[gw2] [  8%] PASSED tests/generated/test_api_schemas_pricing.py::test_import_api_schemas_pricing 
tests/generated/test_api_schemas_pricing.py::test_initialization_api_schemas_pricing 
[gw0] [  8%] PASSED tests/aiops/test_data_drift_detector.py::TestDataDriftDetector::test_detect_drift_multivariate_psi_drift_single_feature 
[gw2] [  8%] PASSED tests/generated/test_api_schemas_pricing.py::test_initialization_api_schemas_pricing 
tests/aiops/test_data_drift_detector.py::TestDataDriftDetector::test_detect_drift_univariate_ks_drift 
tests/generated/test_api_schemas_user.py::test_import_api_schemas_user 
[gw2] [  8%] PASSED tests/generated/test_api_schemas_user.py::test_import_api_schemas_user 
tests/generated/test_api_schemas_user.py::test_initialization_api_schemas_user 
[gw2] [  9%] PASSED tests/generated/test_api_schemas_user.py::test_initialization_api_schemas_user 
tests/generated/test_api_websockets_codec.py::test_import_api_websockets_codec 
[gw2] [  9%] PASSED tests/generated/test_api_websockets_codec.py::test_import_api_websockets_codec 
[gw0] [  9%] PASSED tests/aiops/test_data_drift_detector.py::TestDataDriftDetector::test_detect_drift_univariate_ks_drift 
tests/generated/test_api_websockets_codec.py::test_initialization_api_websockets_codec 
tests/aiops/test_data_drift_detector.py::TestDataDriftDetector::test_detect_drift_univariate_no_drift 
[gw2] [  9%] PASSED tests/generated/test_api_websockets_codec.py::test_initialization_api_websockets_codec 
tests/generated/test_api_websockets_manager.py::test_import_api_websockets_manager 
[gw1] [  9%] PASSED tests/database/test_crud_extensive.py::test_order_crud 
[gw2] [  9%] PASSED tests/generated/test_api_websockets_manager.py::test_import_api_websockets_manager 
tests/generated/test_api_websockets_manager.py::test_initialization_api_websockets_manager 
[gw0] [  9%] PASSED tests/aiops/test_data_drift_detector.py::TestDataDriftDetector::test_detect_drift_univariate_no_drift 
[gw2] [  9%] PASSED tests/generated/test_api_websockets_manager.py::test_initialization_api_websockets_manager 
tests/aiops/test_data_drift_detector.py::TestDataDriftDetector::test_detect_drift_univariate_psi_drift 
tests/database/test_crud_extensive.py::test_ml_model_crud 
tests/generated/test_audit_middleware.py::test_import_audit_middleware 
[gw2] [  9%] PASSED tests/generated/test_audit_middleware.py::test_import_audit_middleware 
tests/generated/test_audit_middleware.py::test_initialization_audit_middleware 
[gw2] [  9%] PASSED tests/generated/test_audit_middleware.py::test_initialization_audit_middleware 
[gw0] [  9%] PASSED tests/aiops/test_data_drift_detector.py::TestDataDriftDetector::test_detect_drift_univariate_psi_drift 
tests/generated/test_auth_better_auth.py::test_import_auth_better_auth 
tests/aiops/test_data_drift_detector.py::TestDataDriftDetector::test_init 
[gw2] [  9%] PASSED tests/generated/test_auth_better_auth.py::test_import_auth_better_auth 
tests/generated/test_auth_better_auth.py::test_initialization_auth_better_auth 
[gw2] [  9%] PASSED tests/generated/test_auth_better_auth.py::test_initialization_auth_better_auth 
tests/generated/test_auth_providers.py::test_import_auth_providers 
[gw0] [  9%] PASSED tests/aiops/test_data_drift_detector.py::TestDataDriftDetector::test_init 
[gw2] [  9%] PASSED tests/generated/test_auth_providers.py::test_import_auth_providers 
tests/aiops/test_docker_remediator.py::TestDockerRemediator::test_docker_remediator_init_success 
tests/generated/test_auth_providers.py::test_initialization_auth_providers 
[gw2] [  9%] PASSED tests/generated/test_auth_providers.py::test_initialization_auth_providers 
tests/generated/test_auth_security.py::test_import_auth_security 
[gw2] [  9%] PASSED tests/generated/test_auth_security.py::test_import_auth_security 
tests/generated/test_auth_security.py::test_initialization_auth_security 
[gw2] [  9%] PASSED tests/generated/test_auth_security.py::test_initialization_auth_security 
tests/generated/test_auth_server.py::test_import_auth_server 
[gw2] [  9%] PASSED tests/generated/test_auth_server.py::test_import_auth_server 
tests/generated/test_auth_server.py::test_initialization_auth_server 
[gw2] [ 10%] PASSED tests/generated/test_auth_server.py::test_initialization_auth_server 
tests/generated/test_auth_service.py::test_import_auth_service 
[gw2] [ 10%] PASSED tests/generated/test_auth_service.py::test_import_auth_service 
tests/generated/test_auth_service.py::test_initialization_auth_service 
[gw2] [ 10%] PASSED tests/generated/test_auth_service.py::test_initialization_auth_service 
tests/generated/test_blockchain_defi_options.py::test_import_blockchain_defi_options 
[gw2] [ 10%] PASSED tests/generated/test_blockchain_defi_options.py::test_import_blockchain_defi_options 
tests/generated/test_blockchain_defi_options.py::test_initialization_blockchain_defi_options 
[gw2] [ 10%] PASSED tests/generated/test_blockchain_defi_options.py::test_initialization_blockchain_defi_options 
tests/generated/test_cli_auth.py::test_import_cli_auth 
[gw3] [ 10%] FAILED tests/generated/test_ml_forecasting_tft_model.py::test_import_ml_forecasting_tft_model 
[gw2] [ 10%] PASSED tests/generated/test_cli_auth.py::test_import_cli_auth 
tests/generated/test_ml_forecasting_tft_model.py::test_initialization_ml_forecasting_tft_model 
[gw1] [ 10%] PASSED tests/database/test_crud_extensive.py::test_ml_model_crud 
tests/generated/test_cli_auth.py::test_initialization_cli_auth 
[gw2] [ 10%] PASSED tests/generated/test_cli_auth.py::test_initialization_cli_auth 
[gw3] [ 10%] SKIPPED tests/generated/test_ml_forecasting_tft_model.py::test_initialization_ml_forecasting_tft_model 
tests/database/test_crud_legacy.py::test_get_user_by_id 
tests/generated/test_cli_config.py::test_import_cli_config 
tests/generated/test_ml_graphql_schema.py::test_import_ml_graphql_schema 
[gw2] [ 10%] PASSED tests/generated/test_cli_config.py::test_import_cli_config 
[gw3] [ 10%] PASSED tests/generated/test_ml_graphql_schema.py::test_import_ml_graphql_schema 
tests/generated/test_ml_graphql_schema.py::test_initialization_ml_graphql_schema 
tests/generated/test_cli_config.py::test_initialization_cli_config 
[gw1] [ 10%] PASSED tests/database/test_crud_legacy.py::test_get_user_by_id 
[gw2] [ 10%] PASSED tests/generated/test_cli_config.py::test_initialization_cli_config 
[gw3] [ 10%] PASSED tests/generated/test_ml_graphql_schema.py::test_initialization_ml_graphql_schema 
tests/database/test_crud_legacy.py::test_create_user 
tests/generated/test_cli_portfolio.py::test_import_cli_portfolio 
tests/generated/test_ml_indicators.py::test_import_ml_indicators 
[gw3] [ 10%] PASSED tests/generated/test_ml_indicators.py::test_import_ml_indicators 
[gw2] [ 10%] PASSED tests/generated/test_cli_portfolio.py::test_import_cli_portfolio 
tests/generated/test_ml_indicators.py::test_initialization_ml_indicators 
tests/generated/test_cli_portfolio.py::test_initialization_cli_portfolio 
[gw3] [ 10%] PASSED tests/generated/test_ml_indicators.py::test_initialization_ml_indicators 
[gw2] [ 11%] PASSED tests/generated/test_cli_portfolio.py::test_initialization_cli_portfolio 
tests/generated/test_ml_main.py::test_import_ml_main 
tests/generated/test_config.py::test_import_config 
[gw1] [ 11%] PASSED tests/database/test_crud_legacy.py::test_create_user 
tests/database/test_crud_legacy.py::test_update_portfolio_cash 
[gw2] [ 11%] PASSED tests/generated/test_config.py::test_import_config 
tests/generated/test_config.py::test_initialization_config 
[gw2] [ 11%] PASSED tests/generated/test_config.py::test_initialization_config 
tests/generated/test_data_pipeline.py::test_import_data_pipeline 
[gw1] [ 11%] PASSED tests/database/test_crud_legacy.py::test_update_portfolio_cash 
tests/database/test_crud_legacy.py::test_bulk_create_positions_fallback 
[gw3] [ 11%] PASSED tests/generated/test_ml_main.py::test_import_ml_main 
[gw2] [ 11%] PASSED tests/generated/test_data_pipeline.py::test_import_data_pipeline 
tests/generated/test_ml_main.py::test_initialization_ml_main 
tests/generated/test_data_pipeline.py::test_initialization_data_pipeline 
[gw3] [ 11%] PASSED tests/generated/test_ml_main.py::test_initialization_ml_main 
[gw2] [ 11%] PASSED tests/generated/test_data_pipeline.py::test_initialization_data_pipeline 
tests/generated/test_ml_models_neural_engine.py::test_import_ml_models_neural_engine 
tests/generated/test_data_router.py::test_import_data_router 
[gw1] [ 11%] PASSED tests/database/test_crud_legacy.py::test_bulk_create_positions_fallback 
[gw2] [ 11%] PASSED tests/generated/test_data_router.py::test_import_data_router 
[gw3] [ 11%] PASSED tests/generated/test_ml_models_neural_engine.py::test_import_ml_models_neural_engine 
tests/database/test_crud_legacy.py::test_bulk_create_positions_fast_path 
tests/generated/test_data_router.py::test_initialization_data_router 
tests/generated/test_ml_models_neural_engine.py::test_initialization_ml_models_neural_engine 
[gw2] [ 11%] PASSED tests/generated/test_data_router.py::test_initialization_data_router 
[gw3] [ 11%] PASSED tests/generated/test_ml_models_neural_engine.py::test_initialization_ml_models_neural_engine 
tests/generated/test_ml_monitoring_mmd.py::test_import_ml_monitoring_mmd 
tests/generated/test_data_storage_manager.py::test_import_data_storage_manager 
[gw3] [ 11%] PASSED tests/generated/test_ml_monitoring_mmd.py::test_import_ml_monitoring_mmd 
tests/generated/test_ml_monitoring_mmd.py::test_initialization_ml_monitoring_mmd 
[gw3] [ 11%] PASSED tests/generated/test_ml_monitoring_mmd.py::test_initialization_ml_monitoring_mmd 
tests/generated/test_ml_pipelines_dag_neural_greeks.py::test_import_ml_pipelines_dag_neural_greeks 
[gw2] [ 11%] FAILED tests/generated/test_data_storage_manager.py::test_import_data_storage_manager 
tests/generated/test_data_storage_manager.py::test_initialization_data_storage_manager 
[gw2] [ 11%] SKIPPED tests/generated/test_data_storage_manager.py::test_initialization_data_storage_manager 
tests/generated/test_data_validation.py::test_import_data_validation 
[gw2] [ 11%] PASSED tests/generated/test_data_validation.py::test_import_data_validation 
tests/generated/test_data_validation.py::test_initialization_data_validation 
[gw2] [ 12%] PASSED tests/generated/test_data_validation.py::test_initialization_data_validation 
tests/generated/test_data_xdp_ingest.py::test_import_data_xdp_ingest 
[gw2] [ 12%] PASSED tests/generated/test_data_xdp_ingest.py::test_import_data_xdp_ingest 
tests/generated/test_data_xdp_ingest.py::test_initialization_data_xdp_ingest 
[gw2] [ 12%] PASSED tests/generated/test_data_xdp_ingest.py::test_initialization_data_xdp_ingest 
tests/generated/test_database_apply_optimizations.py::test_import_database_apply_optimizations 
[gw2] [ 12%] PASSED tests/generated/test_database_apply_optimizations.py::test_import_database_apply_optimizations 
tests/generated/test_database_apply_optimizations.py::test_initialization_database_apply_optimizations 
[gw2] [ 12%] PASSED tests/generated/test_database_apply_optimizations.py::test_initialization_database_apply_optimizations 
tests/generated/test_ml_utils_validation.py::test_initialization_ml_utils_validation 
[gw2] [ 12%] PASSED tests/generated/test_ml_utils_validation.py::test_initialization_ml_utils_validation 
tests/generated/test_ml_utils_versioning.py::test_import_ml_utils_versioning 
[gw2] [ 12%] PASSED tests/generated/test_ml_utils_versioning.py::test_import_ml_utils_versioning 
tests/generated/test_ml_utils_versioning.py::test_initialization_ml_utils_versioning 
[gw2] [ 12%] PASSED tests/generated/test_ml_utils_versioning.py::test_initialization_ml_utils_versioning 
tests/generated/test_portfolio_engine.py::test_import_portfolio_engine 
[gw2] [ 12%] PASSED tests/generated/test_portfolio_engine.py::test_import_portfolio_engine 
tests/generated/test_portfolio_engine.py::test_initialization_portfolio_engine 
[gw2] [ 12%] PASSED tests/generated/test_portfolio_engine.py::test_initialization_portfolio_engine 
tests/generated/test_portfolio_graphql_schema.py::test_import_portfolio_graphql_schema 
[gw2] [ 12%] PASSED tests/generated/test_portfolio_graphql_schema.py::test_import_portfolio_graphql_schema 
tests/generated/test_portfolio_graphql_schema.py::test_initialization_portfolio_graphql_schema 
[gw2] [ 12%] PASSED tests/generated/test_portfolio_graphql_schema.py::test_initialization_portfolio_graphql_schema 
tests/generated/test_portfolio_main.py::test_import_portfolio_main 
[gw2] [ 12%] PASSED tests/generated/test_portfolio_main.py::test_import_portfolio_main 
tests/generated/test_portfolio_main.py::test_initialization_portfolio_main 
[gw2] [ 12%] PASSED tests/generated/test_portfolio_main.py::test_initialization_portfolio_main 
tests/generated/test_pricing_arbiter.py::test_import_pricing_arbiter 
[gw2] [ 12%] PASSED tests/generated/test_pricing_arbiter.py::test_import_pricing_arbiter 
tests/generated/test_pricing_arbiter.py::test_initialization_pricing_arbiter 
[gw2] [ 12%] PASSED tests/generated/test_pricing_arbiter.py::test_initialization_pricing_arbiter 
tests/generated/test_pricing_base.py::test_import_pricing_base 
[gw2] [ 12%] PASSED tests/generated/test_pricing_base.py::test_import_pricing_base 
tests/generated/test_pricing_base.py::test_initialization_pricing_base 
[gw2] [ 12%] PASSED tests/generated/test_pricing_base.py::test_initialization_pricing_base 
tests/generated/test_pricing_black_scholes.py::test_import_pricing_black_scholes 
[gw2] [ 13%] PASSED tests/generated/test_pricing_black_scholes.py::test_import_pricing_black_scholes 
tests/generated/test_pricing_black_scholes.py::test_initialization_pricing_black_scholes 
[gw2] [ 13%] PASSED tests/generated/test_pricing_black_scholes.py::test_initialization_pricing_black_scholes 
tests/generated/test_pricing_calibration_engine.py::test_import_pricing_calibration_engine 
[gw2] [ 13%] PASSED tests/generated/test_pricing_calibration_engine.py::test_import_pricing_calibration_engine 
tests/generated/test_pricing_calibration_engine.py::test_initialization_pricing_calibration_engine 
[gw2] [ 13%] PASSED tests/generated/test_pricing_calibration_engine.py::test_initialization_pricing_calibration_engine 
tests/generated/test_pricing_calibration_svi_surface.py::test_import_pricing_calibration_svi_surface 
[gw2] [ 13%] PASSED tests/generated/test_pricing_calibration_svi_surface.py::test_import_pricing_calibration_svi_surface 
tests/generated/test_pricing_calibration_svi_surface.py::test_initialization_pricing_calibration_svi_surface 
[gw2] [ 13%] PASSED tests/generated/test_pricing_calibration_svi_surface.py::test_initialization_pricing_calibration_svi_surface 
tests/generated/test_pricing_execution_strategies.py::test_import_pricing_execution_strategies 
[gw2] [ 13%] PASSED tests/generated/test_pricing_execution_strategies.py::test_import_pricing_execution_strategies 
tests/generated/test_pricing_execution_strategies.py::test_initialization_pricing_execution_strategies 
[gw1] [ 13%] PASSED tests/database/test_crud_legacy.py::test_bulk_create_positions_fast_path 
[gw2] [ 13%] PASSED tests/generated/test_pricing_execution_strategies.py::test_initialization_pricing_execution_strategies 
tests/database/test_crud_legacy.py::test_get_portfolio_summary_mv 
tests/generated/test_pricing_exotic.py::test_import_pricing_exotic 
[gw2] [ 13%] PASSED tests/generated/test_pricing_exotic.py::test_import_pricing_exotic 
tests/generated/test_pricing_exotic.py::test_initialization_pricing_exotic 
[gw1] [ 13%] PASSED tests/database/test_crud_legacy.py::test_get_portfolio_summary_mv 
tests/database/test_crud_legacy.py::test_get_user_trading_stats 
[gw2] [ 13%] PASSED tests/generated/test_pricing_exotic.py::test_initialization_pricing_exotic 
tests/generated/test_pricing_factory.py::test_import_pricing_factory 
[gw2] [ 13%] PASSED tests/generated/test_pricing_factory.py::test_import_pricing_factory 
[gw1] [ 13%] PASSED tests/database/test_crud_legacy.py::test_get_user_trading_stats 
tests/generated/test_pricing_factory.py::test_initialization_pricing_factory 
tests/database/test_crud_legacy.py::test_get_iv_surface 
[gw2] [ 13%] PASSED tests/generated/test_pricing_factory.py::test_initialization_pricing_factory 
tests/generated/test_pricing_finite_difference.py::test_import_pricing_finite_difference 
[gw1] [ 13%] PASSED tests/database/test_crud_legacy.py::test_get_iv_surface 
[gw2] [ 13%] PASSED tests/generated/test_pricing_finite_difference.py::test_import_pricing_finite_difference 
tests/database/test_crud_legacy.py::test_user_updates 
tests/generated/test_pricing_finite_difference.py::test_initialization_pricing_finite_difference 
[gw2] [ 13%] PASSED tests/generated/test_pricing_finite_difference.py::test_initialization_pricing_finite_difference 
tests/generated/test_pricing_graphql_schema.py::test_import_pricing_graphql_schema 
[gw1] [ 13%] PASSED tests/database/test_crud_legacy.py::test_user_updates 
[gw2] [ 14%] PASSED tests/generated/test_pricing_graphql_schema.py::test_import_pricing_graphql_schema 
tests/generated/test_pricing_graphql_schema.py::test_initialization_pricing_graphql_schema 
tests/database/test_crud_legacy.py::test_get_positions 
[gw2] [ 14%] PASSED tests/generated/test_pricing_graphql_schema.py::test_initialization_pricing_graphql_schema 
tests/generated/test_pricing_implied_vol.py::test_import_pricing_implied_vol 
[gw2] [ 14%] PASSED tests/generated/test_pricing_implied_vol.py::test_import_pricing_implied_vol 
[gw1] [ 14%] PASSED tests/database/test_crud_legacy.py::test_get_positions 
tests/generated/test_pricing_implied_vol.py::test_initialization_pricing_implied_vol 
tests/database/test_crud_legacy.py::test_create_order 
[gw2] [ 14%] PASSED tests/generated/test_pricing_implied_vol.py::test_initialization_pricing_implied_vol 
tests/generated/test_pricing_lattice.py::test_import_pricing_lattice 
[gw0] [ 14%] FAILED tests/aiops/test_docker_remediator.py::TestDockerRemediator::test_docker_remediator_init_success 
[gw2] [ 14%] PASSED tests/generated/test_pricing_lattice.py::test_import_pricing_lattice 
[gw1] [ 14%] PASSED tests/database/test_crud_legacy.py::test_create_order 
tests/aiops/test_docker_remediator.py::TestDockerRemediator::test_docker_remediator_init_failure 
tests/generated/test_pricing_lattice.py::test_initialization_pricing_lattice 
[gw2] [ 14%] PASSED tests/generated/test_pricing_lattice.py::test_initialization_pricing_lattice 
tests/generated/test_pricing_main.py::test_import_pricing_main 
tests/database/test_crud_legacy.py::test_ml_model_ops 
[gw2] [ 14%] PASSED tests/generated/test_pricing_main.py::test_import_pricing_main 
tests/generated/test_pricing_main.py::test_initialization_pricing_main 
[gw2] [ 14%] PASSED tests/generated/test_pricing_main.py::test_initialization_pricing_main 
tests/generated/test_pricing_models_heston_cuda.py::test_import_pricing_models_heston_cuda 
[gw1] [ 14%] PASSED tests/database/test_crud_legacy.py::test_ml_model_ops 
[gw2] [ 14%] PASSED tests/generated/test_pricing_models_heston_cuda.py::test_import_pricing_models_heston_cuda 
tests/generated/test_pricing_models_heston_cuda.py::test_initialization_pricing_models_heston_cuda 
tests/docker/test_container_security_scans_skipped.py::test_container_security_scans_skipped 
[gw2] [ 14%] PASSED tests/generated/test_pricing_models_heston_cuda.py::test_initialization_pricing_models_heston_cuda 
tests/generated/test_pricing_models_heston_fft.py::test_import_pricing_models_heston_fft 
[gw1] [ 14%] SKIPPED tests/docker/test_container_security_scans_skipped.py::test_container_security_scans_skipped 
tests/docker/test_docker_compose_blockchain_quantum.py::test_blockchain_quantum_configured 
[gw2] [ 14%] PASSED tests/generated/test_pricing_models_heston_fft.py::test_import_pricing_models_heston_fft 
tests/generated/test_pricing_models_heston_fft.py::test_initialization_pricing_models_heston_fft 
[gw0] [ 14%] FAILED tests/aiops/test_docker_remediator.py::TestDockerRemediator::test_docker_remediator_init_failure 
tests/aiops/test_docker_remediator.py::TestDockerRemediator::test_docker_remediator_restart_service_success 
[gw2] [ 14%] PASSED tests/generated/test_pricing_models_heston_fft.py::test_initialization_pricing_models_heston_fft 
tests/generated/test_pricing_models_heston_strategy.py::test_import_pricing_models_heston_strategy 
[gw2] [ 15%] PASSED tests/generated/test_pricing_models_heston_strategy.py::test_import_pricing_models_heston_strategy 
tests/generated/test_pricing_models_heston_strategy.py::test_initialization_pricing_models_heston_strategy 
[gw2] [ 15%] PASSED tests/generated/test_pricing_models_heston_strategy.py::test_initialization_pricing_models_heston_strategy 
tests/generated/test_pricing_models_neural_strategy.py::test_import_pricing_models_neural_strategy 
[gw2] [ 15%] PASSED tests/generated/test_pricing_models_neural_strategy.py::test_import_pricing_models_neural_strategy 
tests/generated/test_pricing_models_neural_strategy.py::test_initialization_pricing_models_neural_strategy 
[gw2] [ 15%] PASSED tests/generated/test_pricing_models_neural_strategy.py::test_initialization_pricing_models_neural_strategy 
tests/generated/test_pricing_monte_carlo.py::test_import_pricing_monte_carlo 
[gw2] [ 15%] PASSED tests/generated/test_pricing_monte_carlo.py::test_import_pricing_monte_carlo 
tests/generated/test_pricing_monte_carlo.py::test_initialization_pricing_monte_carlo 
[gw2] [ 15%] PASSED tests/generated/test_pricing_monte_carlo.py::test_initialization_pricing_monte_carlo 
tests/generated/test_pricing_quant_utils.py::test_import_pricing_quant_utils 
[gw2] [ 15%] PASSED tests/generated/test_pricing_quant_utils.py::test_import_pricing_quant_utils 
tests/generated/test_pricing_quant_utils.py::test_initialization_pricing_quant_utils 
[gw2] [ 15%] PASSED tests/generated/test_pricing_quant_utils.py::test_initialization_pricing_quant_utils 
tests/generated/test_pricing_quantum_backend.py::test_import_pricing_quantum_backend 
[gw1] [ 15%] FAILED tests/docker/test_docker_compose_blockchain_quantum.py::test_blockchain_quantum_configured 
tests/docker/test_docker_compose_kafka_kraft.py::test_kafka_kraft_configured 
[gw2] [ 15%] PASSED tests/generated/test_pricing_quantum_backend.py::test_import_pricing_quantum_backend 
tests/generated/test_pricing_quantum_backend.py::test_initialization_pricing_quantum_backend 
[gw2] [ 15%] PASSED tests/generated/test_pricing_quantum_backend.py::test_initialization_pricing_quantum_backend 
tests/generated/test_pricing_quantum_pricing.py::test_import_pricing_quantum_pricing 
[gw2] [ 15%] PASSED tests/generated/test_pricing_quantum_pricing.py::test_import_pricing_quantum_pricing 
tests/generated/test_pricing_quantum_pricing.py::test_initialization_pricing_quantum_pricing 
[gw2] [ 15%] PASSED tests/generated/test_pricing_quantum_pricing.py::test_initialization_pricing_quantum_pricing 
tests/generated/test_pricing_vol_surface.py::test_import_pricing_vol_surface 
[gw2] [ 15%] PASSED tests/generated/test_pricing_vol_surface.py::test_import_pricing_vol_surface 
tests/generated/test_pricing_vol_surface.py::test_initialization_pricing_vol_surface 
[gw2] [ 15%] PASSED tests/generated/test_pricing_vol_surface.py::test_initialization_pricing_vol_surface 
tests/generated/test_pricing_wasm_engine.py::test_import_pricing_wasm_engine 
[gw2] [ 15%] PASSED tests/generated/test_pricing_wasm_engine.py::test_import_pricing_wasm_engine 
tests/generated/test_pricing_wasm_engine.py::test_initialization_pricing_wasm_engine 
[gw2] [ 15%] PASSED tests/generated/test_pricing_wasm_engine.py::test_initialization_pricing_wasm_engine 
tests/generated/test_protos_inference_grpc.py::test_import_protos_inference_grpc 
[gw2] [ 15%] PASSED tests/generated/test_protos_inference_grpc.py::test_import_protos_inference_grpc 
tests/generated/test_protos_inference_grpc.py::test_initialization_protos_inference_grpc 
[gw2] [ 15%] PASSED tests/generated/test_protos_inference_grpc.py::test_initialization_protos_inference_grpc 
tests/generated/test_protos_inference_pb2.py::test_import_protos_inference_pb2 
[gw2] [ 16%] PASSED tests/generated/test_protos_inference_pb2.py::test_import_protos_inference_pb2 
[gw1] [ 16%] FAILED tests/docker/test_docker_compose_kafka_kraft.py::test_kafka_kraft_configured 
tests/generated/test_protos_inference_pb2.py::test_initialization_protos_inference_pb2 
tests/docker/test_docker_compose_network_isolation.py::test_docker_network_isolation_configured 
[gw2] [ 16%] PASSED tests/generated/test_protos_inference_pb2.py::test_initialization_protos_inference_pb2 
tests/generated/test_protos_inference_pb2_grpc.py::test_import_protos_inference_pb2_grpc 
[gw2] [ 16%] PASSED tests/generated/test_protos_inference_pb2_grpc.py::test_import_protos_inference_pb2_grpc 
tests/generated/test_protos_inference_pb2_grpc.py::test_initialization_protos_inference_pb2_grpc 
[gw2] [ 16%] PASSED tests/generated/test_protos_inference_pb2_grpc.py::test_initialization_protos_inference_pb2_grpc 
tests/generated/test_protos_market_data_pb2.py::test_import_protos_market_data_pb2 
[gw2] [ 16%] PASSED tests/generated/test_protos_market_data_pb2.py::test_import_protos_market_data_pb2 
tests/generated/test_protos_market_data_pb2.py::test_initialization_protos_market_data_pb2 
[gw2] [ 16%] PASSED tests/generated/test_protos_market_data_pb2.py::test_initialization_protos_market_data_pb2 
tests/generated/test_protos_market_data_pb2_grpc.py::test_import_protos_market_data_pb2_grpc 
[gw2] [ 16%] PASSED tests/generated/test_protos_market_data_pb2_grpc.py::test_import_protos_market_data_pb2_grpc 
tests/generated/test_protos_market_data_pb2_grpc.py::test_initialization_protos_market_data_pb2_grpc 
[gw2] [ 16%] PASSED tests/generated/test_protos_market_data_pb2_grpc.py::test_initialization_protos_market_data_pb2_grpc 
tests/generated/test_scrapers_engine.py::test_import_scrapers_engine 
[gw2] [ 16%] PASSED tests/generated/test_scrapers_engine.py::test_import_scrapers_engine 
tests/generated/test_scrapers_engine.py::test_initialization_scrapers_engine 
[gw2] [ 16%] PASSED tests/generated/test_scrapers_engine.py::test_initialization_scrapers_engine 
tests/generated/test_scrapers_mesh_publisher.py::test_import_scrapers_mesh_publisher 
[gw2] [ 16%] PASSED tests/generated/test_scrapers_mesh_publisher.py::test_import_scrapers_mesh_publisher 
[gw1] [ 16%] FAILED tests/docker/test_docker_compose_network_isolation.py::test_docker_network_isolation_configured 
tests/generated/test_scrapers_mesh_publisher.py::test_initialization_scrapers_mesh_publisher 
tests/docker/test_docker_compose_ray.py::test_ray_shm_size_configured 
[gw2] [ 16%] PASSED tests/generated/test_scrapers_mesh_publisher.py::test_initialization_scrapers_mesh_publisher 
tests/generated/test_scrapers_stealth.py::test_import_scrapers_stealth 
[gw1] [ 16%] FAILED tests/docker/test_docker_compose_ray.py::test_ray_shm_size_configured 
tests/docker/test_dockerfile_api.py::test_dockerfile_api_non_root_user_verification_skipped 
[gw1] [ 16%] SKIPPED tests/docker/test_dockerfile_api.py::test_dockerfile_api_non_root_user_verification_skipped 
tests/docker/test_dockerfile_ci.py::test_dockerfile_ci_exists 
[gw1] [ 16%] PASSED tests/docker/test_dockerfile_ci.py::test_dockerfile_ci_exists 
tests/docker/test_dockerfile_ci.py::test_dockerfile_ci_contents 
[gw1] [ 16%] FAILED tests/docker/test_dockerfile_ci.py::test_dockerfile_ci_contents 
tests/docker/test_dockerfile_ci.py::test_dockerfile_ci_non_root_verification_skipped 
[gw1] [ 17%] SKIPPED tests/docker/test_dockerfile_ci.py::test_dockerfile_ci_non_root_verification_skipped 
tests/docker/test_dockerfile_ci.py::test_dockerfile_scraper_hardened 
[gw1] [ 17%] PASSED tests/docker/test_dockerfile_ci.py::test_dockerfile_scraper_hardened 
tests/docker/test_dockerfile_gateway.py::test_dockerfile_gateway_non_root_user_verification_skipped 
[gw1] [ 17%] SKIPPED tests/docker/test_dockerfile_gateway.py::test_dockerfile_gateway_non_root_user_verification_skipped 
tests/docker/test_dockerfile_ml.py::test_dockerfile_ml_non_root_user_verification_skipped 
[gw1] [ 17%] SKIPPED tests/docker/test_dockerfile_ml.py::test_dockerfile_ml_non_root_user_verification_skipped 
tests/docker/test_dockerfile_wasm.py::test_dockerfile_wasm_non_root_user_verification_skipped 
[gw1] [ 17%] SKIPPED tests/docker/test_dockerfile_wasm.py::test_dockerfile_wasm_non_root_user_verification_skipped 
tests/docker/test_performance_benchmarks_skipped.py::test_performance_benchmarks_skipped 
[gw2] [ 17%] PASSED tests/generated/test_scrapers_stealth.py::test_import_scrapers_stealth 
tests/generated/test_scrapers_stealth.py::test_initialization_scrapers_stealth 
[gw1] [ 17%] SKIPPED tests/docker/test_performance_benchmarks_skipped.py::test_performance_benchmarks_skipped 
tests/functional/test_api_v1.py::test_health_check 
[gw2] [ 17%] PASSED tests/generated/test_scrapers_stealth.py::test_initialization_scrapers_stealth 
tests/generated/test_security_audit.py::test_import_security_audit 
[gw2] [ 17%] PASSED tests/generated/test_security_audit.py::test_import_security_audit 
tests/generated/test_security_audit.py::test_initialization_security_audit 
[gw1] [ 17%] PASSED tests/functional/test_api_v1.py::test_health_check 
[gw2] [ 17%] PASSED tests/generated/test_security_audit.py::test_initialization_security_audit 
tests/functional/test_api_v1.py::test_pricing_rate_limit 
[gw0] [ 17%] FAILED tests/aiops/test_docker_remediator.py::TestDockerRemediator::test_docker_remediator_restart_service_success 
tests/aiops/test_docker_remediator.py::TestDockerRemediator::test_docker_remediator_restart_service_not_found 
tests/generated/test_security_auth.py::test_import_security_auth 
[gw2] [ 17%] PASSED tests/generated/test_security_auth.py::test_import_security_auth 
tests/generated/test_security_auth.py::test_initialization_security_auth 
[gw2] [ 17%] PASSED tests/generated/test_security_auth.py::test_initialization_security_auth 
tests/generated/test_security_breach_notification.py::test_import_security_breach_notification 
[gw2] [ 17%] PASSED tests/generated/test_security_breach_notification.py::test_import_security_breach_notification 
tests/generated/test_security_breach_notification.py::test_initialization_security_breach_notification 
[gw2] [ 17%] PASSED tests/generated/test_security_breach_notification.py::test_initialization_security_breach_notification 
tests/generated/test_security_mfa.py::test_import_security_mfa 
[gw2] [ 17%] PASSED tests/generated/test_security_mfa.py::test_import_security_mfa 
tests/generated/test_security_mfa.py::test_initialization_security_mfa 
[gw2] [ 17%] PASSED tests/generated/test_security_mfa.py::test_initialization_security_mfa 
tests/generated/test_security_oauth2.py::test_import_security_oauth2 
[gw2] [ 18%] PASSED tests/generated/test_security_oauth2.py::test_import_security_oauth2 
tests/generated/test_security_oauth2.py::test_initialization_security_oauth2 
[gw2] [ 18%] PASSED tests/generated/test_security_oauth2.py::test_initialization_security_oauth2 
tests/generated/test_security_password.py::test_import_security_password 
[gw2] [ 18%] PASSED tests/generated/test_security_password.py::test_import_security_password 
tests/generated/test_security_password.py::test_initialization_security_password 
[gw2] [ 18%] PASSED tests/generated/test_security_password.py::test_initialization_security_password 
tests/generated/test_security_rate_limit.py::test_import_security_rate_limit 
[gw2] [ 18%] PASSED tests/generated/test_security_rate_limit.py::test_import_security_rate_limit 
tests/generated/test_security_rate_limit.py::test_initialization_security_rate_limit 
[gw2] [ 18%] PASSED tests/generated/test_security_rate_limit.py::test_initialization_security_rate_limit 
tests/generated/test_services_batch_pricing_service.py::test_import_services_batch_pricing_service 
[gw2] [ 18%] PASSED tests/generated/test_services_batch_pricing_service.py::test_import_services_batch_pricing_service 
tests/generated/test_services_batch_pricing_service.py::test_initialization_services_batch_pricing_service 
[gw2] [ 18%] PASSED tests/generated/test_services_batch_pricing_service.py::test_initialization_services_batch_pricing_service 
tests/generated/test_services_email_service.py::test_import_services_email_service 
[gw2] [ 18%] PASSED tests/generated/test_services_email_service.py::test_import_services_email_service 
tests/ml/test_autoencoder_anomaly_detection.py::test_autoencoder_detector_empty_data 
[gw1] [ 18%] FAILED tests/functional/test_api_v1.py::test_pricing_rate_limit 
tests/functional/test_api_v1.py::test_error_response_format 
[gw1] [ 18%] FAILED tests/functional/test_api_v1.py::test_error_response_format 
tests/functional/test_auth.py::test_register_success 
[gw2] [ 18%] FAILED tests/ml/test_autoencoder_anomaly_detection.py::test_autoencoder_detector_empty_data 
tests/ml/test_autoencoder_anomaly_detection.py::test_autoencoder_detector_not_fitted_predict_raises_error 
[gw2] [ 18%] FAILED tests/ml/test_autoencoder_anomaly_detection.py::test_autoencoder_detector_not_fitted_predict_raises_error 
tests/ml/test_autoencoder_anomaly_detection.py::test_autoencoder_detector_predict_multivariate 
[gw2] [ 18%] FAILED tests/ml/test_autoencoder_anomaly_detection.py::test_autoencoder_detector_predict_multivariate 
tests/ml/test_autonomous_pipeline.py::test_pipeline_run 
[gw0] [ 18%] FAILED tests/aiops/test_docker_remediator.py::TestDockerRemediator::test_docker_remediator_restart_service_not_found 
tests/aiops/test_docker_remediator.py::TestDockerRemediator::test_docker_remediator_restart_service_get_failure 
[gw2] [ 18%] PASSED tests/ml/test_autonomous_pipeline.py::test_pipeline_run 
tests/ml/test_autonomous_pipeline.py::test_feature_generation 
[gw2] [ 18%] PASSED tests/ml/test_autonomous_pipeline.py::test_feature_generation 
tests/ml/test_autonomous_pipeline.py::test_get_current_model_performance 
[gw2] [ 18%] PASSED tests/ml/test_autonomous_pipeline.py::test_get_current_model_performance 
tests/ml/test_celery.py::test_run_pipeline_task_success 
[gw2] [ 18%] PASSED tests/ml/test_celery.py::test_run_pipeline_task_success 
tests/ml/test_celery.py::test_run_pipeline_task_failure 
[gw1] [ 19%] ERROR tests/functional/test_auth.py::test_register_success 
tests/functional/test_auth.py::test_register_duplicate_email 
[gw2] [ 19%] PASSED tests/ml/test_celery.py::test_run_pipeline_task_failure 
tests/ml/test_data_drift_detector.py::test_data_drift_detector_init 
[gw2] [ 19%] PASSED tests/ml/test_data_drift_detector.py::test_data_drift_detector_init 
tests/ml/test_data_drift_detector.py::test_data_drift_detector_no_drift 
[gw2] [ 19%] PASSED tests/ml/test_data_drift_detector.py::test_data_drift_detector_no_drift 
tests/ml/test_data_drift_detector.py::test_data_drift_detector_psi_drift_detected 
[gw2] [ 19%] PASSED tests/ml/test_data_drift_detector.py::test_data_drift_detector_psi_drift_detected 
tests/ml/test_data_drift_detector.py::test_data_drift_detector_ks_drift_detected 
[gw2] [ 19%] PASSED tests/ml/test_data_drift_detector.py::test_data_drift_detector_ks_drift_detected 
tests/ml/test_data_drift_detector.py::test_data_drift_detector_empty_data_raises_error 
[gw2] [ 19%] PASSED tests/ml/test_data_drift_detector.py::test_data_drift_detector_empty_data_raises_error 
tests/ml/test_data_drift_detector.py::test_data_drift_detector_unequal_dimensions_raises_error 
[gw2] [ 19%] PASSED tests/ml/test_data_drift_detector.py::test_data_drift_detector_unequal_dimensions_raises_error 
tests/ml/test_data_drift_detector.py::test_data_drift_detector_multivariate_detection 
[gw2] [ 19%] PASSED tests/ml/test_data_drift_detector.py::test_data_drift_detector_multivariate_detection 
tests/ml/test_db.py::test_market_tick_model 
[gw2] [ 19%] PASSED tests/ml/test_db.py::test_market_tick_model 
tests/ml/test_db.py::test_db_connection 
[gw0] [ 19%] FAILED tests/aiops/test_docker_remediator.py::TestDockerRemediator::test_docker_remediator_restart_service_get_failure 
tests/aiops/test_docker_remediator.py::TestDockerRemediator::test_docker_remediator_restart_action_failure 
[gw3] [ 19%] FAILED tests/generated/test_ml_pipelines_dag_neural_greeks.py::test_import_ml_pipelines_dag_neural_greeks 
tests/generated/test_ml_pipelines_dag_neural_greeks.py::test_initialization_ml_pipelines_dag_neural_greeks 
[gw3] [ 19%] SKIPPED tests/generated/test_ml_pipelines_dag_neural_greeks.py::test_initialization_ml_pipelines_dag_neural_greeks 
tests/generated/test_ml_pipelines_orchestrator.py::test_import_ml_pipelines_orchestrator 
[gw1] [ 19%] ERROR tests/functional/test_auth.py::test_register_duplicate_email 
tests/functional/test_auth.py::test_login_success 
[gw0] [ 19%] FAILED tests/aiops/test_docker_remediator.py::TestDockerRemediator::test_docker_remediator_restart_action_failure 
tests/aiops/test_docker_remediator.py::TestDockerRemediator::test_docker_remediator_restart_service_empty_name_raises_error 
[gw0] [ 19%] FAILED tests/aiops/test_docker_remediator.py::TestDockerRemediator::test_docker_remediator_restart_service_empty_name_raises_error 
tests/aiops/test_drift_detector.py::test_pricing_drift_detector_init 
[gw0] [ 19%] PASSED tests/aiops/test_drift_detector.py::test_pricing_drift_detector_init 
tests/aiops/test_drift_detector.py::test_check_drift_insufficient_data 
[gw0] [ 19%] PASSED tests/aiops/test_drift_detector.py::test_check_drift_insufficient_data 
tests/aiops/test_drift_detector.py::test_check_drift_detected 
[gw0] [ 20%] PASSED tests/aiops/test_drift_detector.py::test_check_drift_detected 
tests/aiops/test_drift_detector.py::test_analyze_vol_smile_drift_stub 
[gw0] [ 20%] PASSED tests/aiops/test_drift_detector.py::test_analyze_vol_smile_drift_stub 
tests/aiops/test_latency_remediator.py::test_latency_remediator_init 
[gw0] [ 20%] PASSED tests/aiops/test_latency_remediator.py::test_latency_remediator_init 
tests/aiops/test_latency_remediator.py::test_query_p95_latency_success 
[gw0] [ 20%] PASSED tests/aiops/test_latency_remediator.py::test_query_p95_latency_success 
tests/aiops/test_latency_remediator.py::test_query_p95_latency_failure 
[gw0] [ 20%] PASSED tests/aiops/test_latency_remediator.py::test_query_p95_latency_failure 
tests/aiops/test_latency_remediator.py::test_check_and_remediate_cooldown 
[gw0] [ 20%] PASSED tests/aiops/test_latency_remediator.py::test_check_and_remediate_cooldown 
tests/aiops/test_latency_remediator.py::test_trigger_kernel_tuning_success 
[gw0] [ 20%] PASSED tests/aiops/test_latency_remediator.py::test_trigger_kernel_tuning_success 
tests/aiops/test_latency_remediator.py::test_trigger_kernel_tuning_failure 
[gw0] [ 20%] PASSED tests/aiops/test_latency_remediator.py::test_trigger_kernel_tuning_failure 
tests/aiops/test_ml_pipeline_trigger.py::TestMLPipelineTrigger::test_ml_pipeline_trigger_init_success 
[gw0] [ 20%] PASSED tests/aiops/test_ml_pipeline_trigger.py::TestMLPipelineTrigger::test_ml_pipeline_trigger_init_success 
tests/aiops/test_ml_pipeline_trigger.py::TestMLPipelineTrigger::test_ml_pipeline_trigger_missing_config_raises_error 
[gw0] [ 20%] PASSED tests/aiops/test_ml_pipeline_trigger.py::TestMLPipelineTrigger::test_ml_pipeline_trigger_missing_config_raises_error 
tests/aiops/test_ml_pipeline_trigger.py::TestMLPipelineTrigger::test_ml_pipeline_trigger_success 
[gw0] [ 20%] PASSED tests/aiops/test_ml_pipeline_trigger.py::TestMLPipelineTrigger::test_ml_pipeline_trigger_success 
tests/aiops/test_ml_pipeline_trigger.py::TestMLPipelineTrigger::test_ml_pipeline_trigger_failure 
[gw0] [ 20%] PASSED tests/aiops/test_ml_pipeline_trigger.py::TestMLPipelineTrigger::test_ml_pipeline_trigger_failure 
tests/aiops/test_prometheus_adapter.py::test_prometheus_client_class_exists 
[gw0] [ 20%] PASSED tests/aiops/test_prometheus_adapter.py::test_prometheus_client_class_exists 
tests/aiops/test_prometheus_adapter.py::test_prometheus_client_init 
[gw0] [ 20%] PASSED tests/aiops/test_prometheus_adapter.py::test_prometheus_client_init 
tests/aiops/test_prometheus_adapter.py::test_check_connectivity_success 
[gw0] [ 20%] PASSED tests/aiops/test_prometheus_adapter.py::test_check_connectivity_success 
tests/aiops/test_prometheus_adapter.py::test_check_connectivity_failure 
[gw1] [ 20%] ERROR tests/functional/test_auth.py::test_login_success 
tests/functional/test_auth.py::test_login_invalid_credentials 
[gw0] [ 20%] FAILED tests/aiops/test_prometheus_adapter.py::test_check_connectivity_failure 
tests/aiops/test_prometheus_adapter.py::test_get_5xx_error_rate_success 
[gw0] [ 20%] FAILED tests/aiops/test_prometheus_adapter.py::test_get_5xx_error_rate_success 
tests/aiops/test_prometheus_adapter.py::test_get_5xx_error_rate_empty_service 
[gw0] [ 20%] FAILED tests/aiops/test_prometheus_adapter.py::test_get_5xx_error_rate_empty_service 
tests/aiops/test_prometheus_adapter.py::test_get_5xx_error_rate_query_failure 
[gw3] [ 21%] FAILED tests/generated/test_ml_pipelines_orchestrator.py::test_import_ml_pipelines_orchestrator 
tests/generated/test_ml_pipelines_orchestrator.py::test_initialization_ml_pipelines_orchestrator 
[gw3] [ 21%] SKIPPED tests/generated/test_ml_pipelines_orchestrator.py::test_initialization_ml_pipelines_orchestrator 
tests/generated/test_ml_pipelines_retraining.py::test_import_ml_pipelines_retraining 
[gw1] [ 21%] ERROR tests/functional/test_auth.py::test_login_invalid_credentials 
tests/functional/test_auth.py::test_protected_endpoint_unauthorized 
[gw2] [ 21%] FAILED tests/ml/test_db.py::test_db_connection 
tests/ml/test_db.py::test_minio_storage 
[gw2] [ 21%] PASSED tests/ml/test_db.py::test_minio_storage 
tests/ml/test_db_schema_tft.py::test_market_data_symbol_tagging 
[gw2] [ 21%] FAILED tests/ml/test_db_schema_tft.py::test_market_data_symbol_tagging 
tests/ml/test_db_schema_tft.py::test_timescaledb_hypertable_status_mocked 
[gw2] [ 21%] PASSED tests/ml/test_db_schema_tft.py::test_timescaledb_hypertable_status_mocked 
tests/ml/test_drift.py::test_ks_test_instrumentation 
[gw2] [ 21%] PASSED tests/ml/test_drift.py::test_ks_test_instrumentation 
tests/ml/test_drift.py::test_calculate_ks_test_no_drift 
[gw0] [ 21%] FAILED tests/aiops/test_prometheus_adapter.py::test_get_5xx_error_rate_query_failure 
tests/aiops/test_prometheus_adapter.py::test_get_5xx_error_rate_empty_result 
[gw2] [ 21%] PASSED tests/ml/test_drift.py::test_calculate_ks_test_no_drift 
tests/ml/test_drift.py::test_calculate_ks_test_significant_drift 
[gw0] [ 21%] PASSED tests/aiops/test_prometheus_adapter.py::test_get_5xx_error_rate_empty_result 
tests/aiops/test_prometheus_adapter.py::test_get_p95_latency_success 
[gw2] [ 21%] PASSED tests/ml/test_drift.py::test_calculate_ks_test_significant_drift 
tests/ml/test_drift.py::test_drift_instrumentation 
[gw2] [ 21%] PASSED tests/ml/test_drift.py::test_drift_instrumentation 
tests/ml/test_drift.py::test_calculate_psi_no_drift 
[gw2] [ 21%] PASSED tests/ml/test_drift.py::test_calculate_psi_no_drift 
tests/ml/test_drift.py::test_calculate_psi_significant_drift 
[gw2] [ 21%] PASSED tests/ml/test_drift.py::test_calculate_psi_significant_drift 
tests/ml/test_drift.py::test_calculate_psi_zero_bin_handling 
[gw2] [ 21%] PASSED tests/ml/test_drift.py::test_calculate_psi_zero_bin_handling 
tests/ml/test_drift.py::test_performance_drift_monitor 
[gw2] [ 21%] PASSED tests/ml/test_drift.py::test_performance_drift_monitor 
tests/ml/test_drift.py::test_performance_drift_alert_instrumentation 
[gw2] [ 21%] PASSED tests/ml/test_drift.py::test_performance_drift_alert_instrumentation 
tests/ml/test_drift.py::test_performance_drift_insufficient_history 
[gw2] [ 22%] PASSED tests/ml/test_drift.py::test_performance_drift_insufficient_history 
tests/ml/test_environment.py::test_src_directories_exist 
[gw2] [ 22%] PASSED tests/ml/test_environment.py::test_src_directories_exist 
tests/ml/test_environment.py::test_tests_directory_exists 
[gw2] [ 22%] PASSED tests/ml/test_environment.py::test_tests_directory_exists 
tests/ml/test_environment.py::test_dependencies_installed[numpy] 
[gw2] [ 22%] PASSED tests/ml/test_environment.py::test_dependencies_installed[numpy] 
tests/ml/test_environment.py::test_dependencies_installed[pandas] 
[gw2] [ 22%] PASSED tests/ml/test_environment.py::test_dependencies_installed[pandas] 
tests/ml/test_environment.py::test_dependencies_installed[xgboost] 
[gw2] [ 22%] PASSED tests/ml/test_environment.py::test_dependencies_installed[xgboost] 
tests/ml/test_environment.py::test_dependencies_installed[optuna] 
[gw2] [ 22%] PASSED tests/ml/test_environment.py::test_dependencies_installed[optuna] 
tests/ml/test_environment.py::test_dependencies_installed[mlflow] 
[gw2] [ 22%] PASSED tests/ml/test_environment.py::test_dependencies_installed[mlflow] 
tests/ml/test_environment.py::test_dependencies_installed[prometheus_client] 
[gw2] [ 22%] PASSED tests/ml/test_environment.py::test_dependencies_installed[prometheus_client] 
tests/ml/test_environment.py::test_dependencies_installed[structlog] 
[gw2] [ 22%] PASSED tests/ml/test_environment.py::test_dependencies_installed[structlog] 
tests/ml/test_environment.py::test_dependencies_installed[sklearn] 
[gw2] [ 22%] PASSED tests/ml/test_environment.py::test_dependencies_installed[sklearn] 
tests/ml/test_feature_store.py::test_log_return_feature 
[gw2] [ 22%] PASSED tests/ml/test_feature_store.py::test_log_return_feature 
tests/ml/test_feature_store.py::test_synthetic_ohlc_feature 
[gw2] [ 22%] PASSED tests/ml/test_feature_store.py::test_synthetic_ohlc_feature 
tests/ml/test_feature_store.py::test_feature_store_compute 
[gw2] [ 22%] PASSED tests/ml/test_feature_store.py::test_feature_store_compute 
tests/ml/test_feature_store.py::test_feature_store_synthetic_integration 
[gw2] [ 22%] PASSED tests/ml/test_feature_store.py::test_feature_store_synthetic_integration 
tests/ml/test_federated_learning.py::test_coordinator_initialization 
[gw2] [ 22%] PASSED tests/ml/test_federated_learning.py::test_coordinator_initialization 
tests/ml/test_federated_learning.py::test_coordinator_start_server 
[gw2] [ 22%] FAILED tests/ml/test_federated_learning.py::test_coordinator_start_server 
tests/ml/test_instrumentation.py::test_trainer_new_prometheus_metrics 
[gw0] [ 22%] FAILED tests/aiops/test_prometheus_adapter.py::test_get_p95_latency_success 
tests/aiops/test_prometheus_adapter.py::test_get_p95_latency_empty_service 
[gw0] [ 22%] FAILED tests/aiops/test_prometheus_adapter.py::test_get_p95_latency_empty_service 
tests/aiops/test_prometheus_adapter.py::test_get_p95_latency_query_failure 
[gw1] [ 23%] ERROR tests/functional/test_auth.py::test_protected_endpoint_unauthorized 
tests/functional/test_auth.py::test_protected_endpoint_valid_token 
[gw0] [ 23%] FAILED tests/aiops/test_prometheus_adapter.py::test_get_p95_latency_query_failure 
tests/aiops/test_prometheus_adapter.py::test_get_p95_latency_empty_result 
[gw0] [ 23%] PASSED tests/aiops/test_prometheus_adapter.py::test_get_p95_latency_empty_result 
tests/aiops/test_redis_remediator.py::TestRedisRemediator::test_redis_remediator_init_success 
[gw0] [ 23%] PASSED tests/aiops/test_redis_remediator.py::TestRedisRemediator::test_redis_remediator_init_success 
tests/aiops/test_redis_remediator.py::TestRedisRemediator::test_redis_remediator_init_failure 
[gw0] [ 23%] PASSED tests/aiops/test_redis_remediator.py::TestRedisRemediator::test_redis_remediator_init_failure 
tests/aiops/test_redis_remediator.py::TestRedisRemediator::test_redis_remediator_purge_cache_success 
[gw0] [ 23%] PASSED tests/aiops/test_redis_remediator.py::TestRedisRemediator::test_redis_remediator_purge_cache_success 
tests/aiops/test_redis_remediator.py::TestRedisRemediator::test_redis_remediator_purge_cache_no_keys_found 
[gw0] [ 23%] PASSED tests/aiops/test_redis_remediator.py::TestRedisRemediator::test_redis_remediator_purge_cache_no_keys_found 
tests/aiops/test_redis_remediator.py::TestRedisRemediator::test_redis_remediator_purge_cache_failure 
[gw0] [ 23%] PASSED tests/aiops/test_redis_remediator.py::TestRedisRemediator::test_redis_remediator_purge_cache_failure 
[...]
[gw2] [ 92%] PASSED tests/unit/utils/test_lazy_import_internal.py::test_get_import_stats_complex 
tests/unit/utils/test_lazy_import_internal.py::test_lazy_import_double_check 
[gw2] [ 92%] PASSED tests/unit/utils/test_lazy_import_internal.py::test_lazy_import_double_check 
tests/unit/utils/test_lazy_import_internal.py::test_lazy_import_circular_error_propagation 
[gw2] [ 92%] ERROR tests/unit/utils/test_lazy_import_internal.py::test_lazy_import_circular_error_propagation 
tests/unit/utils/test_lazy_import_internal.py::test_ml_init_logic 
[gw2] [ 92%] PASSED tests/unit/utils/test_lazy_import_internal.py::test_ml_init_logic 
tests/unit/utils/test_lazy_import_internal.py::test_import_stack_cleanup_on_error 
[gw2] [ 92%] PASSED tests/unit/utils/test_lazy_import_internal.py::test_import_stack_cleanup_on_error 
tests/unit/utils/test_lazy_import_internal.py::test_track_import_stack_cleanup 
[gw2] [ 92%] PASSED tests/unit/utils/test_lazy_import_internal.py::test_track_import_stack_cleanup 
tests/unit/utils/test_lazy_import_internal.py::test_preload_modules_failure_logging 
[gw2] [ 92%] ERROR tests/unit/utils/test_lazy_import_internal.py::test_preload_modules_failure_logging 
tests/unit/utils/test_lazy_import_internal.py::test_ml_getattr 
[gw2] [ 92%] ERROR tests/unit/utils/test_lazy_import_internal.py::test_ml_getattr 
tests/unit/utils/test_lazy_import_internal.py::test_ml_get_ml_import_stats 
[gw2] [ 92%] PASSED tests/unit/utils/test_lazy_import_internal.py::test_ml_get_ml_import_stats 
tests/unit/utils/test_lazy_import_internal.py::test_ml_type_checking_imports_with_dummy_module 
[gw2] [ 92%] ERROR tests/unit/utils/test_lazy_import_internal.py::test_ml_type_checking_imports_with_dummy_module 
tests/unit/utils/test_lazy_import_internal.py::test_pricing_getattr 
[gw2] [ 92%] ERROR tests/unit/utils/test_lazy_import_internal.py::test_pricing_getattr 
tests/unit/utils/test_lazy_import_internal.py::test_pricing_dir 
[gw2] [ 92%] PASSED tests/unit/utils/test_lazy_import_internal.py::test_pricing_dir 
tests/unit/utils/test_lazy_import_internal.py::test_preload_classical_pricers 
[gw2] [ 92%] ERROR tests/unit/utils/test_lazy_import_internal.py::test_preload_classical_pricers 
tests/unit/utils/test_lazy_import_internal.py::test_pricing_type_checking_imports_with_dummy_module 
[gw2] [ 92%] ERROR tests/unit/utils/test_lazy_import_internal.py::test_pricing_type_checking_imports_with_dummy_module 
tests/unit/utils/test_lazy_import_internal.py::test_streaming_getattr 
[gw2] [ 92%] ERROR tests/unit/utils/test_lazy_import_internal.py::test_streaming_getattr 
tests/unit/utils/test_lazy_import_internal.py::test_streaming_dir 
[gw2] [ 93%] PASSED tests/unit/utils/test_lazy_import_internal.py::test_streaming_dir 
tests/unit/utils/test_lazy_import_internal.py::test_preload_streaming_modules 
[gw1] [ 93%] FAILED tests/unit/test_blockchain_defi.py::test_defi_options_protocol_initialization 
[gw2] [ 93%] ERROR tests/unit/utils/test_lazy_import_internal.py::test_preload_streaming_modules 
tests/unit/test_blockchain_defi.py::test_defi_options_buy_logic 
tests/unit/utils/test_lazy_import_internal.py::test_streaming_type_checking_imports_with_dummy_module 
[gw2] [ 93%] ERROR tests/unit/utils/test_lazy_import_internal.py::test_streaming_type_checking_imports_with_dummy_module 
tests/unit/utils/test_lazy_import_internal.py::test_blockchain_getattr 
[gw2] [ 93%] ERROR tests/unit/utils/test_lazy_import_internal.py::test_blockchain_getattr 
tests/unit/utils/test_lazy_import_internal.py::test_blockchain_dir 
[gw2] [ 93%] PASSED tests/unit/utils/test_lazy_import_internal.py::test_blockchain_dir 
tests/unit/utils/test_lazy_import_internal.py::test_blockchain_type_checking_imports_with_dummy_module 
[gw2] [ 93%] ERROR tests/unit/utils/test_lazy_import_internal.py::test_blockchain_type_checking_imports_with_dummy_module 
tests/unit/utils/test_lazy_import_internal.py::test_pricing_init 
[gw2] [ 93%] ERROR tests/unit/utils/test_lazy_import_internal.py::test_pricing_init 
tests/unit/utils/test_lazy_import_internal.py::test_lazy_import_full_module_path_starts_with_dot 
[gw2] [ 93%] ERROR tests/unit/utils/test_lazy_import_internal.py::test_lazy_import_full_module_path_starts_with_dot 
tests/unit/utils/test_sanitization.py::test_sanitize_string 
[gw2] [ 93%] PASSED tests/unit/utils/test_sanitization.py::test_sanitize_string 
tests/unit/utils/test_sanitization.py::test_sanitize_email 
[gw2] [ 93%] PASSED tests/unit/utils/test_sanitization.py::test_sanitize_email 
tests/unit/utils/test_sanitization.py::test_mask_email 
[gw2] [ 93%] PASSED tests/unit/utils/test_sanitization.py::test_mask_email 
tests/unit/webhooks/test_dispatcher_advanced.py::test_signature_generation_and_verification 
[gw2] [ 93%] PASSED tests/unit/webhooks/test_dispatcher_advanced.py::test_signature_generation_and_verification 
tests/unit/webhooks/test_dispatcher_advanced.py::test_signature_timestamp_tolerance 
[gw2] [ 93%] PASSED tests/unit/webhooks/test_dispatcher_advanced.py::test_signature_timestamp_tolerance 
tests/unit/webhooks/test_dispatcher_advanced.py::test_dispatch_webhook_success 
[gw2] [ 93%] PASSED tests/unit/webhooks/test_dispatcher_advanced.py::test_dispatch_webhook_success 
tests/unit/webhooks/test_dispatcher_advanced.py::test_dispatch_webhook_circuit_breaker_open 
[gw2] [ 93%] PASSED tests/unit/webhooks/test_dispatcher_advanced.py::test_dispatch_webhook_circuit_breaker_open 
tests/unit/webhooks/test_dispatcher_advanced.py::test_dispatch_webhook_general_failure 
[gw2] [ 93%] PASSED tests/unit/webhooks/test_dispatcher_advanced.py::test_dispatch_webhook_general_failure 
tests/unit/workers/test_math_worker.py::test_recalibrate_symbol_success 
[gw2] [ 93%] FAILED tests/unit/workers/test_math_worker.py::test_recalibrate_symbol_success 
tests/unit/workers/test_math_worker.py::test_health_check_success 
[gw2] [ 93%] FAILED tests/unit/workers/test_math_worker.py::test_health_check_success 
tests/unit/workers/test_math_worker_unit.py::test_recalibrate_symbol_async_no_data 
[gw2] [ 94%] PASSED tests/unit/workers/test_math_worker_unit.py::test_recalibrate_symbol_async_no_data 
tests/unit/workers/test_math_worker_unit.py::test_recalibrate_symbol_async_success 
[gw2] [ 94%] PASSED tests/unit/workers/test_math_worker_unit.py::test_recalibrate_symbol_async_success 
tests/unit/workers/test_math_worker_unit.py::test_calibration_worker_integration 
[gw2] [ 94%] PASSED tests/unit/workers/test_math_worker_unit.py::test_calibration_worker_integration 
tests/unit/workers/test_math_worker_unit.py::test_recalibrate_symbol_task_failure 
[gw2] [ 94%] FAILED tests/unit/workers/test_math_worker_unit.py::test_recalibrate_symbol_task_failure 
tests/utils/test_circuit_breaker.py::test_local_circuit_breaker_flow 
[gw2] [ 94%] FAILED tests/utils/test_circuit_breaker.py::test_local_circuit_breaker_flow 
tests/utils/test_circuit_breaker.py::test_redis_circuit_breaker_flow 
[gw2] [ 94%] PASSED tests/utils/test_circuit_breaker.py::test_redis_circuit_breaker_flow 
tests/utils/test_circuit_breaker.py::test_redis_circuit_breaker_open_rejection 
[gw2] [ 94%] PASSED tests/utils/test_circuit_breaker.py::test_redis_circuit_breaker_open_rejection 
tests/utils/test_circuit_breaker.py::test_redis_circuit_breaker_sync_func 
[gw2] [ 94%] PASSED tests/utils/test_circuit_breaker.py::test_redis_circuit_breaker_sync_func 
tests/utils/test_circuit_breaker.py::test_redis_circuit_breaker_get_failures 
[gw2] [ 94%] PASSED tests/utils/test_circuit_breaker.py::test_redis_circuit_breaker_get_failures 
tests/webhooks/test_dispatcher.py::test_generate_signature_consistency 
[gw2] [ 94%] PASSED tests/webhooks/test_dispatcher.py::test_generate_signature_consistency 
tests/webhooks/test_dispatcher.py::test_verify_signature_valid 
[gw2] [ 94%] PASSED tests/webhooks/test_dispatcher.py::test_verify_signature_valid 
tests/webhooks/test_dispatcher.py::test_verify_signature_invalid_payload 
[gw2] [ 94%] PASSED tests/webhooks/test_dispatcher.py::test_verify_signature_invalid_payload 
tests/webhooks/test_dispatcher.py::test_verify_signature_invalid_secret 
[gw2] [ 94%] PASSED tests/webhooks/test_dispatcher.py::test_verify_signature_invalid_secret 
tests/webhooks/test_dispatcher.py::test_verify_signature_expired_timestamp 
[gw2] [ 94%] PASSED tests/webhooks/test_dispatcher.py::test_verify_signature_expired_timestamp 
tests/webhooks/test_dispatcher.py::test_verify_signature_future_timestamp 
[gw2] [ 94%] PASSED tests/webhooks/test_dispatcher.py::test_verify_signature_future_timestamp 
tests/webhooks/test_dispatcher_circuit_breaker.py::test_circuit_breaker_closed_to_open 
[gw2] [ 94%] FAILED tests/webhooks/test_dispatcher_circuit_breaker.py::test_circuit_breaker_closed_to_open 
tests/webhooks/test_dispatcher_circuit_breaker.py::test_circuit_breaker_open_to_half_open 
[gw2] [ 94%] FAILED tests/webhooks/test_dispatcher_circuit_breaker.py::test_circuit_breaker_open_to_half_open 
tests/webhooks/test_dispatcher_circuit_breaker.py::test_circuit_breaker_half_open_success_to_closed 
[gw2] [ 94%] FAILED tests/webhooks/test_dispatcher_circuit_breaker.py::test_circuit_breaker_half_open_success_to_closed 
tests/webhooks/test_dispatcher_circuit_breaker.py::test_circuit_breaker_half_open_failure_to_open 
[gw2] [ 95%] FAILED tests/webhooks/test_dispatcher_circuit_breaker.py::test_circuit_breaker_half_open_failure_to_open 
tests/webhooks/test_dispatcher_circuit_breaker.py::test_dispatcher_exponential_backoff_retries 
[gw2] [ 95%] FAILED tests/webhooks/test_dispatcher_circuit_breaker.py::test_dispatcher_exponential_backoff_retries 
tests/webhooks/test_dispatcher_circuit_breaker.py::test_dispatcher_dlq_routing 
[gw2] [ 95%] FAILED tests/webhooks/test_dispatcher_circuit_breaker.py::test_dispatcher_dlq_routing 
tests/webhooks/test_dispatcher_circuit_breaker.py::test_dispatcher_circuit_breaker_skipped 
[gw2] [ 95%] FAILED tests/webhooks/test_dispatcher_circuit_breaker.py::test_dispatcher_circuit_breaker_skipped 
tests/webhooks/test_dispatcher_circuit_breaker.py::test_dispatcher_request_error_retry 
[gw2] [ 95%] FAILED tests/webhooks/test_dispatcher_circuit_breaker.py::test_dispatcher_request_error_retry 
tests/webhooks/test_dispatcher_circuit_breaker.py::test_dispatcher_dlq_on_unexpected_exception 
[gw2] [ 95%] FAILED tests/webhooks/test_dispatcher_circuit_breaker.py::test_dispatcher_dlq_on_unexpected_exception 
tests/workers/test_webhook_worker.py::test_process_webhook_task_success 
[gw2] [ 95%] FAILED tests/workers/test_webhook_worker.py::test_process_webhook_task_success 
tests/workers/test_webhook_worker.py::test_process_webhook_task_failure_and_retry 
[gw2] [ 95%] FAILED tests/workers/test_webhook_worker.py::test_process_webhook_task_failure_and_retry 
tests/workers/test_webhook_worker.py::test_process_webhook_task_max_retries_exceeded 
[gw2] [ 95%] FAILED tests/workers/test_webhook_worker.py::test_process_webhook_task_max_retries_exceeded 
tests/workers/test_webhook_worker.py::test_send_to_dlq_task_execution 
[gw2] [ 95%] PASSED tests/workers/test_webhook_worker.py::test_send_to_dlq_task_execution 
[gw3] [ 95%] FAILED tests/test_db_option_greeks.py::test_insert_and_query_greeks 
tests/test_db_options_metadata.py::test_option_contracts_table_exists 
[gw3] [ 95%] FAILED tests/test_db_options_metadata.py::test_option_contracts_table_exists 
tests/test_db_options_metadata.py::test_option_contracts_indices 
[gw3] [ 95%] FAILED tests/test_db_options_metadata.py::test_option_contracts_indices 
tests/test_db_options_metadata.py::test_insert_and_query_option 
[gw3] [ 95%] FAILED tests/test_db_options_metadata.py::test_insert_and_query_option 
tests/test_db_portfolio.py::test_portfolio_tables_exist 
[gw1] [ 95%] FAILED tests/unit/test_blockchain_defi.py::test_defi_options_buy_logic 
tests/unit/test_cli_main.py::test_cli_version 
[gw1] [ 95%] FAILED tests/unit/test_cli_main.py::test_cli_version 
[gw3] [ 95%] FAILED tests/test_db_portfolio.py::test_portfolio_tables_exist 
tests/test_db_portfolio.py::test_portfolio_relationships %3|1770539368.962|FAIL|rdkafka#consumer-1| [thrd:kafka-3:9092/bootstrap]: kafka-3:9092/bootstrap: Failed to resolve 'kafka-3:9092': Name or service not known (after 7145ms in state CONNECT, 4 identical error(s) suppressed)
%3|1770539369.996|FAIL|rdkafka#consumer-1| [thrd:kafka-1:9092/bootstrap]: kafka-1:9092/bootstrap: Failed to resolve 'kafka-1:9092': Name or service not known (after 7156ms in state CONNECT, 4 identical error(s) suppressed)
%3|1770539369.996|FAIL|rdkafka#consumer-1| [thrd:kafka-2:9092/bootstrap]: kafka-2:9092/bootstrap: Failed to resolve 'kafka-2:9092': Name or service not known (after 7105ms in state CONNECT, 4 identical error(s) suppressed)

[gw3] [ 95%] FAILED tests/test_db_portfolio.py::test_portfolio_relationships 
tests/test_db_portfolio.py::test_rls_enforcement 
[gw3] [ 95%] FAILED tests/test_db_portfolio.py::test_rls_enforcement 
tests/test_db_rl_episodes.py::test_rl_episodes_table_exists 
[gw3] [ 96%] FAILED tests/test_db_rl_episodes.py::test_rl_episodes_table_exists 
tests/test_db_rl_episodes.py::test_insert_and_query_rl_episode 
[gw3] [ 96%] FAILED tests/test_db_rl_episodes.py::test_insert_and_query_rl_episode 
tests/test_db_vector_store.py::test_model_embeddings_table_exists %3|1770539403.296|FAIL|rdkafka#consumer-1| [thrd:kafka-3:9092/bootstrap]: kafka-3:9092/bootstrap: Failed to resolve 'kafka-3:9092': Name or service not known (after 7119ms in state CONNECT, 4 identical error(s) suppressed)
%3|1770539404.796|FAIL|rdkafka#consumer-1| [thrd:kafka-2:9092/bootstrap]: kafka-2:9092/bootstrap: Failed to resolve 'kafka-2:9092': Name or service not known (after 7698ms in state CONNECT, 4 identical error(s) suppressed)
%3|1770539404.796|FAIL|rdkafka#consumer-1| [thrd:kafka-1:9092/bootstrap]: kafka-1:9092/bootstrap: Failed to resolve 'kafka-1:9092': Name or service not known (after 7749ms in state CONNECT, 4 identical error(s) suppressed)

[gw3] [ 96%] FAILED tests/test_db_vector_store.py::test_model_embeddings_table_exists 
tests/test_db_vector_store.py::test_vector_similarity_search 
[gw3] [ 96%] FAILED tests/test_db_vector_store.py::test_vector_similarity_search 
tests/test_db_vector_store.py::test_hnsw_index_exists 
[gw3] [ 96%] FAILED tests/test_db_vector_store.py::test_hnsw_index_exists 
tests/test_exotic_coverage.py::test_digital_put_coverage 
[gw3] [ 96%] PASSED tests/test_exotic_coverage.py::test_digital_put_coverage 
tests/test_exotic_coverage.py::test_floating_lookback_put_analytical 
[gw3] [ 96%] PASSED tests/test_exotic_coverage.py::test_floating_lookback_put_analytical 
tests/test_exotic_coverage.py::test_price_exotic_option_lookback_analytical 
[gw3] [ 96%] PASSED tests/test_exotic_coverage.py::test_price_exotic_option_lookback_analytical 
tests/test_exotic_coverage.py::test_price_exotic_option_unknown 
[gw3] [ 96%] PASSED tests/test_exotic_coverage.py::test_price_exotic_option_unknown 
tests/test_exotic_coverage.py::test_floating_lookback_zero_maturity 
[gw3] [ 96%] PASSED tests/test_exotic_coverage.py::test_floating_lookback_zero_maturity 
tests/test_exotic_coverage.py::test_arithmetic_asian_mc_floating_strike_put 
[gw3] [ 96%] PASSED tests/test_exotic_coverage.py::test_arithmetic_asian_mc_floating_strike_put 
tests/test_exotic_coverage.py::test_price_exotic_option_barrier_string 
[gw3] [ 96%] PASSED tests/test_exotic_coverage.py::test_price_exotic_option_barrier_string 
tests/test_exotic_coverage.py::test_barrier_analytical_down_in_hit 
[gw3] [ 96%] PASSED tests/test_exotic_coverage.py::test_barrier_analytical_down_in_hit 
tests/test_exotic_coverage.py::test_lookback_mc_n_paths 
[gw3] [ 96%] PASSED tests/test_exotic_coverage.py::test_lookback_mc_n_paths 
tests/test_exotic_coverage.py::test_digital_greeks_gamma 
[gw3] [ 96%] PASSED tests/test_exotic_coverage.py::test_digital_greeks_gamma 
tests/test_factory_coverage.py::test_factory_get_strategy 
[gw3] [ 96%] FAILED tests/test_factory_coverage.py::test_factory_get_strategy 
tests/test_factory_coverage.py::test_factory_invalid_model 
[gw3] [ 96%] FAILED tests/test_factory_coverage.py::test_factory_invalid_model 
tests/test_federation_consistency.py::test_options_subgraph 
[gw3] [ 96%] PASSED tests/test_federation_consistency.py::test_options_subgraph 
tests/test_federation_consistency.py::test_pricing_subgraph 
[gw3] [ 97%] FAILED tests/test_federation_consistency.py::test_pricing_subgraph 
tests/test_federation_consistency.py::test_ml_subgraph 
[gw3] [ 97%] PASSED tests/test_federation_consistency.py::test_ml_subgraph 
tests/test_federation_consistency.py::test_portfolio_subgraph 
[gw3] [ 97%] PASSED tests/test_federation_consistency.py::test_portfolio_subgraph 
tests/test_federation_consistency.py::test_marketdata_subgraph 
[gw3] [ 97%] PASSED tests/test_federation_consistency.py::test_marketdata_subgraph 
tests/test_finite_difference_coverage.py::test_fdm_call_price 
[gw3] [ 97%] FAILED tests/test_finite_difference_coverage.py::test_fdm_call_price 
tests/test_finite_difference_coverage.py::test_fdm_put_price 
[gw3] [ 97%] PASSED tests/test_finite_difference_coverage.py::test_fdm_put_price 
tests/test_finite_difference_coverage.py::test_fdm_greeks 
[gw3] [ 97%] FAILED tests/test_finite_difference_coverage.py::test_fdm_greeks 
tests/test_finite_difference_coverage.py::test_fdm_zero_maturity 
[gw3] [ 97%] PASSED tests/test_finite_difference_coverage.py::test_fdm_zero_maturity 
tests/test_finite_difference_coverage.py::test_fdm_diagnostics 
[gw3] [ 97%] PASSED tests/test_finite_difference_coverage.py::test_fdm_diagnostics 
tests/test_finite_difference_coverage.py::test_fdm_boundary_conditions 
[gw3] [ 97%] FAILED tests/test_finite_difference_coverage.py::test_fdm_boundary_conditions 
tests/test_finite_difference_coverage.py::test_fdm_zero_maturity_put_greeks 
[gw3] [ 97%] PASSED tests/test_finite_difference_coverage.py::test_fdm_zero_maturity_put_greeks 
tests/test_finite_difference_coverage.py::test_fdm_boundary_indices 
[gw3] [ 97%] FAILED tests/test_finite_difference_coverage.py::test_fdm_boundary_indices 
tests/test_finite_difference_coverage.py::test_fdm_iterative_solver 
[gw3] [ 97%] PASSED tests/test_finite_difference_coverage.py::test_fdm_iterative_solver 
tests/test_finite_difference_coverage.py::test_fdm_solve_unused_method 
[gw3] [ 97%] PASSED tests/test_finite_difference_coverage.py::test_fdm_solve_unused_method 
tests/test_finite_difference_coverage.py::test_fdm_zero_maturity_put_otm_greeks 
[gw3] [ 97%] PASSED tests/test_finite_difference_coverage.py::test_fdm_zero_maturity_put_otm_greeks 
tests/test_finite_difference_coverage.py::test_fdm_iterative_solver_ilu_fail 
[gw3] [ 97%] FAILED tests/test_finite_difference_coverage.py::test_fdm_iterative_solver_ilu_fail 
tests/test_finite_difference_coverage.py::test_fdm_iterative_solver_convergence_fail 
[gw3] [ 97%] FAILED tests/test_finite_difference_coverage.py::test_fdm_iterative_solver_convergence_fail 
tests/test_finite_difference_coverage.py::test_fdm_clone 
[gw3] [ 97%] PASSED tests/test_finite_difference_coverage.py::test_fdm_clone 
tests/test_finite_difference_coverage.py::test_fdm_short_maturity_theta 
[gw3] [ 97%] PASSED tests/test_finite_difference_coverage.py::test_fdm_short_maturity_theta 
tests/test_heston_calibration.py::TestHestonCalibration::test_calibration_simulated_data %3|1770539437.047|FAIL|rdkafka#consumer-1| [thrd:kafka-3:9092/bootstrap]: kafka-3:9092/bootstrap: Failed to resolve 'kafka-3:9092': Name or service not known (after 7449ms in state CONNECT, 4 identical error(s) suppressed)
%3|1770539438.084|FAIL|rdkafka#consumer-1| [thrd:kafka-1:9092/bootstrap]: kafka-1:9092/bootstrap: Failed to resolve 'kafka-1:9092': Name or service not known (after 7413ms in state CONNECT, 4 identical error(s) suppressed)
%3|1770539438.084|FAIL|rdkafka#consumer-1| [thrd:kafka-2:9092/bootstrap]: kafka-2:9092/bootstrap: Failed to resolve 'kafka-2:9092': Name or service not known (after 7464ms in state CONNECT, 4 identical error(s) suppressed)
