<?xml version="1.0" encoding="utf-8"?><testsuites name="pytest tests"><testsuite name="pytest" errors="0" failures="0" skipped="0" tests="35" time="30.760" timestamp="2025-12-29T19:48:03.461543+03:00" hostname="fedora"><testcase classname="tests.functional.test_auth" name="test_register_success" time="2.034" /><testcase classname="tests.functional.test_auth" name="test_register_duplicate_email" time="1.726" /><testcase classname="tests.functional.test_auth" name="test_login_success" time="1.194" /><testcase classname="tests.functional.test_auth" name="test_login_invalid_credentials" time="0.019" /><testcase classname="tests.functional.test_auth" name="test_protected_endpoint_unauthorized" time="0.018" /><testcase classname="tests.functional.test_auth" name="test_protected_endpoint_valid_token" time="2.872" /><testcase classname="tests.functional.test_data_loading" name="test_register_from_csv[user_data0]" time="0.457" /><testcase classname="tests.functional.test_data_loading" name="test_register_from_csv[user_data1]" time="0.476" /><testcase classname="tests.functional.test_data_loading" name="test_register_from_json[user_data0]" time="0.480" /><testcase classname="tests.functional.test_data_loading" name="test_register_from_json[user_data1]" time="1.163" /><testcase classname="tests.functional.test_data_loading" name="test_register_from_yaml[user_data0]" time="1.284" /><testcase classname="tests.functional.test_data_loading" name="test_register_from_yaml[user_data1]" time="0.258" /><testcase classname="tests.functional.test_edge_cases" name="test_register_null_fields" time="0.015" /><testcase classname="tests.functional.test_edge_cases" name="test_register_empty_strings" time="1.643" /><testcase classname="tests.functional.test_edge_cases" name="test_pricing_large_inputs" time="0.437" /><testcase classname="tests.functional.test_edge_cases" name="test_pricing_empty_payload" time="0.015" /><testcase classname="tests.functional.test_edge_cases" name="test_register_missing_fields" time="0.019" /><testcase classname="tests.functional.test_edge_cases" name="test_register_duplicate_entries" time="1.850" /><testcase classname="tests.functional.test_edge_cases" name="test_pricing_maximum_values" time="0.016" /><testcase classname="tests.functional.test_edge_cases" name="test_register_special_characters" time="3.615" /><testcase classname="tests.functional.test_edge_cases" name="test_pricing_out_of_bounds_rejection" time="0.010" /><testcase classname="tests.functional.test_headers" name="test_header_content_type_json" time="0.010" /><testcase classname="tests.functional.test_headers" name="test_header_security_and_server_info" time="0.010" /><testcase classname="tests.functional.test_headers" name="test_no_sensitive_cookies_set" time="0.009" /><testcase classname="tests.functional.test_performance" name="test_pricing_latency" time="0.011" /><testcase classname="tests.functional.test_performance" name="test_pricing_throughput" time="0.296" /><testcase classname="tests.functional.test_pricing" name="test_pricing_valid_request" time="0.028" /><testcase classname="tests.functional.test_pricing" name="test_pricing_invalid_payload" time="0.015" /><testcase classname="tests.functional.test_security" name="test_security_sql_injection_on_user_id" time="0.016" /><testcase classname="tests.functional.test_security" name="test_security_xss_protection" time="1.598" /><testcase classname="tests.functional.test_security" name="test_security_headers_present" time="0.011" /><testcase classname="tests.functional.test_security" name="test_security_cors_configuration" time="0.009" /><testcase classname="tests.functional.test_security" name="test_security_rate_limiting" time="0.025" /><testcase classname="tests.functional.test_security" name="test_security_authentication_bypass" time="0.013" /><testcase classname="tests.functional.test_security" name="test_security_idor_profile_access" time="4.208" /></testsuite></testsuites>