============================= test session starts ==============================
platform linux -- Python 3.12.13, pytest-8.4.2, pluggy-1.6.0 -- /home/kamau/bsopt/.venv312/bin/python
cachedir: .pytest_cache
hypothesis profile 'default'
rootdir: /home/kamau/bsopt
configfile: pytest.ini
plugins: hypothesis-6.151.11, Faker-40.13.0, anyio-4.13.0, xdist-3.8.0, mock-3.15.1, cov-7.1.0, asyncio-1.3.0
asyncio: mode=Mode.AUTO, debug=False, asyncio_default_fixture_loop_scope=None, asyncio_default_test_loop_scope=function
collecting ... collected 604 items

tests/unit/api/middleware/test_idempotency_v3.py::test_idempotency_skip_get PASSED [  0%]
tests/unit/api/middleware/test_idempotency_v3.py::test_idempotency_cache_hit PASSED [  0%]
tests/unit/api/middleware/test_idempotency_v3.py::test_idempotency_lock_conflict PASSED [  0%]
tests/unit/api/middleware/test_idempotency_v3.py::test_idempotency_success_caching PASSED [  0%]
tests/unit/api/middleware/test_logging_middleware.py::test_structured_logger_full PASSED [  0%]
tests/unit/api/middleware/test_logging_middleware.py::test_request_logging_internals PASSED [  0%]
tests/unit/api/middleware/test_logging_middleware.py::test_request_logging_middleware_basic FAILED [  1%]
tests/unit/api/middleware/test_logging_middleware.py::test_request_logging_malformed_json FAILED [  1%]
tests/unit/api/middleware/test_logging_middleware.py::test_request_logging_user_info FAILED [  1%]
tests/unit/api/middleware/test_logging_middleware.py::test_persist_log_full FAILED [  1%]
tests/unit/api/middleware/test_logging_middleware.py::test_request_logging_error_capture FAILED [  1%]
tests/unit/api/middleware/test_logging_middleware_unit.py::test_structured_logger_full PASSED [  1%]
tests/unit/api/middleware/test_logging_middleware_unit.py::test_request_logging_internals PASSED [  2%]
tests/unit/api/middleware/test_logging_middleware_unit.py::test_request_logging_middleware_basic FAILED [  2%]
tests/unit/api/middleware/test_logging_middleware_unit.py::test_request_logging_malformed_json FAILED [  2%]
tests/unit/api/middleware/test_logging_middleware_unit.py::test_request_logging_user_info FAILED [  2%]
tests/unit/api/middleware/test_logging_middleware_unit.py::test_persist_log_full FAILED [  2%]
tests/unit/api/middleware/test_logging_middleware_unit.py::test_request_logging_error_capture FAILED [  2%]
tests/unit/api/middleware/test_security_middleware.py::test_security_headers_middleware PASSED [  3%]
tests/unit/api/middleware/test_security_middleware.py::test_csrf_middleware_get_success FAILED [  3%]
tests/unit/api/middleware/test_security_middleware.py::test_csrf_middleware_post_fail_no_token FAILED [  3%]
tests/unit/api/middleware/test_security_middleware.py::test_csrf_middleware_full_flow FAILED [  3%]
tests/unit/api/middleware/test_security_middleware.py::test_ip_block_middleware FAILED [  3%]
tests/unit/api/middleware/test_security_middleware.py::test_ip_block_middleware_x_forwarded_for FAILED [  3%]
tests/unit/api/middleware/test_security_middleware.py::test_csrf_middleware_failures FAILED [  4%]
tests/unit/api/middleware/test_security_middleware.py::test_ip_block_temp_block PASSED [  4%]
tests/unit/api/middleware/test_security_middleware.py::test_security_headers_custom_policy PASSED [  4%]
tests/unit/api/middleware/test_security_middleware.py::test_ip_block_temp_block_expiration PASSED [  4%]
tests/unit/api/middleware/test_security_middleware.py::test_ip_block_clean_old_attempts PASSED [  4%]
tests/unit/api/middleware/test_security_middleware.py::test_csrf_wildcard_exempt PASSED [  4%]
tests/unit/api/middleware/test_security_middleware.py::test_csrf_no_origin_referer FAILED [  5%]
tests/unit/api/middleware/test_security_middleware.py::test_csrf_invalid_origin_format FAILED [  5%]
tests/unit/api/middleware/test_security_middleware.py::test_input_sanitization_middleware FAILED [  5%]
tests/unit/api/middleware/test_security_middleware_unit.py::test_security_headers_middleware PASSED [  5%]
tests/unit/api/middleware/test_security_middleware_unit.py::test_csrf_middleware_get_success FAILED [  5%]
tests/unit/api/middleware/test_security_middleware_unit.py::test_csrf_middleware_post_fail_no_token FAILED [  5%]
tests/unit/api/middleware/test_security_middleware_unit.py::test_csrf_middleware_full_flow FAILED [  6%]
tests/unit/api/middleware/test_security_middleware_unit.py::test_ip_block_middleware FAILED [  6%]
tests/unit/api/middleware/test_security_middleware_unit.py::test_ip_block_middleware_x_forwarded_for FAILED [  6%]
tests/unit/api/middleware/test_security_middleware_unit.py::test_csrf_middleware_failures FAILED [  6%]
tests/unit/api/middleware/test_security_middleware_unit.py::test_ip_block_temp_block PASSED [  6%]
tests/unit/api/middleware/test_security_middleware_unit.py::test_security_headers_custom_policy PASSED [  6%]
tests/unit/api/middleware/test_security_middleware_unit.py::test_ip_block_temp_block_expiration PASSED [  7%]
tests/unit/api/middleware/test_security_middleware_unit.py::test_ip_block_clean_old_attempts PASSED [  7%]
tests/unit/api/middleware/test_security_middleware_unit.py::test_csrf_wildcard_exempt PASSED [  7%]
tests/unit/api/middleware/test_security_middleware_unit.py::test_csrf_no_origin_referer FAILED [  7%]
tests/unit/api/middleware/test_security_middleware_unit.py::test_csrf_invalid_origin_format FAILED [  7%]
tests/unit/api/middleware/test_security_middleware_unit.py::test_input_sanitization_middleware FAILED [  7%]
tests/unit/api/middleware/test_security_middleware_v2.py::test_security_headers_middleware FAILED [  8%]
tests/unit/api/middleware/test_security_middleware_v2.py::test_security_no_cache_headers PASSED [  8%]
tests/unit/api/middleware/test_security_middleware_v2.py::test_security_middleware_custom_csp PASSED [  8%]
tests/unit/api/routes/test_auth_v3.py::test_mfa_setup_success FAILED     [  8%]
tests/unit/api/routes/test_auth_v3.py::test_mfa_verify_success FAILED    [  8%]
tests/unit/api/routes/test_auth_v3.py::test_change_password_success FAILED [  8%]
tests/unit/api/routes/test_auth_v3.py::test_password_reset_flow FAILED   [  9%]
tests/unit/api/routes/test_debug_unit.py::test_get_tracemalloc_snapshot_not_active FAILED [  9%]
tests/unit/api/routes/test_debug_unit.py::test_get_tracemalloc_snapshot_success FAILED [  9%]
tests/unit/api/test_auth_api.py::test_login_success FAILED               [  9%]
tests/unit/api/test_auth_api.py::test_login_db_error_updating_last_login FAILED [  9%]
tests/unit/api/test_auth_api.py::test_login_invalid_credentials FAILED   [  9%]
tests/unit/api/test_auth_api.py::test_login_unverified FAILED            [ 10%]
tests/unit/api/test_auth_api.py::test_login_inactive FAILED              [ 10%]
tests/unit/api/test_auth_api.py::test_login_mfa_required FAILED          [ 10%]
tests/unit/api/test_auth_api.py::test_login_mfa_invalid_code FAILED      [ 10%]
tests/unit/api/test_auth_api.py::test_register_success FAILED            [ 10%]
tests/unit/api/test_auth_api.py::test_register_idempotency_conflict FAILED [ 10%]
tests/unit/api/test_auth_api.py::test_register_email_exists FAILED       [ 11%]
tests/unit/api/test_auth_api.py::test_register_db_error FAILED           [ 11%]
tests/unit/api/test_auth_api.py::test_verify_email_success FAILED        [ 11%]
tests/unit/api/test_auth_api.py::test_verify_email_invalid_token FAILED  [ 11%]
tests/unit/api/test_auth_api.py::test_verify_email_db_error FAILED       [ 11%]
tests/unit/api/test_auth_api.py::test_logout FAILED                      [ 11%]
tests/unit/api/test_auth_api.py::test_refresh_token_success FAILED       [ 12%]
tests/unit/api/test_auth_api.py::test_refresh_token_invalid_type PASSED  [ 12%]
tests/unit/api/test_auth_api.py::test_refresh_token_user_inactive PASSED [ 12%]
tests/unit/api/test_auth_api.py::test_refresh_token_generic_exception PASSED [ 12%]
tests/unit/api/test_auth_api.py::test_request_password_reset_nonexistent_user FAILED [ 12%]
tests/unit/api/test_auth_api.py::test_request_password_reset_db_error FAILED [ 12%]
tests/unit/api/test_auth_api.py::test_request_password_reset_background_task_called FAILED [ 13%]
tests/unit/api/test_auth_api.py::test_confirm_password_reset_success FAILED [ 13%]
tests/unit/api/test_auth_api.py::test_confirm_password_reset_invalid_password_validation FAILED [ 13%]
tests/unit/api/test_auth_api.py::test_confirm_password_reset_db_error FAILED [ 13%]
tests/unit/api/test_auth_api.py::test_change_password_success FAILED     [ 13%]
tests/unit/api/test_auth_api.py::test_change_password_wrong_current FAILED [ 13%]
tests/unit/api/test_auth_api.py::test_change_password_weak_password FAILED [ 14%]
tests/unit/api/test_auth_api.py::test_change_password_db_error FAILED    [ 14%]
tests/unit/api/test_auth_api.py::test_mfa_setup_success FAILED           [ 14%]
tests/unit/api/test_auth_api.py::test_setup_mfa_db_error FAILED          [ 14%]
tests/unit/api/test_auth_api.py::test_mfa_verify_success FAILED          [ 14%]
tests/unit/api/test_auth_api.py::test_mfa_verify_backup_code_success FAILED [ 14%]
tests/unit/api/test_auth_api.py::test_mfa_verify_no_setup FAILED         [ 15%]
tests/unit/api/test_auth_api.py::test_mfa_verify_invalid_code FAILED     [ 15%]
tests/unit/api/test_auth_api.py::test_mfa_verify_db_error FAILED         [ 15%]
tests/unit/api/test_auth_api.py::test_mfa_disable_success FAILED         [ 15%]
tests/unit/api/test_auth_api.py::test_mfa_disable_not_enabled FAILED     [ 15%]
tests/unit/api/test_auth_api.py::test_disable_mfa_invalid_code FAILED    [ 15%]
tests/unit/api/test_auth_api.py::test_disable_mfa_db_error FAILED        [ 16%]
tests/unit/api/test_heston_api.py::TestPricingAPIHeston::test_heston_pricing_success ERROR [ 16%]
tests/unit/api/test_heston_api.py::TestPricingAPIHeston::test_heston_fallback_to_bs ERROR [ 16%]
tests/unit/api/test_ml_api.py::test_proxy_predict_success FAILED         [ 16%]
tests/unit/api/test_ml_api.py::test_proxy_predict_service_unavailable FAILED [ 16%]
tests/unit/api/test_ml_api.py::test_proxy_predict_error_response FAILED  [ 16%]
tests/unit/api/test_ml_api.py::test_proxy_predict_ml_service_503 FAILED  [ 17%]
tests/unit/api/test_ml_api.py::test_proxy_predict_ml_service_generic_error FAILED [ 17%]
tests/unit/api/test_ml_api.py::test_proxy_predict_unexpected_error FAILED [ 17%]
tests/unit/api/test_pricing_api.py::test_calculate_price_success FAILED  [ 17%]
tests/unit/api/test_pricing_api.py::test_calculate_price_invalid_params FAILED [ 17%]
tests/unit/api/test_pricing_api.py::test_calculate_price_unexpected_error FAILED [ 17%]
tests/unit/api/test_pricing_api.py::test_calculate_price_validation_error FAILED [ 18%]
tests/unit/api/test_pricing_api.py::test_calculate_batch_prices_success FAILED [ 18%]
tests/unit/api/test_pricing_api.py::test_calculate_batch_prices_with_error FAILED [ 18%]
tests/unit/api/test_pricing_api.py::test_calculate_price_circuit_breaker FAILED [ 18%]
tests/unit/api/test_pricing_api.py::test_calculate_greeks_success FAILED [ 18%]
tests/unit/api/test_pricing_api.py::test_calculate_iv_success FAILED     [ 18%]
tests/unit/api/test_pricing_api.py::test_calculate_exotic_price_success FAILED [ 19%]
tests/unit/api/test_pricing_api.py::test_calculate_exotic_price_barrier_missing_type FAILED [ 19%]
tests/unit/api/test_pricing_api.py::test_calculate_exotic_price_invalid_barrier_type FAILED [ 19%]
tests/unit/api/test_pricing_api.py::test_calculate_price_cache_hit FAILED [ 19%]
tests/unit/api/test_pricing_api.py::test_calculate_batch_prices_cache_hit FAILED [ 19%]
tests/unit/api/test_pricing_api.py::test_calculate_greeks_cache_hit FAILED [ 19%]
tests/unit/api/test_pricing_api.py::test_calculate_greeks_error FAILED   [ 20%]
tests/unit/api/test_pricing_api.py::test_calculate_iv_value_error FAILED [ 20%]
tests/unit/api/test_pricing_api.py::test_calculate_iv_generic_exception FAILED [ 20%]
tests/unit/api/test_pricing_api.py::test_calculate_exotic_price_generic_exception FAILED [ 20%]
tests/unit/api/test_pricing_api.py::test_calculate_price_heston_success FAILED [ 20%]
tests/unit/api/test_pricing_api.py::test_calculate_price_heston_stale_fallback FAILED [ 20%]
tests/unit/api/test_providers.py::test_polygon_provider_stub FAILED      [ 21%]
tests/unit/api/test_providers.py::test_yahoo_provider_stub FAILED        [ 21%]
tests/unit/api/test_security_v3.py::test_security_headers PASSED         [ 21%]
tests/unit/api/test_security_v3.py::test_csrf_protection_safe_methods PASSED [ 21%]
tests/unit/api/test_security_v3.py::test_csrf_protection_unsafe_method_missing_token FAILED [ 21%]
tests/unit/api/test_security_v3.py::test_ip_block_middleware_blocked PASSED [ 21%]
tests/unit/api/test_security_v3.py::test_jwt_auth_legacy_bypass PASSED   [ 22%]
tests/unit/api/test_security_v3.py::test_input_sanitization FAILED       [ 22%]
tests/unit/api/test_users_api.py::test_get_me_success FAILED             [ 22%]
tests/unit/api/test_users_api.py::test_get_me_unauthorized SKIPPED (...) [ 22%]
tests/unit/api/test_users_api.py::test_update_me_success FAILED          [ 22%]
tests/unit/api/test_users_api.py::test_update_me_success_email FAILED    [ 22%]
tests/unit/api/test_users_api.py::test_update_me_no_changes FAILED       [ 23%]
tests/unit/api/test_users_api.py::test_update_me_email_conflict SKIPPED  [ 23%]
tests/unit/api/test_users_api.py::test_update_me_persistence_error SKIPPED [ 23%]
tests/unit/api/test_users_api.py::test_delete_me_success SKIPPED (En...) [ 23%]
tests/unit/api/test_users_api.py::test_delete_me_not_found SKIPPED (...) [ 23%]
tests/unit/api/test_users_api.py::test_delete_me_persistence_error SKIPPED [ 23%]
tests/unit/api/test_users_api.py::test_get_user_stats SKIPPED (Endpo...) [ 24%]
tests/unit/api/test_users_api.py::test_get_user_by_id_enterprise SKIPPED [ 24%]
tests/unit/api/test_users_api.py::test_get_user_by_id_not_found SKIPPED  [ 24%]
tests/unit/api/test_users_api.py::test_list_users_admin FAILED           [ 24%]
tests/unit/api/test_users_api.py::test_list_users_empty FAILED           [ 24%]
tests/unit/api/test_users_api.py::test_list_users_with_search SKIPPED    [ 24%]
tests/unit/api/test_users_api.py::test_get_user_by_id_insufficient_tier SKIPPED [ 25%]
tests/unit/api/test_users_api.py::test_list_users_with_tier_filter SKIPPED [ 25%]
tests/unit/api/test_users_api.py::test_list_users_with_is_active_filter SKIPPED [ 25%]
tests/unit/api/test_users_api.py::test_list_users_enterprise_forbidden FAILED [ 25%]
tests/unit/api/test_users_security_repro.py::test_list_users_vulnerability_repro FAILED [ 25%]
tests/unit/api/test_users_security_repro.py::test_list_users_admin_access FAILED [ 25%]
tests/unit/auth/test_auth.py::test_health_check ERROR                    [ 25%]
tests/unit/auth/test_auth.py::test_register ERROR                        [ 26%]
tests/unit/auth/test_auth.py::test_login ERROR                           [ 26%]
tests/unit/auth/test_auth.py::test_get_me ERROR                          [ 26%]
tests/unit/auth/test_auth.py::test_refresh_token ERROR                   [ 26%]
tests/unit/auth/test_auth.py::test_invalid_token ERROR                   [ 26%]
tests/unit/auth/test_auth.py::test_logout ERROR                          [ 26%]
tests/unit/auth/test_auth.py::test_mfa_secret_is_encrypted ERROR         [ 27%]
tests/unit/auth/test_auth_refinement.py::test_argon2id_hashing_verification PASSED [ 27%]
tests/unit/auth/test_auth_refinement.py::test_jwt_signing_validation PASSED [ 27%]
tests/unit/auth/test_auth_refinement.py::test_redis_token_revocation FAILED [ 27%]
tests/unit/auth/test_auth_refinement.py::test_authenticate_user_flow FAILED [ 27%]
tests/unit/auth/test_keycloak_security.py::test_get_jwks_success FAILED  [ 27%]
tests/unit/auth/test_keycloak_security.py::test_verify_token_success FAILED [ 28%]
tests/unit/auth/test_keycloak_security.py::test_verify_token_invalid_kid FAILED [ 28%]
tests/unit/auth/test_keycloak_security.py::test_verify_token_jwt_error FAILED [ 28%]
tests/unit/auth/test_keycloak_security.py::test_role_checker_success FAILED [ 28%]
tests/unit/auth/test_keycloak_security.py::test_role_checker_failure FAILED [ 28%]
tests/unit/cli/test_cli_auth.py::test_login_success ERROR                [ 28%]
tests/unit/cli/test_cli_auth.py::test_logout ERROR                       [ 29%]
tests/unit/cli/test_cli_auth.py::test_get_current_user_no_token ERROR    [ 29%]
tests/unit/cli/test_config.py::test_config_defaults ERROR                [ 29%]
tests/unit/cli/test_config.py::test_config_set_get ERROR                 [ 29%]
tests/unit/cli/test_config.py::test_config_save_load ERROR               [ 29%]
tests/unit/cli/test_portfolio.py::test_add_list_remove_position ERROR    [ 29%]
tests/unit/cli/test_portfolio.py::test_calculate_position_value ERROR    [ 30%]
tests/unit/cli/test_portfolio.py::test_get_portfolio_summary ERROR       [ 30%]
tests/unit/config/test_core_config.py::test_settings_initialization FAILED [ 30%]
tests/unit/config/test_core_config.py::test_settings_validation PASSED   [ 30%]
tests/unit/config/test_core_config.py::test_password_min_length_validation PASSED [ 30%]
tests/unit/config/test_core_config.py::test_validators_coverage FAILED   [ 30%]
tests/unit/config/test_core_config.py::test_fallback_initialization_no_reload FAILED [ 31%]
tests/unit/config/test_core_config.py::test_configure_logging_execution FAILED [ 31%]
tests/unit/config/test_security_config.py::test_mfa_key_security_dev FAILED [ 31%]
tests/unit/config/test_security_config.py::test_mfa_key_security_prod_failure FAILED [ 31%]
tests/unit/config/test_security_config.py::test_mfa_key_security_prod_success FAILED [ 31%]
tests/unit/database/test_crud.py::test_user_crud ERROR                   [ 31%]
tests/unit/database/test_crud.py::test_portfolio_crud ERROR              [ 32%]
tests/unit/database/test_crud_comprehensive.py::test_user_operations ERROR [ 32%]
tests/unit/database/test_crud_comprehensive.py::test_portfolio_operations ERROR [ 32%]
tests/unit/database/test_crud_comprehensive.py::test_position_operations ERROR [ 32%]
tests/unit/database/test_crud_comprehensive.py::test_order_operations ERROR [ 32%]
tests/unit/database/test_crud_comprehensive.py::test_ml_model_operations ERROR [ 32%]
tests/unit/database/test_crud_comprehensive.py::test_option_price_operations ERROR [ 33%]
tests/unit/database/test_crud_comprehensive.py::test_aggregation_queries ERROR [ 33%]
tests/unit/database/test_crud_optimized.py::test_bulk_inserts_optimized_paths FAILED [ 33%]
tests/unit/database/test_crud_unit.py::test_user_crud FAILED             [ 33%]
tests/unit/database/test_crud_unit.py::test_portfolio_crud FAILED        [ 33%]
tests/unit/database/test_crud_v3.py::test_crud_basics PASSED             [ 33%]
tests/unit/database/test_crud_v3.py::test_bulk_inserts_all PASSED        [ 34%]
tests/unit/database/test_crud_v3.py::test_model_ops FAILED               [ 34%]
tests/unit/database/test_crud_v3.py::test_mv_queries PASSED              [ 34%]
tests/unit/database/test_crud_v3.py::test_closing_and_expiring PASSED    [ 34%]
tests/unit/database/test_models.py::test_models_creation PASSED          [ 34%]
tests/unit/database/test_models.py::test_user_instantiation PASSED       [ 34%]
tests/unit/database/test_verify.py::test_verify_connection_success PASSED [ 35%]
tests/unit/database/test_verify.py::test_verify_connection_failure PASSED [ 35%]
tests/unit/ingestion/test_mesh_publisher.py::test_mesh_publisher_success PASSED [ 35%]
tests/unit/ingestion/test_mesh_publisher.py::test_mesh_publisher_error_handling PASSED [ 35%]
tests/unit/ml/forecasting/test_tft_model.py::test_tft_data_preparation PASSED [ 35%]
tests/unit/ml/forecasting/test_tft_model.py::test_tft_prediction_no_model PASSED [ 35%]
tests/unit/ml/forecasting/test_tft_model.py::test_tft_interpretability_report PASSED [ 36%]
tests/unit/ml/forecasting/test_tft_model.py::test_tft_training_and_prediction FAILED [ 36%]
tests/unit/ml/forecasting/test_tft_predict.py::test_tft_prediction_stub PASSED [ 36%]
tests/unit/ml/pipelines/test_retraining.py::test_retrainer_trigger_success FAILED [ 36%]
tests/unit/ml/pipelines/test_retraining.py::test_retrainer_with_drift PASSED [ 36%]
tests/unit/ml/pipelines/test_retraining.py::test_retrainer_failure FAILED [ 36%]
tests/unit/ml/serving/test_quantization.py::test_dynamic_quantization FAILED [ 37%]
tests/unit/ml/serving/test_quantization.py::test_quantization_failure FAILED [ 37%]
tests/unit/ml/serving/test_quantization.py::test_quantization_save_load FAILED [ 37%]
tests/unit/ml/test_autonomous_pipeline.py::test_pipeline_init ERROR      [ 37%]
tests/unit/ml/test_autonomous_pipeline.py::test_generate_features ERROR  [ 37%]
tests/unit/ml/test_autonomous_pipeline.py::test_pipeline_run_success ERROR [ 37%]
tests/unit/ml/test_autonomous_pipeline.py::test_pipeline_no_retrain ERROR [ 38%]
tests/unit/ml/test_autonomous_pipeline.py::test_get_current_model_performance_error ERROR [ 38%]
tests/unit/ml/test_data_loader.py::test_normalize_incomplete_scraper_data PASSED [ 38%]
tests/unit/ml/test_data_loader.py::test_normalize_complete_data PASSED   [ 38%]
tests/unit/ml/test_data_loader.py::test_outlier_removal_true PASSED      [ 38%]
tests/unit/ml/test_data_loader.py::test_outlier_removal_false PASSED     [ 38%]
tests/unit/ml/test_data_loader.py::test_outlier_removal_edge_cases PASSED [ 39%]
tests/unit/ml/test_data_loader.py::test_outlier_removal_price_key PASSED [ 39%]
tests/unit/ml/test_indicators_v3.py::test_numba_ema FAILED               [ 39%]
tests/unit/ml/test_indicators_v3.py::test_numba_rsi FAILED               [ 39%]
tests/unit/ml/test_indicators_v3.py::test_numba_bbands FAILED            [ 39%]
tests/unit/ml/test_indicators_v3.py::test_numba_macd FAILED              [ 39%]
tests/unit/ml/test_indicators_v3.py::test_numba_atr FAILED               [ 40%]
tests/unit/ml/test_ml_metrics.py::test_regression_metrics PASSED         [ 40%]
tests/unit/ml/test_ml_metrics.py::test_pricing_bias PASSED               [ 40%]
tests/unit/ml/test_ml_metrics.py::test_sharpe_ratio_positive_returns PASSED [ 40%]
tests/unit/ml/test_ml_metrics.py::test_sharpe_ratio_edge_cases PASSED    [ 40%]
tests/unit/ml/test_ml_metrics.py::test_sortino_ratio_positive_returns PASSED [ 40%]
tests/unit/ml/test_ml_metrics.py::test_sortino_ratio_with_downside PASSED [ 41%]
tests/unit/ml/test_ml_metrics.py::test_sortino_ratio_edge_cases PASSED   [ 41%]
tests/unit/ml/test_ml_metrics.py::test_max_drawdown_calculation PASSED   [ 41%]
tests/unit/ml/test_ml_metrics.py::test_max_drawdown_no_drawdown PASSED   [ 41%]
tests/unit/ml/test_ml_metrics.py::test_max_drawdown_edge_cases PASSED    [ 41%]
tests/unit/ml/test_ml_metrics.py::test_model_scorecard_no_returns PASSED [ 41%]
tests/unit/ml/test_ml_metrics.py::test_model_scorecard_with_returns PASSED [ 42%]
tests/unit/ml/test_rl_gnn.py::test_agent_init ERROR                      [ 42%]
tests/unit/ml/test_rl_gnn.py::test_get_state_vector ERROR                [ 42%]
tests/unit/ml/test_rl_gnn.py::test_process_market_data ERROR             [ 42%]
tests/unit/ml/test_rl_gnn.py::test_calculate_reward ERROR                [ 42%]
tests/unit/ml/test_rl_gnn.py::test_store_transition ERROR                [ 42%]
tests/unit/ml/test_rl_gnn.py::test_gnn_feature_extractor FAILED          [ 43%]
tests/unit/ml/test_rl_gnn.py::test_sac_gnn_policy FAILED                 [ 43%]
tests/unit/ml/test_scraper_extended.py::test_validate_inputs PASSED      [ 43%]
tests/unit/ml/test_scraper_extended.py::test_redact_message PASSED       [ 43%]
tests/unit/ml/test_scraper_extended.py::test_fetch_historical_data_alpha_vantage_success ERROR [ 43%]
tests/unit/ml/test_scraper_extended.py::test_fetch_historical_data_polygon_success ERROR [ 43%]
tests/unit/ml/test_scraper_extended.py::test_fetch_historical_data_alpha_vantage_rate_limit ERROR [ 44%]
tests/unit/ml/test_scraper_extended.py::test_fetch_historical_data_auto_fallback ERROR [ 44%]
tests/unit/ml/test_serving.py::test_predict_xgb_success FAILED           [ 44%]
tests/unit/ml/test_serving.py::test_predict_unsupported_model PASSED     [ 44%]
tests/unit/ml/test_trading_env_v3.py::test_trading_env_reset FAILED      [ 44%]
tests/unit/ml/test_trading_env_v3.py::test_trading_env_step_basic FAILED [ 44%]
tests/unit/ml/test_trainer_extended.py::test_xgboost_trainer ERROR       [ 45%]
tests/unit/ml/test_trainer_extended.py::test_sklearn_trainer ERROR       [ 45%]
tests/unit/ml/test_trainer_extended.py::test_pytorch_trainer ERROR       [ 45%]
tests/unit/ml/test_trainer_extended.py::test_optimize ERROR              [ 45%]
tests/unit/ml/test_trainer_extended.py::test_pytorch_wrapper ERROR       [ 45%]
tests/unit/ml/test_trainer_extended.py::test_push_metrics_alias ERROR    [ 45%]
tests/unit/ml/test_trainer_phase5.py::TestModelTrainerPhase5::test_train_and_evaluate_walk_forward FAILED [ 46%]
tests/unit/ml/test_trainer_phase5.py::TestModelTrainerPhase5::test_holistic_scorecard_integration FAILED [ 46%]
tests/unit/pricing/calibration/test_calibration.py::TestHestonCalibrator::test_calibration_accuracy_synthetic 