{"/home/kamau/bsopt/src/frontend/src/App.tsx": {"path":"/home/kamau/bsopt/src/frontend/src/App.tsx","statementMap":{"0":{"start":{"line":8,"column":20},"end":{"line":15,"column":2}},"1":{"start":{"line":18,"column":2},"end":{"line":24,"column":null}}},"fnMap":{"0":{"name":"App","decl":{"start":{"line":17,"column":9},"end":{"line":17,"column":15}},"loc":{"start":{"line":17,"column":15},"end":{"line":24,"column":null}},"line":17}},"branchMap":{},"s":{"0":1,"1":1},"f":{"0":1},"b":{},"meta":{"lastBranch":0,"lastFunction":1,"lastStatement":2,"seen":{"s:8:20:15:2":0,"f:17:9:17:15":0,"s:18:2:24:Infinity":1}}}
,"/home/kamau/bsopt/src/frontend/src/pwa.ts": {"path":"/home/kamau/bsopt/src/frontend/src/pwa.ts","statementMap":{"0":{"start":{"line":3,"column":13},"end":{"line":19,"column":null}},"1":{"start":{"line":4,"column":2},"end":{"line":19,"column":null}},"2":{"start":{"line":5,"column":4},"end":{"line":19,"column":null}},"3":{"start":{"line":6,"column":17},"end":{"line":6,"column":50}},"4":{"start":{"line":8,"column":6},"end":{"line":10,"column":null}},"5":{"start":{"line":9,"column":8},"end":{"line":9,"column":null}},"6":{"start":{"line":12,"column":6},"end":{"line":14,"column":null}},"7":{"start":{"line":13,"column":8},"end":{"line":13,"column":null}},"8":{"start":{"line":15,"column":15},"end":{"line":19,"column":null}},"9":{"start":{"line":17,"column":6},"end":{"line":19,"column":null}},"10":{"start":{"line":18,"column":21},"end":{"line":18,"column":73}},"11":{"start":{"line":19,"column":22},"end":{"line":19,"column":77}}},"fnMap":{"0":{"name":"(anonymous_0)","decl":{"start":{"line":3,"column":13},"end":{"line":3,"column":43}},"loc":{"start":{"line":3,"column":43},"end":{"line":19,"column":null}},"line":3},"1":{"name":"(anonymous_1)","decl":{"start":{"line":8,"column":26},"end":{"line":8,"column":40}},"loc":{"start":{"line":8,"column":50},"end":{"line":10,"column":null}},"line":8},"2":{"name":"(anonymous_2)","decl":{"start":{"line":12,"column":20},"end":{"line":12,"column":26}},"loc":{"start":{"line":12,"column":35},"end":{"line":14,"column":null}},"line":12},"3":{"name":"(anonymous_3)","decl":{"start":{"line":18,"column":9},"end":{"line":18,"column":14}},"loc":{"start":{"line":18,"column":21},"end":{"line":18,"column":73}},"line":18},"4":{"name":"(anonymous_4)","decl":{"start":{"line":19,"column":9},"end":{"line":19,"column":15}},"loc":{"start":{"line":19,"column":22},"end":{"line":19,"column":77}},"line":19}},"branchMap":{"0":{"loc":{"start":{"line":4,"column":2},"end":{"line":19,"column":null}},"type":"if","locations":[{"start":{"line":4,"column":2},"end":{"line":19,"column":null}},{"start":{},"end":{}}],"line":4},"1":{"loc":{"start":{"line":5,"column":4},"end":{"line":19,"column":null}},"type":"if","locations":[{"start":{"line":5,"column":4},"end":{"line":19,"column":null}},{"start":{"line":15,"column":15},"end":{"line":19,"column":null}}],"line":5},"2":{"loc":{"start":{"line":15,"column":15},"end":{"line":19,"column":null}},"type":"if","locations":[{"start":{"line":15,"column":15},"end":{"line":19,"column":null}},{"start":{},"end":{}}],"line":15},"3":{"loc":{"start":{"line":15,"column":15},"end":{"line":15,"column":71}},"type":"binary-expr","locations":[{"start":{"line":15,"column":15},"end":{"line":15,"column":38}},{"start":{"line":15,"column":38},"end":{"line":15,"column":71}}],"line":15}},"s":{"0":1,"1":0,"2":0,"3":0,"4":0,"5":0,"6":0,"7":0,"8":0,"9":0,"10":0,"11":0},"f":{"0":0,"1":0,"2":0,"3":0,"4":0},"b":{"0":[0,0],"1":[0,0],"2":[0,0],"3":[0,0]},"meta":{"lastBranch":4,"lastFunction":5,"lastStatement":12,"seen":{"s:3:13:19:Infinity":0,"f:3:13:3:43":0,"b:4:2:19:Infinity:undefined:undefined:undefined:undefined":0,"s:4:2:19:Infinity":1,"b:5:4:19:Infinity:15:15:19:Infinity":1,"s:5:4:19:Infinity":2,"s:6:17:6:50":3,"s:8:6:10:Infinity":4,"f:8:26:8:40":1,"s:9:8:9:Infinity":5,"s:12:6:14:Infinity":6,"f:12:20:12:26":2,"s:13:8:13:Infinity":7,"b:15:15:19:Infinity:undefined:undefined:undefined:undefined":2,"s:15:15:19:Infinity":8,"b:15:15:15:38:15:38:15:71":3,"s:17:6:19:Infinity":9,"f:18:9:18:14":3,"s:18:21:18:73":10,"f:19:9:19:15":4,"s:19:22:19:77":11}}}
,"/home/kamau/bsopt/src/frontend/src/features/charts/components/LivePriceChart.tsx": {"path":"/home/kamau/bsopt/src/frontend/src/features/charts/components/LivePriceChart.tsx","statementMap":{"0":{"start":{"line":10,"column":13},"end":{"line":111,"column":null}},"1":{"start":{"line":11,"column":8},"end":{"line":11,"column":26}},"2":{"start":{"line":12,"column":8},"end":{"line":12,"column":56}},"3":{"start":{"line":13,"column":8},"end":{"line":13,"column":49}},"4":{"start":{"line":14,"column":8},"end":{"line":14,"column":66}},"5":{"start":{"line":17,"column":16},"end":{"line":24,"column":38}},"6":{"start":{"line":26,"column":2},"end":{"line":91,"column":null}},"7":{"start":{"line":27,"column":4},"end":{"line":27,"column":null}},"8":{"start":{"line":27,"column":36},"end":{"line":27,"column":null}},"9":{"start":{"line":29,"column":10},"end":{"line":51,"column":6}},"10":{"start":{"line":53,"column":25},"end":{"line":59,"column":6}},"11":{"start":{"line":62,"column":17},"end":{"line":62,"column":19}},"12":{"start":{"line":63,"column":16},"end":{"line":63,"column":26}},"13":{"start":{"line":64,"column":4},"end":{"line":72,"column":null}},"14":{"start":{"line":64,"column":17},"end":{"line":64,"column":20}},"15":{"start":{"line":65,"column":19},"end":{"line":65,"column":62}},"16":{"start":{"line":66,"column":6},"end":{"line":72,"column":null}},"17":{"start":{"line":74,"column":4},"end":{"line":74,"column":null}},"18":{"start":{"line":76,"column":4},"end":{"line":76,"column":null}},"19":{"start":{"line":77,"column":4},"end":{"line":77,"column":null}},"20":{"start":{"line":79,"column":10},"end":{"line":81,"column":null}},"21":{"start":{"line":80,"column":6},"end":{"line":81,"column":null}},"22":{"start":{"line":81,"column":8},"end":{"line":81,"column":null}},"23":{"start":{"line":85,"column":4},"end":{"line":85,"column":null}},"24":{"start":{"line":87,"column":4},"end":{"line":89,"column":null}},"25":{"start":{"line":88,"column":6},"end":{"line":88,"column":null}},"26":{"start":{"line":89,"column":6},"end":{"line":89,"column":null}},"27":{"start":{"line":94,"column":2},"end":{"line":104,"column":null}},"28":{"start":{"line":95,"column":4},"end":{"line":102,"column":null}},"29":{"start":{"line":96,"column":6},"end":{"line":102,"column":null}},"30":{"start":{"line":106,"column":2},"end":{"line":111,"column":null}}},"fnMap":{"0":{"name":"(anonymous_0)","decl":{"start":{"line":10,"column":13},"end":{"line":10,"column":62}},"loc":{"start":{"line":10,"column":77},"end":{"line":111,"column":null}},"line":10},"1":{"name":"(anonymous_1)","decl":{"start":{"line":26,"column":2},"end":{"line":26,"column":18}},"loc":{"start":{"line":26,"column":18},"end":{"line":91,"column":6}},"line":26},"2":{"name":"(anonymous_2)","decl":{"start":{"line":79,"column":10},"end":{"line":79,"column":31}},"loc":{"start":{"line":79,"column":31},"end":{"line":81,"column":null}},"line":79},"3":{"name":"(anonymous_3)","decl":{"start":{"line":87,"column":4},"end":{"line":87,"column":17}},"loc":{"start":{"line":87,"column":17},"end":{"line":89,"column":null}},"line":87},"4":{"name":"(anonymous_4)","decl":{"start":{"line":94,"column":2},"end":{"line":94,"column":18}},"loc":{"start":{"line":94,"column":18},"end":{"line":104,"column":6}},"line":94}},"branchMap":{"0":{"loc":{"start":{"line":27,"column":4},"end":{"line":27,"column":null}},"type":"if","locations":[{"start":{"line":27,"column":4},"end":{"line":27,"column":null}},{"start":{},"end":{}}],"line":27},"1":{"loc":{"start":{"line":80,"column":6},"end":{"line":81,"column":null}},"type":"if","locations":[{"start":{"line":80,"column":6},"end":{"line":81,"column":null}},{"start":{},"end":{}}],"line":80},"2":{"loc":{"start":{"line":80,"column":10},"end":{"line":80,"column":57}},"type":"binary-expr","locations":[{"start":{"line":80,"column":10},"end":{"line":80,"column":39}},{"start":{"line":80,"column":39},"end":{"line":80,"column":57}}],"line":80},"3":{"loc":{"start":{"line":95,"column":4},"end":{"line":102,"column":null}},"type":"if","locations":[{"start":{"line":95,"column":4},"end":{"line":102,"column":null}},{"start":{},"end":{}}],"line":95},"4":{"loc":{"start":{"line":95,"column":8},"end":{"line":95,"column":65}},"type":"binary-expr","locations":[{"start":{"line":95,"column":8},"end":{"line":95,"column":18}},{"start":{"line":95,"column":18},"end":{"line":95,"column":46}},{"start":{"line":95,"column":46},"end":{"line":95,"column":65}}],"line":95}},"s":{"0":2,"1":2,"2":2,"3":2,"4":2,"5":3,"6":3,"7":3,"8":3,"9":3,"10":2,"11":2,"12":2,"13":2,"14":2,"15":2,"16":2,"17":200,"18":200,"19":200,"20":200,"21":200,"22":200,"23":2,"24":0,"25":0,"26":0,"27":0,"28":2,"29":2,"30":1},"f":{"0":2,"1":3,"2":200,"3":0,"4":2},"b":{"0":[3,0],"1":[200,0],"2":[200,200],"3":[2,0],"4":[2,2,2]},"meta":{"lastBranch":5,"lastFunction":5,"lastStatement":31,"seen":{"s:10:13:111:Infinity":0,"f:10:13:10:62":0,"s:11:8:11:26":1,"s:12:8:12:56":2,"s:13:8:13:49":3,"s:14:8:14:66":4,"s:17:16:24:38":5,"s:26:2:91:Infinity":6,"f:26:2:26:18":1,"b:27:4:27:Infinity:undefined:undefined:undefined:undefined":0,"s:27:4:27:Infinity":7,"s:27:36:27:Infinity":8,"s:29:10:51:6":9,"s:53:25:59:6":10,"s:62:17:62:19":11,"s:63:16:63:26":12,"s:64:4:72:Infinity":13,"s:64:17:64:20":14,"s:65:19:65:62":15,"s:66:6:72:Infinity":16,"s:74:4:74:Infinity":17,"s:76:4:76:Infinity":18,"s:77:4:77:Infinity":19,"s:79:10:81:Infinity":20,"f:79:10:79:31":2,"b:80:6:81:Infinity:undefined:undefined:undefined:undefined":1,"s:80:6:81:Infinity":21,"b:80:10:80:39:80:39:80:57":2,"s:81:8:81:Infinity":22,"s:85:4:85:Infinity":23,"s:87:4:89:Infinity":24,"f:87:4:87:17":3,"s:88:6:88:Infinity":25,"s:89:6:89:Infinity":26,"s:94:2:104:Infinity":27,"f:94:2:94:18":4,"b:95:4:102:Infinity:undefined:undefined:undefined:undefined":3,"s:95:4:102:Infinity":28,"b:95:8:95:18:95:18:95:46:95:46:95:65":4,"s:96:6:102:Infinity":29,"s:106:2:111:Infinity":30}}}
,"/home/kamau/bsopt/src/frontend/src/features/dashboard/components/TradingDashboard.tsx": {"path":"/home/kamau/bsopt/src/frontend/src/features/dashboard/components/TradingDashboard.tsx","statementMap":{"0":{"start":{"line":35,"column":6},"end":{"line":35,"column":null}},"1":{"start":{"line":35,"column":32},"end":{"line":35,"column":null}},"2":{"start":{"line":35,"column":102},"end":{"line":35,"column":null}},"3":{"start":{"line":36,"column":6},"end":{"line":36,"column":null}},"4":{"start":{"line":36,"column":34},"end":{"line":36,"column":null}},"5":{"start":{"line":36,"column":105},"end":{"line":36,"column":null}},"6":{"start":{"line":37,"column":6},"end":{"line":37,"column":null}},"7":{"start":{"line":37,"column":33},"end":{"line":37,"column":null}},"8":{"start":{"line":37,"column":104},"end":{"line":37,"column":null}},"9":{"start":{"line":38,"column":6},"end":{"line":38,"column":null}},"10":{"start":{"line":38,"column":39},"end":{"line":38,"column":null}},"11":{"start":{"line":38,"column":116},"end":{"line":38,"column":null}},"12":{"start":{"line":40,"column":20},"end":{"line":40,"column":null}},"13":{"start":{"line":42,"column":6},"end":{"line":45,"column":null}},"14":{"start":{"line":43,"column":2},"end":{"line":45,"column":null}},"15":{"start":{"line":48,"column":13},"end":{"line":279,"column":null}},"16":{"start":{"line":49,"column":8},"end":{"line":49,"column":26}},"17":{"start":{"line":50,"column":21},"end":{"line":50,"column":52}},"18":{"start":{"line":52,"column":8},"end":{"line":53,"column":null}},"19":{"start":{"line":53,"column":4},"end":{"line":53,"column":null}},"20":{"start":{"line":56,"column":2},"end":{"line":279,"column":null}},"21":{"start":{"line":121,"column":14},"end":{"line":141,"column":null}}},"fnMap":{"0":{"name":"(anonymous_0)","decl":{"start":{"line":35,"column":21},"end":{"line":35,"column":32}},"loc":{"start":{"line":35,"column":32},"end":{"line":35,"column":null}},"line":35},"1":{"name":"(anonymous_1)","decl":{"start":{"line":35,"column":93},"end":{"line":35,"column":102}},"loc":{"start":{"line":35,"column":102},"end":{"line":35,"column":null}},"line":35},"2":{"name":"(anonymous_2)","decl":{"start":{"line":36,"column":23},"end":{"line":36,"column":34}},"loc":{"start":{"line":36,"column":34},"end":{"line":36,"column":null}},"line":36},"3":{"name":"(anonymous_3)","decl":{"start":{"line":36,"column":96},"end":{"line":36,"column":105}},"loc":{"start":{"line":36,"column":105},"end":{"line":36,"column":null}},"line":36},"4":{"name":"(anonymous_4)","decl":{"start":{"line":37,"column":22},"end":{"line":37,"column":33}},"loc":{"start":{"line":37,"column":33},"end":{"line":37,"column":null}},"line":37},"5":{"name":"(anonymous_5)","decl":{"start":{"line":37,"column":95},"end":{"line":37,"column":104}},"loc":{"start":{"line":37,"column":104},"end":{"line":37,"column":null}},"line":37},"6":{"name":"(anonymous_6)","decl":{"start":{"line":38,"column":28},"end":{"line":38,"column":39}},"loc":{"start":{"line":38,"column":39},"end":{"line":38,"column":null}},"line":38},"7":{"name":"(anonymous_7)","decl":{"start":{"line":38,"column":107},"end":{"line":38,"column":116}},"loc":{"start":{"line":38,"column":116},"end":{"line":38,"column":null}},"line":38},"8":{"name":"(anonymous_8)","decl":{"start":{"line":42,"column":6},"end":{"line":42,"column":null}},"loc":{"start":{"line":43,"column":2},"end":{"line":45,"column":null}},"line":43},"9":{"name":"(anonymous_9)","decl":{"start":{"line":48,"column":13},"end":{"line":48,"column":48}},"loc":{"start":{"line":48,"column":48},"end":{"line":279,"column":null}},"line":48},"10":{"name":"(anonymous_10)","decl":{"start":{"line":52,"column":8},"end":{"line":52,"column":29}},"loc":{"start":{"line":52,"column":29},"end":{"line":53,"column":null}},"line":52},"11":{"name":"(anonymous_11)","decl":{"start":{"line":120,"column":14},"end":{"line":120,"column":19}},"loc":{"start":{"line":121,"column":14},"end":{"line":141,"column":null}},"line":121}},"branchMap":{"0":{"loc":{"start":{"line":95,"column":17},"end":{"line":95,"column":null}},"type":"cond-expr","locations":[{"start":{"line":95,"column":30},"end":{"line":95,"column":44}},{"start":{"line":95,"column":44},"end":{"line":95,"column":null}}],"line":95},"1":{"loc":{"start":{"line":100,"column":19},"end":{"line":100,"column":null}},"type":"cond-expr","locations":[{"start":{"line":100,"column":32},"end":{"line":100,"column":46}},{"start":{"line":100,"column":46},"end":{"line":100,"column":null}}],"line":100},"2":{"loc":{"start":{"line":125,"column":36},"end":{"line":125,"column":null}},"type":"cond-expr","locations":[{"start":{"line":125,"column":49},"end":{"line":125,"column":61}},{"start":{"line":125,"column":61},"end":{"line":125,"column":null}}],"line":125},"3":{"loc":{"start":{"line":132,"column":26},"end":{"line":132,"column":null}},"type":"cond-expr","locations":[{"start":{"line":132,"column":39},"end":{"line":132,"column":43}},{"start":{"line":132,"column":43},"end":{"line":132,"column":null}}],"line":132},"4":{"loc":{"start":{"line":139,"column":67},"end":{"line":139,"column":91}},"type":"cond-expr","locations":[{"start":{"line":139,"column":80},"end":{"line":139,"column":84}},{"start":{"line":139,"column":84},"end":{"line":139,"column":91}}],"line":139}},"s":{"0":2,"1":2,"2":0,"3":2,"4":2,"5":1,"6":2,"7":2,"8":2,"9":2,"10":2,"11":0,"12":2,"13":2,"14":8,"15":2,"16":2,"17":2,"18":2,"19":0,"20":2,"21":8},"f":{"0":2,"1":0,"2":2,"3":1,"4":2,"5":2,"6":2,"7":0,"8":8,"9":2,"10":0,"11":8},"b":{"0":[2,0],"1":[2,0],"2":[8,0],"3":[8,0],"4":[8,0]},"meta":{"lastBranch":5,"lastFunction":12,"lastStatement":22,"seen":{"s:35:6:35:Infinity":0,"f:35:21:35:32":0,"s:35:32:35:Infinity":1,"f:35:93:35:102":1,"s:35:102:35:Infinity":2,"s:36:6:36:Infinity":3,"f:36:23:36:34":2,"s:36:34:36:Infinity":4,"f:36:96:36:105":3,"s:36:105:36:Infinity":5,"s:37:6:37:Infinity":6,"f:37:22:37:33":4,"s:37:33:37:Infinity":7,"f:37:95:37:104":5,"s:37:104:37:Infinity":8,"s:38:6:38:Infinity":9,"f:38:28:38:39":6,"s:38:39:38:Infinity":10,"f:38:107:38:116":7,"s:38:116:38:Infinity":11,"s:40:20:40:Infinity":12,"s:42:6:45:Infinity":13,"f:42:6:42:Infinity":8,"s:43:2:45:Infinity":14,"s:48:13:279:Infinity":15,"f:48:13:48:48":9,"s:49:8:49:26":16,"s:50:21:50:52":17,"s:52:8:53:Infinity":18,"f:52:8:52:29":10,"s:53:4:53:Infinity":19,"s:56:2:279:Infinity":20,"b:95:30:95:44:95:44:95:Infinity":0,"b:100:32:100:46:100:46:100:Infinity":1,"f:120:14:120:19":11,"s:121:14:141:Infinity":21,"b:125:49:125:61:125:61:125:Infinity":2,"b:132:39:132:43:132:43:132:Infinity":3,"b:139:80:139:84:139:84:139:91":4}}}
,"/home/kamau/bsopt/src/frontend/src/features/options/components/GreeksHeatmap.tsx": {"path":"/home/kamau/bsopt/src/frontend/src/features/options/components/GreeksHeatmap.tsx","statementMap":{"0":{"start":{"line":22,"column":13},"end":{"line":136,"column":null}},"1":{"start":{"line":23,"column":8},"end":{"line":23,"column":26}},"2":{"start":{"line":25,"column":40},"end":{"line":34,"column":4}},"3":{"start":{"line":28,"column":23},"end":{"line":28,"column":87}},"4":{"start":{"line":29,"column":6},"end":{"line":30,"column":null}},"5":{"start":{"line":30,"column":8},"end":{"line":30,"column":null}},"6":{"start":{"line":32,"column":6},"end":{"line":32,"column":null}},"7":{"start":{"line":36,"column":8},"end":{"line":109,"column":33}},"8":{"start":{"line":37,"column":4},"end":{"line":37,"column":null}},"9":{"start":{"line":37,"column":50},"end":{"line":37,"column":null}},"10":{"start":{"line":39,"column":20},"end":{"line":39,"column":107}},"11":{"start":{"line":39,"column":74},"end":{"line":39,"column":83}},"12":{"start":{"line":39,"column":101},"end":{"line":39,"column":107}},"13":{"start":{"line":40,"column":21},"end":{"line":40,"column":93}},"14":{"start":{"line":40,"column":75},"end":{"line":40,"column":84}},"15":{"start":{"line":42,"column":17},"end":{"line":52,"column":null}},"16":{"start":{"line":43,"column":24},"end":{"line":43,"column":49}},"17":{"start":{"line":44,"column":24},"end":{"line":44,"column":50}},"18":{"start":{"line":46,"column":18},"end":{"line":46,"column":null}},"19":{"start":{"line":47,"column":6},"end":{"line":49,"column":null}},"20":{"start":{"line":47,"column":29},"end":{"line":47,"column":null}},"21":{"start":{"line":48,"column":15},"end":{"line":49,"column":null}},"22":{"start":{"line":48,"column":34},"end":{"line":48,"column":null}},"23":{"start":{"line":49,"column":15},"end":{"line":49,"column":null}},"24":{"start":{"line":49,"column":31},"end":{"line":49,"column":null}},"25":{"start":{"line":51,"column":6},"end":{"line":51,"column":null}},"26":{"start":{"line":54,"column":4},"end":{"line":108,"column":null}},"27":{"start":{"line":58,"column":10},"end":{"line":58,"column":null}},"28":{"start":{"line":69,"column":31},"end":{"line":69,"column":39}},"29":{"start":{"line":111,"column":2},"end":{"line":115,"column":null}},"30":{"start":{"line":112,"column":4},"end":{"line":115,"column":null}},"31":{"start":{"line":119,"column":2},"end":{"line":123,"column":null}},"32":{"start":{"line":120,"column":4},"end":{"line":123,"column":null}},"33":{"start":{"line":127,"column":2},"end":{"line":136,"column":null}}},"fnMap":{"0":{"name":"(anonymous_0)","decl":{"start":{"line":22,"column":13},"end":{"line":22,"column":60}},"loc":{"start":{"line":22,"column":82},"end":{"line":136,"column":null}},"line":22},"1":{"name":"(anonymous_1)","decl":{"start":{"line":27,"column":13},"end":{"line":27,"column":25}},"loc":{"start":{"line":27,"column":25},"end":{"line":32,"column":null}},"line":27},"2":{"name":"(anonymous_2)","decl":{"start":{"line":36,"column":23},"end":{"line":36,"column":37}},"loc":{"start":{"line":36,"column":37},"end":{"line":109,"column":6}},"line":36},"3":{"name":"(anonymous_3)","decl":{"start":{"line":39,"column":51},"end":{"line":39,"column":56}},"loc":{"start":{"line":39,"column":74},"end":{"line":39,"column":83}},"line":39},"4":{"name":"(anonymous_4)","decl":{"start":{"line":39,"column":86},"end":{"line":39,"column":92}},"loc":{"start":{"line":39,"column":101},"end":{"line":39,"column":107}},"line":39},"5":{"name":"(anonymous_5)","decl":{"start":{"line":40,"column":52},"end":{"line":40,"column":57}},"loc":{"start":{"line":40,"column":75},"end":{"line":40,"column":84}},"line":40},"6":{"name":"(anonymous_6)","decl":{"start":{"line":42,"column":29},"end":{"line":42,"column":34}},"loc":{"start":{"line":42,"column":52},"end":{"line":52,"column":null}},"line":42},"7":{"name":"(anonymous_7)","decl":{"start":{"line":57,"column":8},"end":{"line":57,"column":20}},"loc":{"start":{"line":57,"column":36},"end":{"line":58,"column":null}},"line":57},"8":{"name":"(anonymous_8)","decl":{"start":{"line":69,"column":22},"end":{"line":69,"column":26}},"loc":{"start":{"line":69,"column":31},"end":{"line":69,"column":39}},"line":69}},"branchMap":{"0":{"loc":{"start":{"line":29,"column":6},"end":{"line":30,"column":null}},"type":"if","locations":[{"start":{"line":29,"column":6},"end":{"line":30,"column":null}},{"start":{},"end":{}}],"line":29},"1":{"loc":{"start":{"line":37,"column":4},"end":{"line":37,"column":null}},"type":"if","locations":[{"start":{"line":37,"column":4},"end":{"line":37,"column":null}},{"start":{},"end":{}}],"line":37},"2":{"loc":{"start":{"line":37,"column":8},"end":{"line":37,"column":50}},"type":"binary-expr","locations":[{"start":{"line":37,"column":8},"end":{"line":37,"column":24}},{"start":{"line":37,"column":24},"end":{"line":37,"column":50}}],"line":37},"3":{"loc":{"start":{"line":47,"column":6},"end":{"line":49,"column":null}},"type":"if","locations":[{"start":{"line":47,"column":6},"end":{"line":49,"column":null}},{"start":{"line":48,"column":15},"end":{"line":49,"column":null}}],"line":47},"4":{"loc":{"start":{"line":48,"column":15},"end":{"line":49,"column":null}},"type":"if","locations":[{"start":{"line":48,"column":15},"end":{"line":49,"column":null}},{"start":{"line":49,"column":15},"end":{"line":49,"column":null}}],"line":48},"5":{"loc":{"start":{"line":49,"column":15},"end":{"line":49,"column":null}},"type":"if","locations":[{"start":{"line":49,"column":15},"end":{"line":49,"column":null}},{"start":{},"end":{}}],"line":49},"6":{"loc":{"start":{"line":111,"column":2},"end":{"line":115,"column":null}},"type":"if","locations":[{"start":{"line":111,"column":2},"end":{"line":115,"column":null}},{"start":{},"end":{}}],"line":111},"7":{"loc":{"start":{"line":119,"column":2},"end":{"line":123,"column":null}},"type":"if","locations":[{"start":{"line":119,"column":2},"end":{"line":123,"column":null}},{"start":{},"end":{}}],"line":119},"8":{"loc":{"start":{"line":119,"column":6},"end":{"line":119,"column":29}},"type":"binary-expr","locations":[{"start":{"line":119,"column":6},"end":{"line":119,"column":15}},{"start":{"line":119,"column":15},"end":{"line":119,"column":29}}],"line":119},"9":{"loc":{"start":{"line":129,"column":7},"end":{"line":133,"column":null}},"type":"binary-expr","locations":[{"start":{"line":129,"column":7},"end":{"line":129,"column":null}},{"start":{"line":130,"column":8},"end":{"line":133,"column":null}}],"line":129},"10":{"loc":{"start":{"line":133,"column":17},"end":{"line":133,"column":null}},"type":"cond-expr","locations":[{"start":{"line":133,"column":49},"end":{"line":133,"column":58}},{"start":{"line":133,"column":58},"end":{"line":133,"column":null}}],"line":133}},"s":{"0":3,"1":2,"2":2,"3":1,"4":1,"5":0,"6":1,"7":2,"8":2,"9":1,"10":1,"11":1,"12":0,"13":1,"14":1,"15":1,"16":1,"17":1,"18":1,"19":1,"20":1,"21":0,"22":0,"23":0,"24":0,"25":1,"26":1,"27":0,"28":1,"29":2,"30":1,"31":1,"32":0,"33":1},"f":{"0":2,"1":1,"2":2,"3":1,"4":0,"5":1,"6":1,"7":0,"8":1},"b":{"0":[0,1],"1":[1,1],"2":[2,1],"3":[1,0],"4":[0,0],"5":[0,0],"6":[1,1],"7":[0,1],"8":[1,1],"9":[1,1],"10":[1,0]},"meta":{"lastBranch":11,"lastFunction":9,"lastStatement":34,"seen":{"s:22:13:136:Infinity":0,"f:22:13:22:60":0,"s:23:8:23:26":1,"s:25:40:34:4":2,"f:27:13:27:25":1,"s:28:23:28:87":3,"b:29:6:30:Infinity:undefined:undefined:undefined:undefined":0,"s:29:6:30:Infinity":4,"s:30:8:30:Infinity":5,"s:32:6:32:Infinity":6,"s:36:8:109:33":7,"f:36:23:36:37":2,"b:37:4:37:Infinity:undefined:undefined:undefined:undefined":1,"s:37:4:37:Infinity":8,"b:37:8:37:24:37:24:37:50":2,"s:37:50:37:Infinity":9,"s:39:20:39:107":10,"f:39:51:39:56":3,"s:39:74:39:83":11,"f:39:86:39:92":4,"s:39:101:39:107":12,"s:40:21:40:93":13,"f:40:52:40:57":5,"s:40:75:40:84":14,"s:42:17:52:Infinity":15,"f:42:29:42:34":6,"s:43:24:43:49":16,"s:44:24:44:50":17,"s:46:18:46:Infinity":18,"b:47:6:49:Infinity:48:15:49:Infinity":3,"s:47:6:49:Infinity":19,"s:47:29:47:Infinity":20,"b:48:15:49:Infinity:49:15:49:Infinity":4,"s:48:15:49:Infinity":21,"s:48:34:48:Infinity":22,"b:49:15:49:Infinity:undefined:undefined:undefined:undefined":5,"s:49:15:49:Infinity":23,"s:49:31:49:Infinity":24,"s:51:6:51:Infinity":25,"s:54:4:108:Infinity":26,"f:57:8:57:20":7,"s:58:10:58:Infinity":27,"f:69:22:69:26":8,"s:69:31:69:39":28,"b:111:2:115:Infinity:undefined:undefined:undefined:undefined":6,"s:111:2:115:Infinity":29,"s:112:4:115:Infinity":30,"b:119:2:123:Infinity:undefined:undefined:undefined:undefined":7,"s:119:2:123:Infinity":31,"b:119:6:119:15:119:15:119:29":8,"s:120:4:123:Infinity":32,"s:127:2:136:Infinity":33,"b:129:7:129:Infinity:130:8:133:Infinity":9,"b:133:49:133:58:133:58:133:Infinity":10}}}
,"/home/kamau/bsopt/src/frontend/src/features/options/components/MLPredictions.tsx": {"path":"/home/kamau/bsopt/src/frontend/src/features/options/components/MLPredictions.tsx","statementMap":{"0":{"start":{"line":33,"column":13},"end":{"line":132,"column":null}},"1":{"start":{"line":34,"column":8},"end":{"line":34,"column":26}},"2":{"start":{"line":36,"column":27},"end":{"line":46,"column":4}},"3":{"start":{"line":39,"column":23},"end":{"line":39,"column":77}},"4":{"start":{"line":40,"column":6},"end":{"line":41,"column":null}},"5":{"start":{"line":41,"column":8},"end":{"line":41,"column":null}},"6":{"start":{"line":43,"column":6},"end":{"line":43,"column":null}},"7":{"start":{"line":48,"column":2},"end":{"line":52,"column":null}},"8":{"start":{"line":49,"column":4},"end":{"line":52,"column":null}},"9":{"start":{"line":56,"column":2},"end":{"line":60,"column":null}},"10":{"start":{"line":57,"column":4},"end":{"line":60,"column":null}},"11":{"start":{"line":64,"column":80},"end":{"line":64,"column":null}},"12":{"start":{"line":65,"column":21},"end":{"line":65,"column":null}},"13":{"start":{"line":67,"column":2},"end":{"line":132,"column":null}}},"fnMap":{"0":{"name":"(anonymous_0)","decl":{"start":{"line":33,"column":13},"end":{"line":33,"column":60}},"loc":{"start":{"line":33,"column":75},"end":{"line":132,"column":null}},"line":33},"1":{"name":"(anonymous_1)","decl":{"start":{"line":38,"column":13},"end":{"line":38,"column":25}},"loc":{"start":{"line":38,"column":25},"end":{"line":43,"column":null}},"line":38}},"branchMap":{"0":{"loc":{"start":{"line":40,"column":6},"end":{"line":41,"column":null}},"type":"if","locations":[{"start":{"line":40,"column":6},"end":{"line":41,"column":null}},{"start":{},"end":{}}],"line":40},"1":{"loc":{"start":{"line":48,"column":2},"end":{"line":52,"column":null}},"type":"if","locations":[{"start":{"line":48,"column":2},"end":{"line":52,"column":null}},{"start":{},"end":{}}],"line":48},"2":{"loc":{"start":{"line":56,"column":2},"end":{"line":60,"column":null}},"type":"if","locations":[{"start":{"line":56,"column":2},"end":{"line":60,"column":null}},{"start":{},"end":{}}],"line":56},"3":{"loc":{"start":{"line":56,"column":6},"end":{"line":56,"column":22}},"type":"binary-expr","locations":[{"start":{"line":56,"column":6},"end":{"line":56,"column":15}},{"start":{"line":56,"column":15},"end":{"line":56,"column":22}}],"line":56},"4":{"loc":{"start":{"line":94,"column":22},"end":{"line":94,"column":47}},"type":"cond-expr","locations":[{"start":{"line":94,"column":35},"end":{"line":94,"column":41}},{"start":{"line":94,"column":41},"end":{"line":94,"column":47}}],"line":94},"5":{"loc":{"start":{"line":96,"column":19},"end":{"line":96,"column":null}},"type":"cond-expr","locations":[{"start":{"line":96,"column":32},"end":{"line":96,"column":44}},{"start":{"line":96,"column":44},"end":{"line":96,"column":null}}],"line":96}},"s":{"0":3,"1":5,"2":5,"3":3,"4":2,"5":0,"6":2,"7":5,"8":3,"9":2,"10":0,"11":2,"12":2,"13":2},"f":{"0":5,"1":3},"b":{"0":[0,2],"1":[3,2],"2":[0,2],"3":[2,2],"4":[2,0],"5":[2,0]},"meta":{"lastBranch":6,"lastFunction":2,"lastStatement":14,"seen":{"s:33:13:132:Infinity":0,"f:33:13:33:60":0,"s:34:8:34:26":1,"s:36:27:46:4":2,"f:38:13:38:25":1,"s:39:23:39:77":3,"b:40:6:41:Infinity:undefined:undefined:undefined:undefined":0,"s:40:6:41:Infinity":4,"s:41:8:41:Infinity":5,"s:43:6:43:Infinity":6,"b:48:2:52:Infinity:undefined:undefined:undefined:undefined":1,"s:48:2:52:Infinity":7,"s:49:4:52:Infinity":8,"b:56:2:60:Infinity:undefined:undefined:undefined:undefined":2,"s:56:2:60:Infinity":9,"b:56:6:56:15:56:15:56:22":3,"s:57:4:60:Infinity":10,"s:64:80:64:Infinity":11,"s:65:21:65:Infinity":12,"s:67:2:132:Infinity":13,"b:94:35:94:41:94:41:94:47":4,"b:96:32:96:44:96:44:96:Infinity":5}}}
,"/home/kamau/bsopt/src/frontend/src/features/options/components/OptionsChain.tsx": {"path":"/home/kamau/bsopt/src/frontend/src/features/options/components/OptionsChain.tsx","statementMap":{"0":{"start":{"line":66,"column":13},"end":{"line":484,"column":null}},"1":{"start":{"line":67,"column":8},"end":{"line":67,"column":26}},"2":{"start":{"line":68,"column":21},"end":{"line":68,"column":50}},"3":{"start":{"line":69,"column":23},"end":{"line":69,"column":65}},"4":{"start":{"line":70,"column":25},"end":{"line":70,"column":83}},"5":{"start":{"line":71,"column":20},"end":{"line":71,"column":51}},"6":{"start":{"line":74,"column":29},"end":{"line":83,"column":4}},"7":{"start":{"line":77,"column":23},"end":{"line":78,"column":null}},"8":{"start":{"line":80,"column":6},"end":{"line":80,"column":null}},"9":{"start":{"line":86,"column":8},"end":{"line":99,"column":31}},"10":{"start":{"line":87,"column":4},"end":{"line":87,"column":null}},"11":{"start":{"line":87,"column":22},"end":{"line":87,"column":null}},"12":{"start":{"line":89,"column":19},"end":{"line":89,"column":null}},"13":{"start":{"line":91,"column":4},"end":{"line":95,"column":null}},"14":{"start":{"line":92,"column":21},"end":{"line":92,"column":45}},"15":{"start":{"line":93,"column":6},"end":{"line":95,"column":null}},"16":{"start":{"line":94,"column":8},"end":{"line":94,"column":46}},"17":{"start":{"line":98,"column":4},"end":{"line":98,"column":null}},"18":{"start":{"line":102,"column":8},"end":{"line":389,"column":13}},"19":{"start":{"line":102,"column":46},"end":{"line":389,"column":5}},"20":{"start":{"line":110,"column":8},"end":{"line":115,"column":null}},"21":{"start":{"line":125,"column":8},"end":{"line":130,"column":null}},"22":{"start":{"line":140,"column":20},"end":{"line":140,"column":null}},"23":{"start":{"line":141,"column":23},"end":{"line":141,"column":null}},"24":{"start":{"line":142,"column":31},"end":{"line":142,"column":null}},"25":{"start":{"line":144,"column":8},"end":{"line":155,"column":null}},"26":{"start":{"line":165,"column":8},"end":{"line":165,"column":null}},"27":{"start":{"line":173,"column":8},"end":{"line":173,"column":null}},"28":{"start":{"line":181,"column":8},"end":{"line":183,"column":null}},"29":{"start":{"line":194,"column":20},"end":{"line":194,"column":null}},"30":{"start":{"line":195,"column":8},"end":{"line":204,"column":null}},"31":{"start":{"line":215,"column":8},"end":{"line":218,"column":null}},"32":{"start":{"line":230,"column":20},"end":{"line":230,"column":null}},"33":{"start":{"line":231,"column":22},"end":{"line":231,"column":null}},"34":{"start":{"line":232,"column":27},"end":{"line":232,"column":null}},"35":{"start":{"line":233,"column":26},"end":{"line":233,"column":null}},"36":{"start":{"line":235,"column":8},"end":{"line":265,"column":null}},"37":{"start":{"line":277,"column":8},"end":{"line":280,"column":null}},"38":{"start":{"line":290,"column":20},"end":{"line":290,"column":null}},"39":{"start":{"line":291,"column":8},"end":{"line":300,"column":null}},"40":{"start":{"line":311,"column":8},"end":{"line":313,"column":null}},"41":{"start":{"line":324,"column":8},"end":{"line":324,"column":null}},"42":{"start":{"line":332,"column":8},"end":{"line":332,"column":null}},"43":{"start":{"line":340,"column":20},"end":{"line":340,"column":null}},"44":{"start":{"line":341,"column":23},"end":{"line":341,"column":null}},"45":{"start":{"line":342,"column":31},"end":{"line":342,"column":null}},"46":{"start":{"line":344,"column":8},"end":{"line":355,"column":null}},"47":{"start":{"line":365,"column":8},"end":{"line":370,"column":null}},"48":{"start":{"line":380,"column":8},"end":{"line":385,"column":null}},"49":{"start":{"line":391,"column":2},"end":{"line":484,"column":null}},"50":{"start":{"line":408,"column":27},"end":{"line":408,"column":56}},"51":{"start":{"line":422,"column":34},"end":{"line":422,"column":65}},"52":{"start":{"line":440,"column":12},"end":{"line":440,"column":null}},"53":{"start":{"line":441,"column":12},"end":{"line":441,"column":null}},"54":{"start":{"line":442,"column":12},"end":{"line":442,"column":null}}},"fnMap":{"0":{"name":"(anonymous_0)","decl":{"start":{"line":66,"column":13},"end":{"line":66,"column":58}},"loc":{"start":{"line":66,"column":89},"end":{"line":484,"column":null}},"line":66},"1":{"name":"(anonymous_1)","decl":{"start":{"line":76,"column":13},"end":{"line":76,"column":25}},"loc":{"start":{"line":76,"column":25},"end":{"line":80,"column":null}},"line":76},"2":{"name":"(anonymous_2)","decl":{"start":{"line":86,"column":23},"end":{"line":86,"column":37}},"loc":{"start":{"line":86,"column":37},"end":{"line":99,"column":6}},"line":86},"3":{"name":"(anonymous_3)","decl":{"start":{"line":93,"column":26},"end":{"line":93,"column":34}},"loc":{"start":{"line":94,"column":8},"end":{"line":94,"column":46}},"line":94},"4":{"name":"(anonymous_4)","decl":{"start":{"line":102,"column":32},"end":{"line":102,"column":46}},"loc":{"start":{"line":102,"column":46},"end":{"line":389,"column":5}},"line":102},"5":{"name":"(anonymous_5)","decl":{"start":{"line":109,"column":6},"end":{"line":109,"column":19}},"loc":{"start":{"line":110,"column":8},"end":{"line":115,"column":null}},"line":110},"6":{"name":"(anonymous_6)","decl":{"start":{"line":124,"column":6},"end":{"line":124,"column":19}},"loc":{"start":{"line":125,"column":8},"end":{"line":130,"column":null}},"line":125},"7":{"name":"(anonymous_7)","decl":{"start":{"line":139,"column":6},"end":{"line":139,"column":19}},"loc":{"start":{"line":139,"column":52},"end":{"line":155,"column":null}},"line":139},"8":{"name":"(anonymous_8)","decl":{"start":{"line":164,"column":6},"end":{"line":164,"column":23}},"loc":{"start":{"line":165,"column":8},"end":{"line":165,"column":null}},"line":165},"9":{"name":"(anonymous_9)","decl":{"start":{"line":172,"column":6},"end":{"line":172,"column":23}},"loc":{"start":{"line":173,"column":8},"end":{"line":173,"column":null}},"line":173},"10":{"name":"(anonymous_10)","decl":{"start":{"line":180,"column":6},"end":{"line":180,"column":19}},"loc":{"start":{"line":181,"column":8},"end":{"line":183,"column":null}},"line":181},"11":{"name":"(anonymous_11)","decl":{"start":{"line":193,"column":6},"end":{"line":193,"column":19}},"loc":{"start":{"line":193,"column":52},"end":{"line":204,"column":null}},"line":193},"12":{"name":"(anonymous_12)","decl":{"start":{"line":214,"column":6},"end":{"line":214,"column":19}},"loc":{"start":{"line":215,"column":8},"end":{"line":218,"column":null}},"line":215},"13":{"name":"(anonymous_13)","decl":{"start":{"line":229,"column":6},"end":{"line":229,"column":19}},"loc":{"start":{"line":229,"column":52},"end":{"line":265,"column":null}},"line":229},"14":{"name":"(anonymous_14)","decl":{"start":{"line":276,"column":6},"end":{"line":276,"column":19}},"loc":{"start":{"line":277,"column":8},"end":{"line":280,"column":null}},"line":277},"15":{"name":"(anonymous_15)","decl":{"start":{"line":289,"column":6},"end":{"line":289,"column":19}},"loc":{"start":{"line":289,"column":52},"end":{"line":300,"column":null}},"line":289},"16":{"name":"(anonymous_16)","decl":{"start":{"line":310,"column":6},"end":{"line":310,"column":19}},"loc":{"start":{"line":311,"column":8},"end":{"line":313,"column":null}},"line":311},"17":{"name":"(anonymous_17)","decl":{"start":{"line":323,"column":6},"end":{"line":323,"column":23}},"loc":{"start":{"line":324,"column":8},"end":{"line":324,"column":null}},"line":324},"18":{"name":"(anonymous_18)","decl":{"start":{"line":331,"column":6},"end":{"line":331,"column":23}},"loc":{"start":{"line":332,"column":8},"end":{"line":332,"column":null}},"line":332},"19":{"name":"(anonymous_19)","decl":{"start":{"line":339,"column":6},"end":{"line":339,"column":19}},"loc":{"start":{"line":339,"column":52},"end":{"line":355,"column":null}},"line":339},"20":{"name":"(anonymous_20)","decl":{"start":{"line":364,"column":6},"end":{"line":364,"column":19}},"loc":{"start":{"line":365,"column":8},"end":{"line":370,"column":null}},"line":365},"21":{"name":"(anonymous_21)","decl":{"start":{"line":379,"column":6},"end":{"line":379,"column":19}},"loc":{"start":{"line":380,"column":8},"end":{"line":385,"column":null}},"line":380},"22":{"name":"(anonymous_22)","decl":{"start":{"line":408,"column":10},"end":{"line":408,"column":21}},"loc":{"start":{"line":408,"column":27},"end":{"line":408,"column":56}},"line":408},"23":{"name":"(anonymous_23)","decl":{"start":{"line":422,"column":10},"end":{"line":422,"column":21}},"loc":{"start":{"line":422,"column":34},"end":{"line":422,"column":65}},"line":422},"24":{"name":"(anonymous_24)","decl":{"start":{"line":439,"column":10},"end":{"line":439,"column":23}},"loc":{"start":{"line":439,"column":34},"end":{"line":442,"column":null}},"line":439}},"branchMap":{"0":{"loc":{"start":{"line":87,"column":4},"end":{"line":87,"column":null}},"type":"if","locations":[{"start":{"line":87,"column":4},"end":{"line":87,"column":null}},{"start":{},"end":{}}],"line":87},"1":{"loc":{"start":{"line":91,"column":4},"end":{"line":95,"column":null}},"type":"if","locations":[{"start":{"line":91,"column":4},"end":{"line":95,"column":null}},{"start":{},"end":{}}],"line":91},"2":{"loc":{"start":{"line":150,"column":24},"end":{"line":150,"column":56}},"type":"cond-expr","locations":[{"start":{"line":150,"column":45},"end":{"line":150,"column":51}},{"start":{"line":150,"column":51},"end":{"line":150,"column":56}}],"line":150},"3":{"loc":{"start":{"line":152,"column":21},"end":{"line":152,"column":null}},"type":"cond-expr","locations":[{"start":{"line":152,"column":42},"end":{"line":152,"column":54}},{"start":{"line":152,"column":54},"end":{"line":152,"column":null}}],"line":152},"4":{"loc":{"start":{"line":243,"column":31},"end":{"line":245,"column":null}},"type":"cond-expr","locations":[{"start":{"line":243,"column":31},"end":{"line":244,"column":56}},{"start":{"line":245,"column":18},"end":{"line":245,"column":null}}],"line":243},"5":{"loc":{"start":{"line":246,"column":26},"end":{"line":246,"column":null}},"type":"cond-expr","locations":[{"start":{"line":246,"column":39},"end":{"line":246,"column":89}},{"start":{"line":246,"column":89},"end":{"line":246,"column":null}}],"line":246},"6":{"loc":{"start":{"line":247,"column":27},"end":{"line":247,"column":null}},"type":"cond-expr","locations":[{"start":{"line":247,"column":39},"end":{"line":247,"column":89}},{"start":{"line":247,"column":89},"end":{"line":247,"column":null}}],"line":247},"7":{"loc":{"start":{"line":253,"column":21},"end":{"line":253,"column":null}},"type":"cond-expr","locations":[{"start":{"line":253,"column":29},"end":{"line":253,"column":46}},{"start":{"line":253,"column":46},"end":{"line":253,"column":null}}],"line":253},"8":{"loc":{"start":{"line":257,"column":13},"end":{"line":263,"column":null}},"type":"binary-expr","locations":[{"start":{"line":257,"column":13},"end":{"line":257,"column":null}},{"start":{"line":258,"column":14},"end":{"line":263,"column":null}}],"line":257},"9":{"loc":{"start":{"line":350,"column":24},"end":{"line":350,"column":56}},"type":"cond-expr","locations":[{"start":{"line":350,"column":45},"end":{"line":350,"column":51}},{"start":{"line":350,"column":51},"end":{"line":350,"column":56}}],"line":350},"10":{"loc":{"start":{"line":352,"column":21},"end":{"line":352,"column":null}},"type":"cond-expr","locations":[{"start":{"line":352,"column":42},"end":{"line":352,"column":54}},{"start":{"line":352,"column":54},"end":{"line":352,"column":null}}],"line":352},"11":{"loc":{"start":{"line":422,"column":34},"end":{"line":422,"column":65}},"type":"binary-expr","locations":[{"start":{"line":422,"column":34},"end":{"line":422,"column":43}},{"start":{"line":422,"column":43},"end":{"line":422,"column":65}}],"line":422}},"s":{"0":1,"1":2,"2":2,"3":2,"4":2,"5":2,"6":2,"7":1,"8":1,"9":2,"10":2,"11":1,"12":1,"13":1,"14":0,"15":0,"16":0,"17":1,"18":2,"19":1,"20":1,"21":1,"22":1,"23":1,"24":1,"25":1,"26":1,"27":1,"28":1,"29":1,"30":1,"31":1,"32":1,"33":1,"34":1,"35":1,"36":1,"37":1,"38":1,"39":1,"40":1,"41":1,"42":1,"43":1,"44":1,"45":1,"46":1,"47":1,"48":1,"49":2,"50":0,"51":0,"52":0,"53":0,"54":0},"f":{"0":2,"1":1,"2":2,"3":0,"4":1,"5":1,"6":1,"7":1,"8":1,"9":1,"10":1,"11":1,"12":1,"13":1,"14":1,"15":1,"16":1,"17":1,"18":1,"19":1,"20":1,"21":1,"22":0,"23":0,"24":0},"b":{"0":[1,1],"1":[0,1],"2":[1,0],"3":[1,0],"4":[1,0],"5":[1,0],"6":[0,1],"7":[1,0],"8":[1,1],"9":[1,0],"10":[1,0],"11":[0,0]},"meta":{"lastBranch":12,"lastFunction":25,"lastStatement":55,"seen":{"s:66:13:484:Infinity":0,"f:66:13:66:58":0,"s:67:8:67:26":1,"s:68:21:68:50":2,"s:69:23:69:65":3,"s:70:25:70:83":4,"s:71:20:71:51":5,"s:74:29:83:4":6,"f:76:13:76:25":1,"s:77:23:78:Infinity":7,"s:80:6:80:Infinity":8,"s:86:8:99:31":9,"f:86:23:86:37":2,"b:87:4:87:Infinity:undefined:undefined:undefined:undefined":0,"s:87:4:87:Infinity":10,"s:87:22:87:Infinity":11,"s:89:19:89:Infinity":12,"b:91:4:95:Infinity:undefined:undefined:undefined:undefined":1,"s:91:4:95:Infinity":13,"s:92:21:92:45":14,"s:93:6:95:Infinity":15,"f:93:26:93:34":3,"s:94:8:94:46":16,"s:98:4:98:Infinity":17,"s:102:8:389:13":18,"f:102:32:102:46":4,"s:102:46:389:5":19,"f:109:6:109:19":5,"s:110:8:115:Infinity":20,"f:124:6:124:19":6,"s:125:8:130:Infinity":21,"f:139:6:139:19":7,"s:140:20:140:Infinity":22,"s:141:23:141:Infinity":23,"s:142:31:142:Infinity":24,"s:144:8:155:Infinity":25,"b:150:45:150:51:150:51:150:56":2,"b:152:42:152:54:152:54:152:Infinity":3,"f:164:6:164:23":8,"s:165:8:165:Infinity":26,"f:172:6:172:23":9,"s:173:8:173:Infinity":27,"f:180:6:180:19":10,"s:181:8:183:Infinity":28,"f:193:6:193:19":11,"s:194:20:194:Infinity":29,"s:195:8:204:Infinity":30,"f:214:6:214:19":12,"s:215:8:218:Infinity":31,"f:229:6:229:19":13,"s:230:20:230:Infinity":32,"s:231:22:231:Infinity":33,"s:232:27:232:Infinity":34,"s:233:26:233:Infinity":35,"s:235:8:265:Infinity":36,"b:243:31:244:56:245:18:245:Infinity":4,"b:246:39:246:89:246:89:246:Infinity":5,"b:247:39:247:89:247:89:247:Infinity":6,"b:253:29:253:46:253:46:253:Infinity":7,"b:257:13:257:Infinity:258:14:263:Infinity":8,"f:276:6:276:19":14,"s:277:8:280:Infinity":37,"f:289:6:289:19":15,"s:290:20:290:Infinity":38,"s:291:8:300:Infinity":39,"f:310:6:310:19":16,"s:311:8:313:Infinity":40,"f:323:6:323:23":17,"s:324:8:324:Infinity":41,"f:331:6:331:23":18,"s:332:8:332:Infinity":42,"f:339:6:339:19":19,"s:340:20:340:Infinity":43,"s:341:23:341:Infinity":44,"s:342:31:342:Infinity":45,"s:344:8:355:Infinity":46,"b:350:45:350:51:350:51:350:56":9,"b:352:42:352:54:352:54:352:Infinity":10,"f:364:6:364:19":20,"s:365:8:370:Infinity":47,"f:379:6:379:19":21,"s:380:8:385:Infinity":48,"s:391:2:484:Infinity":49,"f:408:10:408:21":22,"s:408:27:408:56":50,"f:422:10:422:21":23,"s:422:34:422:65":51,"b:422:34:422:43:422:43:422:65":11,"f:439:10:439:23":24,"s:440:12:440:Infinity":52,"s:441:12:441:Infinity":53,"s:442:12:442:Infinity":54}}}
,"/home/kamau/bsopt/src/frontend/src/features/options/components/QuickTradeButton.tsx": {"path":"/home/kamau/bsopt/src/frontend/src/features/options/components/QuickTradeButton.tsx","statementMap":{"0":{"start":{"line":25,"column":13},"end":{"line":100,"column":null}},"1":{"start":{"line":26,"column":15},"end":{"line":26,"column":41}},"2":{"start":{"line":27,"column":18},"end":{"line":27,"column":47}},"3":{"start":{"line":28,"column":19},"end":{"line":32,"column":4}},"4":{"start":{"line":34,"column":8},"end":{"line":35,"column":null}},"5":{"start":{"line":35,"column":4},"end":{"line":35,"column":null}},"6":{"start":{"line":38,"column":8},"end":{"line":39,"column":null}},"7":{"start":{"line":39,"column":4},"end":{"line":39,"column":null}},"8":{"start":{"line":42,"column":8},"end":{"line":43,"column":null}},"9":{"start":{"line":43,"column":4},"end":{"line":43,"column":null}},"10":{"start":{"line":46,"column":8},"end":{"line":66,"column":null}},"11":{"start":{"line":47,"column":4},"end":{"line":47,"column":null}},"12":{"start":{"line":48,"column":4},"end":{"line":66,"column":null}},"13":{"start":{"line":54,"column":8},"end":{"line":54,"column":null}},"14":{"start":{"line":54,"column":26},"end":{"line":54,"column":null}},"15":{"start":{"line":55,"column":8},"end":{"line":55,"column":null}},"16":{"start":{"line":58,"column":8},"end":{"line":58,"column":null}},"17":{"start":{"line":59,"column":8},"end":{"line":59,"column":null}},"18":{"start":{"line":62,"column":8},"end":{"line":62,"column":null}},"19":{"start":{"line":65,"column":8},"end":{"line":65,"column":null}},"20":{"start":{"line":69,"column":2},"end":{"line":100,"column":null}}},"fnMap":{"0":{"name":"(anonymous_0)","decl":{"start":{"line":25,"column":13},"end":{"line":25,"column":66}},"loc":{"start":{"line":25,"column":95},"end":{"line":100,"column":null}},"line":25},"1":{"name":"(anonymous_1)","decl":{"start":{"line":34,"column":8},"end":{"line":34,"column":32}},"loc":{"start":{"line":34,"column":32},"end":{"line":35,"column":null}},"line":34},"2":{"name":"(anonymous_2)","decl":{"start":{"line":38,"column":8},"end":{"line":38,"column":28}},"loc":{"start":{"line":38,"column":28},"end":{"line":39,"column":null}},"line":38},"3":{"name":"(anonymous_3)","decl":{"start":{"line":42,"column":8},"end":{"line":42,"column":36}},"loc":{"start":{"line":42,"column":36},"end":{"line":43,"column":null}},"line":42},"4":{"name":"(anonymous_4)","decl":{"start":{"line":46,"column":8},"end":{"line":46,"column":30}},"loc":{"start":{"line":46,"column":30},"end":{"line":66,"column":null}},"line":46},"5":{"name":"(anonymous_5)","decl":{"start":{"line":53,"column":7},"end":{"line":53,"column":12}},"loc":{"start":{"line":53,"column":24},"end":{"line":56,"column":null}},"line":53},"6":{"name":"(anonymous_6)","decl":{"start":{"line":57,"column":7},"end":{"line":57,"column":12}},"loc":{"start":{"line":57,"column":20},"end":{"line":60,"column":null}},"line":57},"7":{"name":"(anonymous_7)","decl":{"start":{"line":61,"column":7},"end":{"line":61,"column":13}},"loc":{"start":{"line":61,"column":22},"end":{"line":63,"column":null}},"line":61},"8":{"name":"(anonymous_8)","decl":{"start":{"line":64,"column":7},"end":{"line":64,"column":21}},"loc":{"start":{"line":64,"column":21},"end":{"line":66,"column":null}},"line":64}},"branchMap":{"0":{"loc":{"start":{"line":54,"column":8},"end":{"line":54,"column":null}},"type":"if","locations":[{"start":{"line":54,"column":8},"end":{"line":54,"column":null}},{"start":{},"end":{}}],"line":54},"1":{"loc":{"start":{"line":58,"column":43},"end":{"line":58,"column":90}},"type":"binary-expr","locations":[{"start":{"line":58,"column":43},"end":{"line":58,"column":59}},{"start":{"line":58,"column":59},"end":{"line":58,"column":90}}],"line":58},"2":{"loc":{"start":{"line":62,"column":43},"end":{"line":62,"column":86}},"type":"binary-expr","locations":[{"start":{"line":62,"column":43},"end":{"line":62,"column":60}},{"start":{"line":62,"column":60},"end":{"line":62,"column":86}}],"line":62},"3":{"loc":{"start":{"line":72,"column":17},"end":{"line":72,"column":null}},"type":"cond-expr","locations":[{"start":{"line":72,"column":36},"end":{"line":72,"column":50}},{"start":{"line":72,"column":50},"end":{"line":72,"column":null}}],"line":72},"4":{"loc":{"start":{"line":73,"column":15},"end":{"line":73,"column":null}},"type":"cond-expr","locations":[{"start":{"line":73,"column":34},"end":{"line":73,"column":46}},{"start":{"line":73,"column":46},"end":{"line":73,"column":null}}],"line":73},"5":{"loc":{"start":{"line":90,"column":13},"end":{"line":90,"column":null}},"type":"cond-expr","locations":[{"start":{"line":90,"column":23},"end":{"line":90,"column":56}},{"start":{"line":90,"column":56},"end":{"line":90,"column":null}}],"line":90}},"s":{"0":2,"1":6,"2":6,"3":6,"4":6,"5":1,"6":6,"7":0,"8":6,"9":0,"10":6,"11":1,"12":1,"13":1,"14":0,"15":1,"16":1,"17":1,"18":0,"19":1,"20":6},"f":{"0":6,"1":1,"2":0,"3":0,"4":1,"5":1,"6":1,"7":0,"8":1},"b":{"0":[0,1],"1":[1,0],"2":[0,0],"3":[6,0],"4":[6,0],"5":[1,5]},"meta":{"lastBranch":6,"lastFunction":9,"lastStatement":21,"seen":{"s:25:13:100:Infinity":0,"f:25:13:25:66":0,"s:26:15:26:41":1,"s:27:18:27:47":2,"s:28:19:32:4":3,"s:34:8:35:Infinity":4,"f:34:8:34:32":1,"s:35:4:35:Infinity":5,"s:38:8:39:Infinity":6,"f:38:8:38:28":2,"s:39:4:39:Infinity":7,"s:42:8:43:Infinity":8,"f:42:8:42:36":3,"s:43:4:43:Infinity":9,"s:46:8:66:Infinity":10,"f:46:8:46:30":4,"s:47:4:47:Infinity":11,"s:48:4:66:Infinity":12,"f:53:7:53:12":5,"b:54:8:54:Infinity:undefined:undefined:undefined:undefined":0,"s:54:8:54:Infinity":13,"s:54:26:54:Infinity":14,"s:55:8:55:Infinity":15,"f:57:7:57:12":6,"s:58:8:58:Infinity":16,"b:58:43:58:59:58:59:58:90":1,"s:59:8:59:Infinity":17,"f:61:7:61:13":7,"s:62:8:62:Infinity":18,"b:62:43:62:60:62:60:62:86":2,"f:64:7:64:21":8,"s:65:8:65:Infinity":19,"s:69:2:100:Infinity":20,"b:72:36:72:50:72:50:72:Infinity":3,"b:73:34:73:46:73:46:73:Infinity":4,"b:90:23:90:56:90:56:90:Infinity":5}}}
,"/home/kamau/bsopt/src/frontend/src/features/options/components/VolatilitySurface3D.tsx": {"path":"/home/kamau/bsopt/src/frontend/src/features/options/components/VolatilitySurface3D.tsx","statementMap":{"0":{"start":{"line":11,"column":6},"end":{"line":39,"column":null}},"1":{"start":{"line":12,"column":8},"end":{"line":28,"column":8}},"2":{"start":{"line":13,"column":21},"end":{"line":13,"column":null}},"3":{"start":{"line":14,"column":16},"end":{"line":14,"column":67}},"4":{"start":{"line":15,"column":21},"end":{"line":15,"column":null}},"5":{"start":{"line":17,"column":4},"end":{"line":23,"column":null}},"6":{"start":{"line":17,"column":17},"end":{"line":17,"column":20}},"7":{"start":{"line":18,"column":16},"end":{"line":18,"column":null}},"8":{"start":{"line":19,"column":16},"end":{"line":19,"column":null}},"9":{"start":{"line":20,"column":26},"end":{"line":20,"column":37}},"10":{"start":{"line":21,"column":25},"end":{"line":21,"column":null}},"11":{"start":{"line":22,"column":17},"end":{"line":22,"column":null}},"12":{"start":{"line":23,"column":6},"end":{"line":23,"column":null}},"13":{"start":{"line":26,"column":4},"end":{"line":26,"column":null}},"14":{"start":{"line":27,"column":4},"end":{"line":27,"column":null}},"15":{"start":{"line":30,"column":2},"end":{"line":39,"column":null}},"16":{"start":{"line":43,"column":13},"end":{"line":67,"column":null}},"17":{"start":{"line":44,"column":8},"end":{"line":44,"column":26}},"18":{"start":{"line":46,"column":2},"end":{"line":67,"column":null}}},"fnMap":{"0":{"name":"(anonymous_0)","decl":{"start":{"line":11,"column":6},"end":{"line":11,"column":43}},"loc":{"start":{"line":11,"column":57},"end":{"line":39,"column":null}},"line":11},"1":{"name":"(anonymous_1)","decl":{"start":{"line":12,"column":19},"end":{"line":12,"column":33}},"loc":{"start":{"line":12,"column":33},"end":{"line":28,"column":7}},"line":12},"2":{"name":"(anonymous_2)","decl":{"start":{"line":43,"column":13},"end":{"line":43,"column":72}},"loc":{"start":{"line":43,"column":87},"end":{"line":67,"column":null}},"line":43}},"branchMap":{},"s":{"0":1,"1":1,"2":1,"3":1,"4":1,"5":1,"6":1,"7":1,"8":1,"9":1,"10":1,"11":1,"12":1,"13":961,"14":961,"15":961,"16":1,"17":1,"18":1},"f":{"0":1,"1":1,"2":1},"b":{},"meta":{"lastBranch":0,"lastFunction":3,"lastStatement":19,"seen":{"s:11:6:39:Infinity":0,"f:11:6:11:43":0,"s:12:8:28:8":1,"f:12:19:12:33":1,"s:13:21:13:Infinity":2,"s:14:16:14:67":3,"s:15:21:15:Infinity":4,"s:17:4:23:Infinity":5,"s:17:17:17:20":6,"s:18:16:18:Infinity":7,"s:19:16:19:Infinity":8,"s:20:26:20:37":9,"s:21:25:21:Infinity":10,"s:22:17:22:Infinity":11,"s:23:6:23:Infinity":12,"s:26:4:26:Infinity":13,"s:27:4:27:Infinity":14,"s:30:2:39:Infinity":15,"s:43:13:67:Infinity":16,"f:43:13:43:72":2,"s:44:8:44:26":17,"s:46:2:67:Infinity":18}}}
,"/home/kamau/bsopt/src/frontend/src/features/portfolio/components/PortfolioSummary.tsx": {"path":"/home/kamau/bsopt/src/frontend/src/features/portfolio/components/PortfolioSummary.tsx","statementMap":{"0":{"start":{"line":18,"column":13},"end":{"line":108,"column":null}},"1":{"start":{"line":19,"column":8},"end":{"line":19,"column":26}},"2":{"start":{"line":20,"column":27},"end":{"line":20,"column":53}},"3":{"start":{"line":22,"column":2},"end":{"line":26,"column":null}},"4":{"start":{"line":23,"column":4},"end":{"line":26,"column":null}},"5":{"start":{"line":30,"column":2},"end":{"line":34,"column":null}},"6":{"start":{"line":31,"column":4},"end":{"line":34,"column":null}},"7":{"start":{"line":38,"column":68},"end":{"line":38,"column":null}},"8":{"start":{"line":39,"column":21},"end":{"line":39,"column":null}},"9":{"start":{"line":41,"column":2},"end":{"line":108,"column":null}}},"fnMap":{"0":{"name":"(anonymous_0)","decl":{"start":{"line":18,"column":13},"end":{"line":18,"column":48}},"loc":{"start":{"line":18,"column":48},"end":{"line":108,"column":null}},"line":18}},"branchMap":{"0":{"loc":{"start":{"line":22,"column":2},"end":{"line":26,"column":null}},"type":"if","locations":[{"start":{"line":22,"column":2},"end":{"line":26,"column":null}},{"start":{},"end":{}}],"line":22},"1":{"loc":{"start":{"line":30,"column":2},"end":{"line":34,"column":null}},"type":"if","locations":[{"start":{"line":30,"column":2},"end":{"line":34,"column":null}},{"start":{},"end":{}}],"line":30},"2":{"loc":{"start":{"line":30,"column":6},"end":{"line":30,"column":24}},"type":"binary-expr","locations":[{"start":{"line":30,"column":6},"end":{"line":30,"column":17}},{"start":{"line":30,"column":17},"end":{"line":30,"column":24}}],"line":30},"3":{"loc":{"start":{"line":68,"column":15},"end":{"line":71,"column":null}},"type":"cond-expr","locations":[{"start":{"line":69,"column":16},"end":{"line":69,"column":null}},{"start":{"line":71,"column":16},"end":{"line":71,"column":null}}],"line":68},"4":{"loc":{"start":{"line":76,"column":29},"end":{"line":76,"column":97}},"type":"cond-expr","locations":[{"start":{"line":76,"column":42},"end":{"line":76,"column":71}},{"start":{"line":76,"column":71},"end":{"line":76,"column":97}}],"line":76},"5":{"loc":{"start":{"line":78,"column":17},"end":{"line":78,"column":39}},"type":"cond-expr","locations":[{"start":{"line":78,"column":30},"end":{"line":78,"column":36}},{"start":{"line":78,"column":36},"end":{"line":78,"column":39}}],"line":78},"6":{"loc":{"start":{"line":90,"column":27},"end":{"line":90,"column":95}},"type":"cond-expr","locations":[{"start":{"line":90,"column":40},"end":{"line":90,"column":69}},{"start":{"line":90,"column":69},"end":{"line":90,"column":95}}],"line":90},"7":{"loc":{"start":{"line":92,"column":15},"end":{"line":92,"column":38}},"type":"cond-expr","locations":[{"start":{"line":92,"column":28},"end":{"line":92,"column":34}},{"start":{"line":92,"column":34},"end":{"line":92,"column":38}}],"line":92}},"s":{"0":3,"1":5,"2":5,"3":5,"4":3,"5":2,"6":0,"7":2,"8":2,"9":2},"f":{"0":5},"b":{"0":[3,2],"1":[0,2],"2":[2,2],"3":[2,0],"4":[2,0],"5":[2,0],"6":[2,0],"7":[2,0]},"meta":{"lastBranch":8,"lastFunction":1,"lastStatement":10,"seen":{"s:18:13:108:Infinity":0,"f:18:13:18:48":0,"s:19:8:19:26":1,"s:20:27:20:53":2,"b:22:2:26:Infinity:undefined:undefined:undefined:undefined":0,"s:22:2:26:Infinity":3,"s:23:4:26:Infinity":4,"b:30:2:34:Infinity:undefined:undefined:undefined:undefined":1,"s:30:2:34:Infinity":5,"b:30:6:30:17:30:17:30:24":2,"s:31:4:34:Infinity":6,"s:38:68:38:Infinity":7,"s:39:21:39:Infinity":8,"s:41:2:108:Infinity":9,"b:69:16:69:Infinity:71:16:71:Infinity":3,"b:76:42:76:71:76:71:76:97":4,"b:78:30:78:36:78:36:78:39":5,"b:90:40:90:69:90:69:90:95":6,"b:92:28:92:34:92:34:92:38":7}}}
,"/home/kamau/bsopt/src/frontend/src/features/portfolio/components/PositionsSummary.tsx": {"path":"/home/kamau/bsopt/src/frontend/src/features/portfolio/components/PositionsSummary.tsx","statementMap":{"0":{"start":{"line":21,"column":6},"end":{"line":25,"column":null}},"1":{"start":{"line":22,"column":2},"end":{"line":25,"column":null}},"2":{"start":{"line":28,"column":13},"end":{"line":124,"column":null}},"3":{"start":{"line":29,"column":8},"end":{"line":29,"column":26}},"4":{"start":{"line":30,"column":27},"end":{"line":30,"column":51}},"5":{"start":{"line":32,"column":2},"end":{"line":36,"column":null}},"6":{"start":{"line":33,"column":4},"end":{"line":36,"column":null}},"7":{"start":{"line":40,"column":2},"end":{"line":44,"column":null}},"8":{"start":{"line":41,"column":4},"end":{"line":44,"column":null}},"9":{"start":{"line":48,"column":2},"end":{"line":124,"column":null}},"10":{"start":{"line":100,"column":14},"end":{"line":112,"column":null}}},"fnMap":{"0":{"name":"(anonymous_0)","decl":{"start":{"line":21,"column":6},"end":{"line":21,"column":24}},"loc":{"start":{"line":21,"column":42},"end":{"line":25,"column":null}},"line":21},"1":{"name":"(anonymous_1)","decl":{"start":{"line":28,"column":13},"end":{"line":28,"column":48}},"loc":{"start":{"line":28,"column":48},"end":{"line":124,"column":null}},"line":28},"2":{"name":"(anonymous_2)","decl":{"start":{"line":99,"column":28},"end":{"line":99,"column":33}},"loc":{"start":{"line":100,"column":14},"end":{"line":112,"column":null}},"line":100}},"branchMap":{"0":{"loc":{"start":{"line":32,"column":2},"end":{"line":36,"column":null}},"type":"if","locations":[{"start":{"line":32,"column":2},"end":{"line":36,"column":null}},{"start":{},"end":{}}],"line":32},"1":{"loc":{"start":{"line":40,"column":2},"end":{"line":44,"column":null}},"type":"if","locations":[{"start":{"line":40,"column":2},"end":{"line":44,"column":null}},{"start":{},"end":{}}],"line":40},"2":{"loc":{"start":{"line":40,"column":6},"end":{"line":40,"column":22}},"type":"binary-expr","locations":[{"start":{"line":40,"column":6},"end":{"line":40,"column":15}},{"start":{"line":40,"column":15},"end":{"line":40,"column":22}}],"line":40},"3":{"loc":{"start":{"line":106,"column":27},"end":{"line":106,"column":null}},"type":"cond-expr","locations":[{"start":{"line":106,"column":50},"end":{"line":106,"column":67}},{"start":{"line":106,"column":67},"end":{"line":106,"column":null}}],"line":106},"4":{"loc":{"start":{"line":110,"column":19},"end":{"line":110,"column":52}},"type":"cond-expr","locations":[{"start":{"line":110,"column":42},"end":{"line":110,"column":48}},{"start":{"line":110,"column":48},"end":{"line":110,"column":52}}],"line":110},"5":{"loc":{"start":{"line":114,"column":13},"end":{"line":119,"column":null}},"type":"binary-expr","locations":[{"start":{"line":114,"column":13},"end":{"line":114,"column":null}},{"start":{"line":115,"column":14},"end":{"line":119,"column":null}}],"line":114}},"s":{"0":1,"1":4,"2":1,"3":2,"4":2,"5":2,"6":1,"7":1,"8":0,"9":1,"10":2},"f":{"0":4,"1":2,"2":2},"b":{"0":[1,1],"1":[0,1],"2":[1,1],"3":[1,1],"4":[1,1],"5":[1,0]},"meta":{"lastBranch":6,"lastFunction":3,"lastStatement":11,"seen":{"s:21:6:25:Infinity":0,"f:21:6:21:24":0,"s:22:2:25:Infinity":1,"s:28:13:124:Infinity":2,"f:28:13:28:48":1,"s:29:8:29:26":3,"s:30:27:30:51":4,"b:32:2:36:Infinity:undefined:undefined:undefined:undefined":0,"s:32:2:36:Infinity":5,"s:33:4:36:Infinity":6,"b:40:2:44:Infinity:undefined:undefined:undefined:undefined":1,"s:40:2:44:Infinity":7,"b:40:6:40:15:40:15:40:22":2,"s:41:4:44:Infinity":8,"s:48:2:124:Infinity":9,"f:99:28:99:33":2,"s:100:14:112:Infinity":10,"b:106:50:106:67:106:67:106:Infinity":3,"b:110:42:110:48:110:48:110:52":4,"b:114:13:114:Infinity:115:14:119:Infinity":5}}}
,"/home/kamau/bsopt/src/frontend/src/features/portfolio/hooks/usePortfolio.ts": {"path":"/home/kamau/bsopt/src/frontend/src/features/portfolio/hooks/usePortfolio.ts","statementMap":{"0":{"start":{"line":4,"column":13},"end":{"line":15,"column":null}},"1":{"start":{"line":5,"column":2},"end":{"line":15,"column":null}},"2":{"start":{"line":8,"column":23},"end":{"line":8,"column":63}},"3":{"start":{"line":9,"column":6},"end":{"line":10,"column":null}},"4":{"start":{"line":10,"column":8},"end":{"line":10,"column":null}},"5":{"start":{"line":12,"column":6},"end":{"line":12,"column":null}}},"fnMap":{"0":{"name":"(anonymous_0)","decl":{"start":{"line":4,"column":13},"end":{"line":4,"column":34}},"loc":{"start":{"line":4,"column":34},"end":{"line":15,"column":null}},"line":4},"1":{"name":"(anonymous_1)","decl":{"start":{"line":7,"column":13},"end":{"line":7,"column":25}},"loc":{"start":{"line":7,"column":25},"end":{"line":12,"column":null}},"line":7}},"branchMap":{"0":{"loc":{"start":{"line":9,"column":6},"end":{"line":10,"column":null}},"type":"if","locations":[{"start":{"line":9,"column":6},"end":{"line":10,"column":null}},{"start":{},"end":{}}],"line":9}},"s":{"0":4,"1":7,"2":4,"3":3,"4":0,"5":3},"f":{"0":7,"1":4},"b":{"0":[0,3]},"meta":{"lastBranch":1,"lastFunction":2,"lastStatement":6,"seen":{"s:4:13:15:Infinity":0,"f:4:13:4:34":0,"s:5:2:15:Infinity":1,"f:7:13:7:25":1,"s:8:23:8:63":2,"b:9:6:10:Infinity:undefined:undefined:undefined:undefined":0,"s:9:6:10:Infinity":3,"s:10:8:10:Infinity":4,"s:12:6:12:Infinity":5}}}
,"/home/kamau/bsopt/src/frontend/src/features/portfolio/types/index.ts": {"path":"/home/kamau/bsopt/src/frontend/src/features/portfolio/types/index.ts","statementMap":{},"fnMap":{},"branchMap":{},"s":{},"f":{},"b":{},"meta":{"lastBranch":0,"lastFunction":0,"lastStatement":0,"seen":{}}}
,"/home/kamau/bsopt/src/frontend/src/hooks/useWebSocket.ts": {"path":"/home/kamau/bsopt/src/frontend/src/hooks/useWebSocket.ts","statementMap":{"0":{"start":{"line":11,"column":15},"end":{"line":11,"column":50}},"1":{"start":{"line":12,"column":22},"end":{"line":12,"column":55}},"2":{"start":{"line":13,"column":8},"end":{"line":13,"column":46}},"3":{"start":{"line":15,"column":2},"end":{"line":54,"column":null}},"4":{"start":{"line":16,"column":4},"end":{"line":17,"column":null}},"5":{"start":{"line":17,"column":6},"end":{"line":17,"column":null}},"6":{"start":{"line":20,"column":10},"end":{"line":45,"column":null}},"7":{"start":{"line":21,"column":17},"end":{"line":21,"column":43}},"8":{"start":{"line":22,"column":6},"end":{"line":22,"column":null}},"9":{"start":{"line":24,"column":6},"end":{"line":28,"column":null}},"10":{"start":{"line":25,"column":8},"end":{"line":25,"column":null}},"11":{"start":{"line":26,"column":8},"end":{"line":26,"column":null}},"12":{"start":{"line":28,"column":8},"end":{"line":28,"column":null}},"13":{"start":{"line":31,"column":6},"end":{"line":33,"column":null}},"14":{"start":{"line":32,"column":30},"end":{"line":32,"column":52}},"15":{"start":{"line":33,"column":8},"end":{"line":33,"column":null}},"16":{"start":{"line":36,"column":6},"end":{"line":40,"column":null}},"17":{"start":{"line":37,"column":8},"end":{"line":37,"column":null}},"18":{"start":{"line":38,"column":8},"end":{"line":38,"column":null}},"19":{"start":{"line":40,"column":8},"end":{"line":40,"column":null}},"20":{"start":{"line":43,"column":6},"end":{"line":45,"column":null}},"21":{"start":{"line":44,"column":8},"end":{"line":44,"column":null}},"22":{"start":{"line":45,"column":8},"end":{"line":45,"column":null}},"23":{"start":{"line":49,"column":4},"end":{"line":49,"column":null}},"24":{"start":{"line":51,"column":4},"end":{"line":52,"column":null}},"25":{"start":{"line":52,"column":6},"end":{"line":52,"column":null}},"26":{"start":{"line":56,"column":2},"end":{"line":56,"column":null}}},"fnMap":{"0":{"name":"useWebSocket","decl":{"start":{"line":10,"column":16},"end":{"line":10,"column":32}},"loc":{"start":{"line":10,"column":63},"end":{"line":56,"column":null}},"line":10},"1":{"name":"(anonymous_1)","decl":{"start":{"line":15,"column":2},"end":{"line":15,"column":18}},"loc":{"start":{"line":15,"column":18},"end":{"line":54,"column":6}},"line":15},"2":{"name":"(anonymous_2)","decl":{"start":{"line":20,"column":10},"end":{"line":20,"column":26}},"loc":{"start":{"line":20,"column":26},"end":{"line":45,"column":null}},"line":20},"3":{"name":"(anonymous_3)","decl":{"start":{"line":24,"column":9},"end":{"line":24,"column":24}},"loc":{"start":{"line":24,"column":24},"end":{"line":28,"column":null}},"line":24},"4":{"name":"(anonymous_4)","decl":{"start":{"line":31,"column":9},"end":{"line":31,"column":22}},"loc":{"start":{"line":31,"column":32},"end":{"line":33,"column":null}},"line":31},"5":{"name":"(anonymous_5)","decl":{"start":{"line":36,"column":9},"end":{"line":36,"column":25}},"loc":{"start":{"line":36,"column":25},"end":{"line":40,"column":null}},"line":36},"6":{"name":"(anonymous_6)","decl":{"start":{"line":43,"column":9},"end":{"line":43,"column":20}},"loc":{"start":{"line":43,"column":30},"end":{"line":45,"column":null}},"line":43},"7":{"name":"(anonymous_7)","decl":{"start":{"line":51,"column":4},"end":{"line":51,"column":17}},"loc":{"start":{"line":51,"column":17},"end":{"line":52,"column":null}},"line":51}},"branchMap":{"0":{"loc":{"start":{"line":16,"column":4},"end":{"line":17,"column":null}},"type":"if","locations":[{"start":{"line":16,"column":4},"end":{"line":17,"column":null}},{"start":{},"end":{}}],"line":16}},"s":{"0":32,"1":32,"2":32,"3":32,"4":30,"5":1,"6":29,"7":29,"8":29,"9":29,"10":18,"11":18,"12":18,"13":29,"14":17,"15":17,"16":29,"17":29,"18":29,"19":29,"20":29,"21":11,"22":11,"23":29,"24":29,"25":29,"26":32},"f":{"0":32,"1":30,"2":29,"3":18,"4":17,"5":29,"6":11,"7":29},"b":{"0":[1,29]},"meta":{"lastBranch":1,"lastFunction":8,"lastStatement":27,"seen":{"f:10:16:10:32":0,"s:11:15:11:50":0,"s:12:22:12:55":1,"s:13:8:13:46":2,"s:15:2:54:Infinity":3,"f:15:2:15:18":1,"b:16:4:17:Infinity:undefined:undefined:undefined:undefined":0,"s:16:4:17:Infinity":4,"s:17:6:17:Infinity":5,"s:20:10:45:Infinity":6,"f:20:10:20:26":2,"s:21:17:21:43":7,"s:22:6:22:Infinity":8,"s:24:6:28:Infinity":9,"f:24:9:24:24":3,"s:25:8:25:Infinity":10,"s:26:8:26:Infinity":11,"s:28:8:28:Infinity":12,"s:31:6:33:Infinity":13,"f:31:9:31:22":4,"s:32:30:32:52":14,"s:33:8:33:Infinity":15,"s:36:6:40:Infinity":16,"f:36:9:36:25":5,"s:37:8:37:Infinity":17,"s:38:8:38:Infinity":18,"s:40:8:40:Infinity":19,"s:43:6:45:Infinity":20,"f:43:9:43:20":6,"s:44:8:44:Infinity":21,"s:45:8:45:Infinity":22,"s:49:4:49:Infinity":23,"s:51:4:52:Infinity":24,"f:51:4:51:17":7,"s:52:6:52:Infinity":25,"s:56:2:56:Infinity":26}}}
,"/home/kamau/bsopt/src/frontend/src/theme/ThemeProvider.tsx": {"path":"/home/kamau/bsopt/src/frontend/src/theme/ThemeProvider.tsx","statementMap":{"0":{"start":{"line":13,"column":2},"end":{"line":17,"column":null}},"1":{"start":{"line":22,"column":2},"end":{"line":22,"column":null}}},"fnMap":{"0":{"name":"ThemeProvider","decl":{"start":{"line":12,"column":16},"end":{"line":12,"column":30}},"loc":{"start":{"line":12,"column":64},"end":{"line":17,"column":null}},"line":12},"1":{"name":"useTheme","decl":{"start":{"line":21,"column":16},"end":{"line":21,"column":27}},"loc":{"start":{"line":21,"column":27},"end":{"line":22,"column":null}},"line":21}},"branchMap":{},"s":{"0":1,"1":0},"f":{"0":1,"1":0},"b":{},"meta":{"lastBranch":0,"lastFunction":2,"lastStatement":2,"seen":{"f:12:16:12:30":0,"s:13:2:17:Infinity":0,"f:21:16:21:27":1,"s:22:2:22:Infinity":1}}}
,"/home/kamau/bsopt/src/frontend/src/theme/index.ts": {"path":"/home/kamau/bsopt/src/frontend/src/theme/index.ts","statementMap":{"0":{"start":{"line":10,"column":16},"end":{"line":84,"column":null}},"1":{"start":{"line":90,"column":19},"end":{"line":176,"column":null}},"2":{"start":{"line":182,"column":19},"end":{"line":394,"column":null}},"3":{"start":{"line":400,"column":25},"end":{"line":408,"column":null}},"4":{"start":{"line":414,"column":14},"end":{"line":415,"column":null}},"5":{"start":{"line":422,"column":16},"end":{"line":422,"column":null}},"6":{"start":{"line":428,"column":13},"end":{"line":435,"column":18}}},"fnMap":{},"branchMap":{},"s":{"0":9,"1":9,"2":9,"3":9,"4":9,"5":9,"6":9},"f":{},"b":{},"meta":{"lastBranch":0,"lastFunction":0,"lastStatement":7,"seen":{"s:10:16:84:Infinity":0,"s:90:19:176:Infinity":1,"s:182:19:394:Infinity":2,"s:400:25:408:Infinity":3,"s:414:14:415:Infinity":4,"s:422:16:422:Infinity":5,"s:428:13:435:18":6}}}
}
