<?xml version="1.0" encoding="UTF-8"?>
<coverage generated="1770632916570" clover="3.2.0">
  <project timestamp="1770632916571" name="All files">
    <metrics statements="16" coveredstatements="11" conditionals="8" coveredconditionals="5" methods="3" coveredmethods="2" elements="27" coveredelements="18" complexity="0" loc="16" ncloc="16" packages="1" files="2" classes="2"/>
    <file name="auth.ts" path="/home/kamau/bsopt/src/auth-service/src/auth.ts">
      <metrics statements="1" coveredstatements="1" conditionals="0" coveredconditionals="0" methods="0" coveredmethods="0"/>
      <line num="6" count="1" type="stmt"/>
    </file>
    <file name="index.ts" path="/home/kamau/bsopt/src/auth-service/src/index.ts">
      <metrics statements="15" coveredstatements="10" conditionals="8" coveredconditionals="5" methods="3" coveredmethods="2"/>
      <line num="6" count="1" type="stmt"/>
      <line num="9" count="1" type="stmt"/>
      <line num="12" count="1" type="stmt"/>
      <line num="13" count="0" type="stmt"/>
      <line num="14" count="0" type="stmt"/>
      <line num="18" count="1" type="stmt"/>
      <line num="20" count="2" type="cond" truecount="4" falsecount="0"/>
      <line num="21" count="1" type="stmt"/>
      <line num="22" count="1" type="stmt"/>
      <line num="23" count="1" type="stmt"/>
      <line num="26" count="1" type="stmt"/>
      <line num="29" count="1" type="cond" truecount="1" falsecount="1"/>
      <line num="30" count="0" type="cond" truecount="0" falsecount="2"/>
      <line num="31" count="0" type="stmt"/>
      <line num="33" count="0" type="stmt"/>
    </file>
  </project>
</coverage>
