{"/home/kamau/bsopt/src/auth-service/src/auth.ts": {"path":"/home/kamau/bsopt/src/auth-service/src/auth.ts","statementMap":{"0":{"start":{"line":6,"column":13},"end":{"line":15,"column":null}}},"fnMap":{},"branchMap":{},"s":{"0":1},"f":{},"b":{},"meta":{"lastBranch":0,"lastFunction":0,"lastStatement":1,"seen":{"s:6:13:15:Infinity":0}}}
,"/home/kamau/bsopt/src/auth-service/src/index.ts": {"path":"/home/kamau/bsopt/src/auth-service/src/index.ts","statementMap":{"0":{"start":{"line":6,"column":19},"end":{"line":6,"column":null}},"1":{"start":{"line":9,"column":0},"end":{"line":9,"column":null}},"2":{"start":{"line":9,"column":20},"end":{"line":9,"column":60}},"3":{"start":{"line":12,"column":0},"end":{"line":15,"column":null}},"4":{"start":{"line":13,"column":26},"end":{"line":13,"column":null}},"5":{"start":{"line":14,"column":4},"end":{"line":14,"column":null}},"6":{"start":{"line":18,"column":0},"end":{"line":27,"column":null}},"7":{"start":{"line":20,"column":2},"end":{"line":24,"column":null}},"8":{"start":{"line":21,"column":16},"end":{"line":21,"column":null}},"9":{"start":{"line":22,"column":4},"end":{"line":22,"column":null}},"10":{"start":{"line":23,"column":4},"end":{"line":23,"column":null}},"11":{"start":{"line":26,"column":2},"end":{"line":26,"column":null}},"12":{"start":{"line":29,"column":0},"end":{"line":37,"column":null}},"13":{"start":{"line":30,"column":15},"end":{"line":30,"column":null}},"14":{"start":{"line":31,"column":2},"end":{"line":31,"column":null}},"15":{"start":{"line":33,"column":2},"end":{"line":36,"column":null}}},"fnMap":{"0":{"name":"(anonymous_0)","decl":{"start":{"line":9,"column":13},"end":{"line":9,"column":14}},"loc":{"start":{"line":9,"column":20},"end":{"line":9,"column":60}},"line":9},"1":{"name":"(anonymous_1)","decl":{"start":{"line":12,"column":25},"end":{"line":12,"column":32}},"loc":{"start":{"line":12,"column":38},"end":{"line":15,"column":1}},"line":12},"2":{"name":"(anonymous_2)","decl":{"start":{"line":18,"column":23},"end":{"line":18,"column":30}},"loc":{"start":{"line":18,"column":36},"end":{"line":27,"column":1}},"line":18}},"branchMap":{"0":{"loc":{"start":{"line":20,"column":2},"end":{"line":24,"column":null}},"type":"if","locations":[{"start":{"line":20,"column":2},"end":{"line":24,"column":null}},{"start":{},"end":{}}],"line":20},"1":{"loc":{"start":{"line":20,"column":6},"end":{"line":20,"column":67}},"type":"binary-expr","locations":[{"start":{"line":20,"column":6},"end":{"line":20,"column":42}},{"start":{"line":20,"column":42},"end":{"line":20,"column":67}}],"line":20},"2":{"loc":{"start":{"line":29,"column":0},"end":{"line":37,"column":null}},"type":"if","locations":[{"start":{"line":29,"column":0},"end":{"line":37,"column":null}},{"start":{},"end":{}}],"line":29},"3":{"loc":{"start":{"line":30,"column":15},"end":{"line":30,"column":null}},"type":"binary-expr","locations":[{"start":{"line":30,"column":15},"end":{"line":30,"column":43}},{"start":{"line":30,"column":43},"end":{"line":30,"column":null}}],"line":30}},"s":{"0":1,"1":1,"2":1,"3":1,"4":0,"5":0,"6":1,"7":2,"8":1,"9":1,"10":1,"11":1,"12":1,"13":0,"14":0,"15":0},"f":{"0":1,"1":0,"2":2},"b":{"0":[1,1],"1":[2,1],"2":[0,1],"3":[0,0]},"meta":{"lastBranch":4,"lastFunction":3,"lastStatement":16,"seen":{"s:6:19:6:Infinity":0,"s:9:0:9:Infinity":1,"f:9:13:9:14":0,"s:9:20:9:60":2,"s:12:0:15:Infinity":3,"f:12:25:12:32":1,"s:13:26:13:Infinity":4,"s:14:4:14:Infinity":5,"s:18:0:27:Infinity":6,"f:18:23:18:30":2,"b:20:2:24:Infinity:undefined:undefined:undefined:undefined":0,"s:20:2:24:Infinity":7,"b:20:6:20:42:20:42:20:67":1,"s:21:16:21:Infinity":8,"s:22:4:22:Infinity":9,"s:23:4:23:Infinity":10,"s:26:2:26:Infinity":11,"b:29:0:37:Infinity:undefined:undefined:undefined:undefined":2,"s:29:0:37:Infinity":12,"s:30:15:30:Infinity":13,"b:30:15:30:43:30:43:30:Infinity":3,"s:31:2:31:Infinity":14,"s:33:2:36:Infinity":15}}}
}
