{"/app/src/auth.ts": {"path":"/app/src/auth.ts","statementMap":{"0":{"start":{"line":4,"column":0},"end":{"line":4,"column":null}},"1":{"start":{"line":7,"column":0},"end":{"line":9,"column":null}},"2":{"start":{"line":8,"column":4},"end":{"line":8,"column":null}},"3":{"start":{"line":11,"column":0},"end":{"line":13,"column":null}},"4":{"start":{"line":12,"column":4},"end":{"line":12,"column":null}},"5":{"start":{"line":15,"column":13},"end":{"line":56,"column":null}}},"fnMap":{},"branchMap":{"0":{"loc":{"start":{"line":7,"column":0},"end":{"line":9,"column":null}},"type":"if","locations":[{"start":{"line":7,"column":0},"end":{"line":9,"column":null}},{"start":{},"end":{}}],"line":7},"1":{"loc":{"start":{"line":11,"column":0},"end":{"line":13,"column":null}},"type":"if","locations":[{"start":{"line":11,"column":0},"end":{"line":13,"column":null}},{"start":{},"end":{}}],"line":11},"2":{"loc":{"start":{"line":11,"column":4},"end":{"line":11,"column":78}},"type":"binary-expr","locations":[{"start":{"line":11,"column":4},"end":{"line":11,"column":39}},{"start":{"line":11,"column":39},"end":{"line":11,"column":78}}],"line":11},"3":{"loc":{"start":{"line":17,"column":27},"end":{"line":17,"column":59}},"type":"binary-expr","locations":[{"start":{"line":17,"column":27},"end":{"line":17,"column":55}},{"start":{"line":17,"column":55},"end":{"line":17,"column":59}}],"line":17},"4":{"loc":{"start":{"line":19,"column":12},"end":{"line":19,"column":null}},"type":"binary-expr","locations":[{"start":{"line":19,"column":12},"end":{"line":19,"column":46}},{"start":{"line":19,"column":46},"end":{"line":19,"column":null}}],"line":19}},"s":{"0":7,"1":7,"2":1,"3":6,"4":1,"5":5},"f":{},"b":{"0":[1,6],"1":[1,5],"2":[6,2],"3":[5,0],"4":[7,1]},"meta":{"lastBranch":5,"lastFunction":0,"lastStatement":6,"seen":{"s:4:0:4:Infinity":0,"b:7:0:9:Infinity:undefined:undefined:undefined:undefined":0,"s:7:0:9:Infinity":1,"s:8:4:8:Infinity":2,"b:11:0:13:Infinity:undefined:undefined:undefined:undefined":1,"s:11:0:13:Infinity":3,"b:11:4:11:39:11:39:11:78":2,"s:12:4:12:Infinity":4,"s:15:13:56:Infinity":5,"b:17:27:17:55:17:55:17:59":3,"b:19:12:19:46:19:46:19:Infinity":4}}}
,"/app/src/db.ts": {"path":"/app/src/db.ts","statementMap":{"0":{"start":{"line":3,"column":0},"end":{"line":3,"column":null}},"1":{"start":{"line":5,"column":15},"end":{"line":5,"column":null}},"2":{"start":{"line":6,"column":25},"end":{"line":6,"column":null}},"3":{"start":{"line":8,"column":20},"end":{"line":10,"column":null}}},"fnMap":{},"branchMap":{"0":{"loc":{"start":{"line":5,"column":15},"end":{"line":5,"column":null}},"type":"binary-expr","locations":[{"start":{"line":5,"column":15},"end":{"line":5,"column":43}},{"start":{"line":5,"column":43},"end":{"line":5,"column":null}}],"line":5}},"s":{"0":4,"1":4,"2":4,"3":4},"f":{},"b":{"0":[4,1]},"meta":{"lastBranch":1,"lastFunction":0,"lastStatement":4,"seen":{"s:3:0:3:Infinity":0,"s:5:15:5:Infinity":1,"b:5:15:5:43:5:43:5:Infinity":0,"s:6:25:6:Infinity":2,"s:8:20:10:Infinity":3}}}
,"/app/src/index.ts": {"path":"/app/src/index.ts","statementMap":{"0":{"start":{"line":9,"column":19},"end":{"line":9,"column":null}},"1":{"start":{"line":12,"column":0},"end":{"line":12,"column":null}},"2":{"start":{"line":13,"column":0},"end":{"line":13,"column":null}},"3":{"start":{"line":14,"column":0},"end":{"line":21,"column":null}},"4":{"start":{"line":24,"column":21},"end":{"line":24,"column":null}},"5":{"start":{"line":26,"column":0},"end":{"line":47,"column":null}},"6":{"start":{"line":27,"column":13},"end":{"line":27,"column":null}},"7":{"start":{"line":28,"column":14},"end":{"line":28,"column":null}},"8":{"start":{"line":29,"column":16},"end":{"line":29,"column":null}},"9":{"start":{"line":30,"column":17},"end":{"line":30,"column":null}},"10":{"start":{"line":32,"column":17},"end":{"line":32,"column":null}},"11":{"start":{"line":34,"column":2},"end":{"line":37,"column":null}},"12":{"start":{"line":35,"column":4},"end":{"line":35,"column":null}},"13":{"start":{"line":36,"column":4},"end":{"line":36,"column":null}},"14":{"start":{"line":39,"column":2},"end":{"line":39,"column":null}},"15":{"start":{"line":40,"column":2},"end":{"line":40,"column":null}},"16":{"start":{"line":42,"column":2},"end":{"line":44,"column":null}},"17":{"start":{"line":43,"column":4},"end":{"line":43,"column":null}},"18":{"start":{"line":46,"column":2},"end":{"line":46,"column":null}},"19":{"start":{"line":50,"column":0},"end":{"line":50,"column":null}},"20":{"start":{"line":50,"column":20},"end":{"line":50,"column":58}},"21":{"start":{"line":53,"column":0},"end":{"line":56,"column":null}},"22":{"start":{"line":54,"column":24},"end":{"line":54,"column":null}},"23":{"start":{"line":55,"column":2},"end":{"line":55,"column":null}},"24":{"start":{"line":59,"column":0},"end":{"line":68,"column":null}},"25":{"start":{"line":61,"column":2},"end":{"line":65,"column":null}},"26":{"start":{"line":62,"column":16},"end":{"line":62,"column":null}},"27":{"start":{"line":63,"column":4},"end":{"line":63,"column":null}},"28":{"start":{"line":64,"column":4},"end":{"line":64,"column":null}},"29":{"start":{"line":67,"column":2},"end":{"line":67,"column":null}},"30":{"start":{"line":70,"column":0},"end":{"line":78,"column":null}},"31":{"start":{"line":71,"column":15},"end":{"line":71,"column":null}},"32":{"start":{"line":72,"column":2},"end":{"line":72,"column":null}},"33":{"start":{"line":74,"column":2},"end":{"line":77,"column":null}}},"fnMap":{"0":{"name":"(anonymous_0)","decl":{"start":{"line":26,"column":23},"end":{"line":26,"column":30}},"loc":{"start":{"line":26,"column":42},"end":{"line":47,"column":1}},"line":26},"1":{"name":"(anonymous_1)","decl":{"start":{"line":50,"column":13},"end":{"line":50,"column":14}},"loc":{"start":{"line":50,"column":20},"end":{"line":50,"column":58}},"line":50},"2":{"name":"(anonymous_2)","decl":{"start":{"line":53,"column":25},"end":{"line":53,"column":32}},"loc":{"start":{"line":53,"column":38},"end":{"line":56,"column":1}},"line":53},"3":{"name":"(anonymous_3)","decl":{"start":{"line":59,"column":23},"end":{"line":59,"column":30}},"loc":{"start":{"line":59,"column":36},"end":{"line":68,"column":1}},"line":59}},"branchMap":{"0":{"loc":{"start":{"line":15,"column":10},"end":{"line":15,"column":null}},"type":"binary-expr","locations":[{"start":{"line":15,"column":10},"end":{"line":15,"column":37}},{"start":{"line":15,"column":37},"end":{"line":15,"column":null}}],"line":15},"1":{"loc":{"start":{"line":27,"column":13},"end":{"line":27,"column":null}},"type":"binary-expr","locations":[{"start":{"line":27,"column":13},"end":{"line":27,"column":48}},{"start":{"line":27,"column":48},"end":{"line":27,"column":null}}],"line":27},"2":{"loc":{"start":{"line":32,"column":17},"end":{"line":32,"column":null}},"type":"binary-expr","locations":[{"start":{"line":32,"column":17},"end":{"line":32,"column":41}},{"start":{"line":32,"column":41},"end":{"line":32,"column":null}}],"line":32},"3":{"loc":{"start":{"line":34,"column":2},"end":{"line":37,"column":null}},"type":"if","locations":[{"start":{"line":34,"column":2},"end":{"line":37,"column":null}},{"start":{},"end":{}}],"line":34},"4":{"loc":{"start":{"line":42,"column":2},"end":{"line":44,"column":null}},"type":"if","locations":[{"start":{"line":42,"column":2},"end":{"line":44,"column":null}},{"start":{},"end":{}}],"line":42},"5":{"loc":{"start":{"line":61,"column":2},"end":{"line":65,"column":null}},"type":"if","locations":[{"start":{"line":61,"column":2},"end":{"line":65,"column":null}},{"start":{},"end":{}}],"line":61},"6":{"loc":{"start":{"line":61,"column":6},"end":{"line":61,"column":67}},"type":"binary-expr","locations":[{"start":{"line":61,"column":6},"end":{"line":61,"column":42}},{"start":{"line":61,"column":42},"end":{"line":61,"column":67}}],"line":61},"7":{"loc":{"start":{"line":70,"column":0},"end":{"line":78,"column":null}},"type":"if","locations":[{"start":{"line":70,"column":0},"end":{"line":78,"column":null}},{"start":{},"end":{}}],"line":70},"8":{"loc":{"start":{"line":71,"column":15},"end":{"line":71,"column":null}},"type":"binary-expr","locations":[{"start":{"line":71,"column":15},"end":{"line":71,"column":43}},{"start":{"line":71,"column":43},"end":{"line":71,"column":null}}],"line":71}},"s":{"0":4,"1":4,"2":4,"3":4,"4":4,"5":4,"6":18,"7":18,"8":18,"9":18,"10":18,"11":18,"12":1,"13":1,"14":18,"15":18,"16":18,"17":1,"18":17,"19":4,"20":2,"21":4,"22":1,"23":1,"24":4,"25":17,"26":1,"27":1,"28":1,"29":16,"30":4,"31":2,"32":2,"33":2},"f":{"0":18,"1":2,"2":1,"3":17},"b":{"0":[4,4],"1":[18,1],"2":[18,7],"3":[1,17],"4":[1,17],"5":[1,16],"6":[17,1],"7":[2,2],"8":[2,1]},"meta":{"lastBranch":9,"lastFunction":4,"lastStatement":34,"seen":{"s:9:19:9:Infinity":0,"s:12:0:12:Infinity":1,"s:13:0:13:Infinity":2,"s:14:0:21:Infinity":3,"b:15:10:15:37:15:37:15:Infinity":0,"s:24:21:24:Infinity":4,"s:26:0:47:Infinity":5,"f:26:23:26:30":0,"s:27:13:27:Infinity":6,"b:27:13:27:48:27:48:27:Infinity":1,"s:28:14:28:Infinity":7,"s:29:16:29:Infinity":8,"s:30:17:30:Infinity":9,"s:32:17:32:Infinity":10,"b:32:17:32:41:32:41:32:Infinity":2,"b:34:2:37:Infinity:undefined:undefined:undefined:undefined":3,"s:34:2:37:Infinity":11,"s:35:4:35:Infinity":12,"s:36:4:36:Infinity":13,"s:39:2:39:Infinity":14,"s:40:2:40:Infinity":15,"b:42:2:44:Infinity:undefined:undefined:undefined:undefined":4,"s:42:2:44:Infinity":16,"s:43:4:43:Infinity":17,"s:46:2:46:Infinity":18,"s:50:0:50:Infinity":19,"f:50:13:50:14":1,"s:50:20:50:58":20,"s:53:0:56:Infinity":21,"f:53:25:53:32":2,"s:54:24:54:Infinity":22,"s:55:2:55:Infinity":23,"s:59:0:68:Infinity":24,"f:59:23:59:30":3,"b:61:2:65:Infinity:undefined:undefined:undefined:undefined":5,"s:61:2:65:Infinity":25,"b:61:6:61:42:61:42:61:67":6,"s:62:16:62:Infinity":26,"s:63:4:63:Infinity":27,"s:64:4:64:Infinity":28,"s:67:2:67:Infinity":29,"b:70:0:78:Infinity:undefined:undefined:undefined:undefined":7,"s:70:0:78:Infinity":30,"s:71:15:71:Infinity":31,"b:71:15:71:43:71:43:71:Infinity":8,"s:72:2:72:Infinity":32,"s:74:2:77:Infinity":33}}}
}
